<?xml version="1.0" ?>
<!DOCTYPE report
  PUBLIC '-//JACOCO//DTD Report 1.1//EN'
  'report.dtd'>
<report name="rocketmq-tiered-store 5.1.1-SNAPSHOT">
  <sessioninfo id="e27a2b3504c1-68a75824" start="1717395904203" dump="1717395906223"/>
  <sessioninfo id="e27a2b3504c1-2e8c36c8" start="1717395915183" dump="1717395917138"/>
  <package name="org/apache/rocketmq/tieredstore/metadata">
    <class name="org/apache/rocketmq/tieredstore/metadata/TieredMetadataStore" sourcefilename="TieredMetadataStore.java"/>
    <class name="org/apache/rocketmq/tieredstore/metadata/TieredMetadataManager" sourcefilename="TieredMetadataManager.java">
      <method name="&lt;init&gt;" desc="(Lorg/apache/rocketmq/tieredstore/common/TieredMessageStoreConfig;)V" line="34">
        <counter type="INSTRUCTION" missed="0" covered="45"/>
        <counter type="LINE" missed="0" covered="10"/>
        <counter type="COMPLEXITY" missed="0" covered="1"/>
        <counter type="METHOD" missed="0" covered="1"/>
      </method>
      <method name="encode" desc="()Ljava/lang/String;" line="49">
        <counter type="INSTRUCTION" missed="4" covered="0"/>
        <counter type="LINE" missed="1" covered="0"/>
        <counter type="COMPLEXITY" missed="1" covered="0"/>
        <counter type="METHOD" missed="1" covered="0"/>
      </method>
      <method name="encode" desc="(Z)Ljava/lang/String;" line="54">
        <counter type="INSTRUCTION" missed="0" covered="64"/>
        <counter type="BRANCH" missed="1" covered="1"/>
        <counter type="LINE" missed="0" covered="10"/>
        <counter type="COMPLEXITY" missed="1" covered="1"/>
        <counter type="METHOD" missed="0" covered="1"/>
      </method>
      <method name="configFilePath" desc="()Ljava/lang/String;" line="69">
        <counter type="INSTRUCTION" missed="0" covered="17"/>
        <counter type="LINE" missed="0" covered="1"/>
        <counter type="COMPLEXITY" missed="0" covered="1"/>
        <counter type="METHOD" missed="0" covered="1"/>
      </method>
      <method name="decode" desc="(Ljava/lang/String;)V" line="74">
        <counter type="INSTRUCTION" missed="41" covered="0"/>
        <counter type="BRANCH" missed="4" covered="0"/>
        <counter type="LINE" missed="15" covered="0"/>
        <counter type="COMPLEXITY" missed="3" covered="0"/>
        <counter type="METHOD" missed="1" covered="0"/>
      </method>
      <method name="setMaxTopicId" desc="(I)V" line="94">
        <counter type="INSTRUCTION" missed="5" covered="0"/>
        <counter type="LINE" missed="2" covered="0"/>
        <counter type="COMPLEXITY" missed="1" covered="0"/>
        <counter type="METHOD" missed="1" covered="0"/>
      </method>
      <method name="getTopic" desc="(Ljava/lang/String;)Lorg/apache/rocketmq/tieredstore/metadata/TopicMetadata;" line="100">
        <counter type="INSTRUCTION" missed="0" covered="6"/>
        <counter type="LINE" missed="0" covered="1"/>
        <counter type="COMPLEXITY" missed="0" covered="1"/>
        <counter type="METHOD" missed="0" covered="1"/>
      </method>
      <method name="iterateTopic" desc="(Ljava/util/function/Consumer;)V" line="105">
        <counter type="INSTRUCTION" missed="6" covered="0"/>
        <counter type="LINE" missed="2" covered="0"/>
        <counter type="COMPLEXITY" missed="1" covered="0"/>
        <counter type="METHOD" missed="1" covered="0"/>
      </method>
      <method name="addTopic" desc="(Ljava/lang/String;J)Lorg/apache/rocketmq/tieredstore/metadata/TopicMetadata;" line="110">
        <counter type="INSTRUCTION" missed="2" covered="25"/>
        <counter type="BRANCH" missed="1" covered="1"/>
        <counter type="LINE" missed="1" covered="6"/>
        <counter type="COMPLEXITY" missed="1" covered="1"/>
        <counter type="METHOD" missed="0" covered="1"/>
      </method>
      <method name="updateTopicReserveTime" desc="(Ljava/lang/String;J)V" line="122">
        <counter type="INSTRUCTION" missed="16" covered="0"/>
        <counter type="BRANCH" missed="2" covered="0"/>
        <counter type="LINE" missed="7" covered="0"/>
        <counter type="COMPLEXITY" missed="2" covered="0"/>
        <counter type="METHOD" missed="1" covered="0"/>
      </method>
      <method name="updateTopicStatus" desc="(Ljava/lang/String;I)V" line="133">
        <counter type="INSTRUCTION" missed="16" covered="0"/>
        <counter type="BRANCH" missed="2" covered="0"/>
        <counter type="LINE" missed="7" covered="0"/>
        <counter type="COMPLEXITY" missed="2" covered="0"/>
        <counter type="METHOD" missed="1" covered="0"/>
      </method>
      <method name="deleteTopic" desc="(Ljava/lang/String;)V" line="144">
        <counter type="INSTRUCTION" missed="8" covered="0"/>
        <counter type="LINE" missed="3" covered="0"/>
        <counter type="COMPLEXITY" missed="1" covered="0"/>
        <counter type="METHOD" missed="1" covered="0"/>
      </method>
      <method name="getQueue" desc="(Lorg/apache/rocketmq/common/message/MessageQueue;)Lorg/apache/rocketmq/tieredstore/metadata/QueueMetadata;" line="151">
        <counter type="INSTRUCTION" missed="12" covered="8"/>
        <counter type="BRANCH" missed="1" covered="1"/>
        <counter type="LINE" missed="2" covered="2"/>
        <counter type="COMPLEXITY" missed="1" covered="1"/>
        <counter type="METHOD" missed="0" covered="1"/>
      </method>
      <method name="iterateQueue" desc="(Ljava/lang/String;Ljava/util/function/Consumer;)V" line="160">
        <counter type="INSTRUCTION" missed="9" covered="0"/>
        <counter type="LINE" missed="4" covered="0"/>
        <counter type="COMPLEXITY" missed="1" covered="0"/>
        <counter type="METHOD" missed="1" covered="0"/>
      </method>
      <method name="addQueue" desc="(Lorg/apache/rocketmq/common/message/MessageQueue;J)Lorg/apache/rocketmq/tieredstore/metadata/QueueMetadata;" line="167">
        <counter type="INSTRUCTION" missed="2" covered="30"/>
        <counter type="BRANCH" missed="1" covered="1"/>
        <counter type="LINE" missed="1" covered="7"/>
        <counter type="COMPLEXITY" missed="1" covered="1"/>
        <counter type="METHOD" missed="0" covered="1"/>
      </method>
      <method name="updateQueue" desc="(Lorg/apache/rocketmq/tieredstore/metadata/QueueMetadata;)V" line="180">
        <counter type="INSTRUCTION" missed="35" covered="0"/>
        <counter type="BRANCH" missed="4" covered="0"/>
        <counter type="LINE" missed="8" covered="0"/>
        <counter type="COMPLEXITY" missed="3" covered="0"/>
        <counter type="METHOD" missed="1" covered="0"/>
      </method>
      <method name="deleteQueue" desc="(Lorg/apache/rocketmq/common/message/MessageQueue;)V" line="193">
        <counter type="INSTRUCTION" missed="0" covered="20"/>
        <counter type="BRANCH" missed="1" covered="1"/>
        <counter type="LINE" missed="0" covered="5"/>
        <counter type="COMPLEXITY" missed="1" covered="1"/>
        <counter type="METHOD" missed="0" covered="1"/>
      </method>
      <method name="getFileSegment" desc="(Lorg/apache/rocketmq/tieredstore/provider/TieredFileSegment;)Lorg/apache/rocketmq/tieredstore/metadata/FileSegmentMetadata;" line="203">
        <counter type="INSTRUCTION" missed="62" covered="0"/>
        <counter type="BRANCH" missed="10" covered="0"/>
        <counter type="LINE" missed="11" covered="0"/>
        <counter type="COMPLEXITY" missed="7" covered="0"/>
        <counter type="METHOD" missed="1" covered="0"/>
      </method>
      <method name="iterateFileSegment" desc="(Ljava/util/function/Consumer;)V" line="228">
        <counter type="INSTRUCTION" missed="16" covered="0"/>
        <counter type="LINE" missed="4" covered="0"/>
        <counter type="COMPLEXITY" missed="1" covered="0"/>
        <counter type="METHOD" missed="1" covered="0"/>
      </method>
      <method name="iterateFileSegment" desc="(Lorg/apache/rocketmq/tieredstore/provider/TieredFileSegment$FileSegmentType;Ljava/lang/String;ILjava/util/function/Consumer;)V" line="236">
        <counter type="INSTRUCTION" missed="26" covered="30"/>
        <counter type="BRANCH" missed="4" covered="6"/>
        <counter type="LINE" missed="6" covered="6"/>
        <counter type="COMPLEXITY" missed="4" covered="3"/>
        <counter type="METHOD" missed="0" covered="1"/>
      </method>
      <method name="updateFileSegment" desc="(Lorg/apache/rocketmq/tieredstore/provider/TieredFileSegment;)Lorg/apache/rocketmq/tieredstore/metadata/FileSegmentMetadata;" line="261">
        <counter type="INSTRUCTION" missed="121" covered="0"/>
        <counter type="BRANCH" missed="16" covered="0"/>
        <counter type="LINE" missed="31" covered="0"/>
        <counter type="COMPLEXITY" missed="10" covered="0"/>
        <counter type="METHOD" missed="1" covered="0"/>
      </method>
      <method name="deleteFileSegment" desc="(Lorg/apache/rocketmq/common/message/MessageQueue;)V" line="307">
        <counter type="INSTRUCTION" missed="0" covered="18"/>
        <counter type="LINE" missed="0" covered="5"/>
        <counter type="COMPLEXITY" missed="0" covered="1"/>
        <counter type="METHOD" missed="0" covered="1"/>
      </method>
      <method name="deleteFileSegment" desc="(Lorg/apache/rocketmq/tieredstore/provider/TieredFileSegment;)V" line="315">
        <counter type="INSTRUCTION" missed="62" covered="0"/>
        <counter type="BRANCH" missed="10" covered="0"/>
        <counter type="LINE" missed="12" covered="0"/>
        <counter type="COMPLEXITY" missed="7" covered="0"/>
        <counter type="METHOD" missed="1" covered="0"/>
      </method>
      <method name="destroy" desc="()V" line="340">
        <counter type="INSTRUCTION" missed="0" covered="22"/>
        <counter type="LINE" missed="0" covered="8"/>
        <counter type="COMPLEXITY" missed="0" covered="1"/>
        <counter type="METHOD" missed="0" covered="1"/>
      </method>
      <method name="lambda$updateFileSegment$16" desc="(Lorg/apache/rocketmq/common/message/MessageQueue;)Ljava/util/concurrent/ConcurrentMap;" line="283">
        <counter type="INSTRUCTION" missed="4" covered="0"/>
        <counter type="LINE" missed="1" covered="0"/>
        <counter type="COMPLEXITY" missed="1" covered="0"/>
        <counter type="METHOD" missed="1" covered="0"/>
      </method>
      <method name="lambda$updateFileSegment$15" desc="(Lorg/apache/rocketmq/common/message/MessageQueue;)Ljava/util/concurrent/ConcurrentMap;" line="279">
        <counter type="INSTRUCTION" missed="4" covered="0"/>
        <counter type="LINE" missed="1" covered="0"/>
        <counter type="COMPLEXITY" missed="1" covered="0"/>
        <counter type="METHOD" missed="1" covered="0"/>
      </method>
      <method name="lambda$updateFileSegment$14" desc="(Lorg/apache/rocketmq/common/message/MessageQueue;)Ljava/util/concurrent/ConcurrentMap;" line="275">
        <counter type="INSTRUCTION" missed="4" covered="0"/>
        <counter type="LINE" missed="1" covered="0"/>
        <counter type="COMPLEXITY" missed="1" covered="0"/>
        <counter type="METHOD" missed="1" covered="0"/>
      </method>
      <method name="lambda$iterateFileSegment$13" desc="(Ljava/util/function/Consumer;Ljava/lang/Long;Lorg/apache/rocketmq/tieredstore/metadata/FileSegmentMetadata;)V" line="253">
        <counter type="INSTRUCTION" missed="4" covered="0"/>
        <counter type="LINE" missed="1" covered="0"/>
        <counter type="COMPLEXITY" missed="1" covered="0"/>
        <counter type="METHOD" missed="1" covered="0"/>
      </method>
      <method name="lambda$iterateFileSegment$12" desc="(Ljava/util/function/Consumer;Ljava/lang/Long;Lorg/apache/rocketmq/tieredstore/metadata/FileSegmentMetadata;)V" line="247">
        <counter type="INSTRUCTION" missed="4" covered="0"/>
        <counter type="LINE" missed="1" covered="0"/>
        <counter type="COMPLEXITY" missed="1" covered="0"/>
        <counter type="METHOD" missed="1" covered="0"/>
      </method>
      <method name="lambda$iterateFileSegment$11" desc="(Ljava/util/function/Consumer;Ljava/lang/Long;Lorg/apache/rocketmq/tieredstore/metadata/FileSegmentMetadata;)V" line="241">
        <counter type="INSTRUCTION" missed="4" covered="0"/>
        <counter type="LINE" missed="1" covered="0"/>
        <counter type="COMPLEXITY" missed="1" covered="0"/>
        <counter type="METHOD" missed="1" covered="0"/>
      </method>
      <method name="lambda$iterateFileSegment$10" desc="(Ljava/util/function/Consumer;Lorg/apache/rocketmq/common/message/MessageQueue;Ljava/util/concurrent/ConcurrentMap;)V" line="230">
        <counter type="INSTRUCTION" missed="5" covered="0"/>
        <counter type="LINE" missed="1" covered="0"/>
        <counter type="COMPLEXITY" missed="1" covered="0"/>
        <counter type="METHOD" missed="1" covered="0"/>
      </method>
      <method name="lambda$null$9" desc="(Ljava/util/function/Consumer;Ljava/lang/Long;Lorg/apache/rocketmq/tieredstore/metadata/FileSegmentMetadata;)V" line="230">
        <counter type="INSTRUCTION" missed="4" covered="0"/>
        <counter type="LINE" missed="1" covered="0"/>
        <counter type="COMPLEXITY" missed="1" covered="0"/>
        <counter type="METHOD" missed="1" covered="0"/>
      </method>
      <method name="lambda$iterateFileSegment$8" desc="(Ljava/util/function/Consumer;Lorg/apache/rocketmq/common/message/MessageQueue;Ljava/util/concurrent/ConcurrentMap;)V" line="229">
        <counter type="INSTRUCTION" missed="5" covered="0"/>
        <counter type="LINE" missed="1" covered="0"/>
        <counter type="COMPLEXITY" missed="1" covered="0"/>
        <counter type="METHOD" missed="1" covered="0"/>
      </method>
      <method name="lambda$null$7" desc="(Ljava/util/function/Consumer;Ljava/lang/Long;Lorg/apache/rocketmq/tieredstore/metadata/FileSegmentMetadata;)V" line="229">
        <counter type="INSTRUCTION" missed="4" covered="0"/>
        <counter type="LINE" missed="1" covered="0"/>
        <counter type="COMPLEXITY" missed="1" covered="0"/>
        <counter type="METHOD" missed="1" covered="0"/>
      </method>
      <method name="lambda$iterateFileSegment$6" desc="(Ljava/util/function/Consumer;Lorg/apache/rocketmq/common/message/MessageQueue;Ljava/util/concurrent/ConcurrentMap;)V" line="228">
        <counter type="INSTRUCTION" missed="5" covered="0"/>
        <counter type="LINE" missed="1" covered="0"/>
        <counter type="COMPLEXITY" missed="1" covered="0"/>
        <counter type="METHOD" missed="1" covered="0"/>
      </method>
      <method name="lambda$null$5" desc="(Ljava/util/function/Consumer;Ljava/lang/Long;Lorg/apache/rocketmq/tieredstore/metadata/FileSegmentMetadata;)V" line="228">
        <counter type="INSTRUCTION" missed="4" covered="0"/>
        <counter type="LINE" missed="1" covered="0"/>
        <counter type="COMPLEXITY" missed="1" covered="0"/>
        <counter type="METHOD" missed="1" covered="0"/>
      </method>
      <method name="lambda$addQueue$4" desc="(Ljava/lang/String;)Ljava/util/concurrent/ConcurrentMap;" line="172">
        <counter type="INSTRUCTION" missed="0" covered="4"/>
        <counter type="LINE" missed="0" covered="1"/>
        <counter type="COMPLEXITY" missed="0" covered="1"/>
        <counter type="METHOD" missed="0" covered="1"/>
      </method>
      <method name="lambda$decode$3" desc="(Lorg/apache/rocketmq/common/message/MessageQueue;Ljava/util/Map;)V" line="87">
        <counter type="INSTRUCTION" missed="11" covered="0"/>
        <counter type="LINE" missed="1" covered="0"/>
        <counter type="COMPLEXITY" missed="1" covered="0"/>
        <counter type="METHOD" missed="1" covered="0"/>
      </method>
      <method name="lambda$decode$2" desc="(Lorg/apache/rocketmq/common/message/MessageQueue;Ljava/util/Map;)V" line="85">
        <counter type="INSTRUCTION" missed="11" covered="0"/>
        <counter type="LINE" missed="1" covered="0"/>
        <counter type="COMPLEXITY" missed="1" covered="0"/>
        <counter type="METHOD" missed="1" covered="0"/>
      </method>
      <method name="lambda$decode$1" desc="(Lorg/apache/rocketmq/common/message/MessageQueue;Ljava/util/Map;)V" line="83">
        <counter type="INSTRUCTION" missed="11" covered="0"/>
        <counter type="LINE" missed="1" covered="0"/>
        <counter type="COMPLEXITY" missed="1" covered="0"/>
        <counter type="METHOD" missed="1" covered="0"/>
      </method>
      <method name="lambda$decode$0" desc="(Ljava/lang/String;Ljava/util/Map;)V" line="81">
        <counter type="INSTRUCTION" missed="11" covered="0"/>
        <counter type="LINE" missed="1" covered="0"/>
        <counter type="COMPLEXITY" missed="1" covered="0"/>
        <counter type="METHOD" missed="1" covered="0"/>
      </method>
      <counter type="INSTRUCTION" missed="538" covered="289"/>
      <counter type="BRANCH" missed="57" covered="11"/>
      <counter type="LINE" missed="117" covered="61"/>
      <counter type="COMPLEXITY" missed="65" covered="14"/>
      <counter type="METHOD" missed="29" covered="12"/>
      <counter type="CLASS" missed="0" covered="1"/>
    </class>
    <class name="org/apache/rocketmq/tieredstore/metadata/FileSegmentMetadata" sourcefilename="FileSegmentMetadata.java">
      <method name="&lt;init&gt;" desc="()V" line="38">
        <counter type="INSTRUCTION" missed="3" covered="0"/>
        <counter type="LINE" missed="2" covered="0"/>
        <counter type="COMPLEXITY" missed="1" covered="0"/>
        <counter type="METHOD" missed="1" covered="0"/>
      </method>
      <method name="&lt;init&gt;" desc="(Lorg/apache/rocketmq/common/message/MessageQueue;IJLjava/lang/String;)V" line="42">
        <counter type="INSTRUCTION" missed="21" covered="0"/>
        <counter type="LINE" missed="8" covered="0"/>
        <counter type="COMPLEXITY" missed="1" covered="0"/>
        <counter type="METHOD" missed="1" covered="0"/>
      </method>
      <method name="getQueue" desc="()Lorg/apache/rocketmq/common/message/MessageQueue;" line="52">
        <counter type="INSTRUCTION" missed="3" covered="0"/>
        <counter type="LINE" missed="1" covered="0"/>
        <counter type="COMPLEXITY" missed="1" covered="0"/>
        <counter type="METHOD" missed="1" covered="0"/>
      </method>
      <method name="setQueue" desc="(Lorg/apache/rocketmq/common/message/MessageQueue;)V" line="56">
        <counter type="INSTRUCTION" missed="4" covered="0"/>
        <counter type="LINE" missed="2" covered="0"/>
        <counter type="COMPLEXITY" missed="1" covered="0"/>
        <counter type="METHOD" missed="1" covered="0"/>
      </method>
      <method name="getStatus" desc="()I" line="60">
        <counter type="INSTRUCTION" missed="3" covered="0"/>
        <counter type="LINE" missed="1" covered="0"/>
        <counter type="COMPLEXITY" missed="1" covered="0"/>
        <counter type="METHOD" missed="1" covered="0"/>
      </method>
      <method name="setStatus" desc="(I)V" line="64">
        <counter type="INSTRUCTION" missed="4" covered="0"/>
        <counter type="LINE" missed="2" covered="0"/>
        <counter type="COMPLEXITY" missed="1" covered="0"/>
        <counter type="METHOD" missed="1" covered="0"/>
      </method>
      <method name="getType" desc="()I" line="68">
        <counter type="INSTRUCTION" missed="3" covered="0"/>
        <counter type="LINE" missed="1" covered="0"/>
        <counter type="COMPLEXITY" missed="1" covered="0"/>
        <counter type="METHOD" missed="1" covered="0"/>
      </method>
      <method name="setType" desc="(I)V" line="72">
        <counter type="INSTRUCTION" missed="4" covered="0"/>
        <counter type="LINE" missed="2" covered="0"/>
        <counter type="COMPLEXITY" missed="1" covered="0"/>
        <counter type="METHOD" missed="1" covered="0"/>
      </method>
      <method name="getBaseOffset" desc="()J" line="76">
        <counter type="INSTRUCTION" missed="3" covered="0"/>
        <counter type="LINE" missed="1" covered="0"/>
        <counter type="COMPLEXITY" missed="1" covered="0"/>
        <counter type="METHOD" missed="1" covered="0"/>
      </method>
      <method name="setBaseOffset" desc="(J)V" line="80">
        <counter type="INSTRUCTION" missed="4" covered="0"/>
        <counter type="LINE" missed="2" covered="0"/>
        <counter type="COMPLEXITY" missed="1" covered="0"/>
        <counter type="METHOD" missed="1" covered="0"/>
      </method>
      <method name="getPath" desc="()Ljava/lang/String;" line="84">
        <counter type="INSTRUCTION" missed="3" covered="0"/>
        <counter type="LINE" missed="1" covered="0"/>
        <counter type="COMPLEXITY" missed="1" covered="0"/>
        <counter type="METHOD" missed="1" covered="0"/>
      </method>
      <method name="setPath" desc="(Ljava/lang/String;)V" line="88">
        <counter type="INSTRUCTION" missed="4" covered="0"/>
        <counter type="LINE" missed="2" covered="0"/>
        <counter type="COMPLEXITY" missed="1" covered="0"/>
        <counter type="METHOD" missed="1" covered="0"/>
      </method>
      <method name="getSize" desc="()J" line="92">
        <counter type="INSTRUCTION" missed="3" covered="0"/>
        <counter type="LINE" missed="1" covered="0"/>
        <counter type="COMPLEXITY" missed="1" covered="0"/>
        <counter type="METHOD" missed="1" covered="0"/>
      </method>
      <method name="setSize" desc="(J)V" line="96">
        <counter type="INSTRUCTION" missed="4" covered="0"/>
        <counter type="LINE" missed="2" covered="0"/>
        <counter type="COMPLEXITY" missed="1" covered="0"/>
        <counter type="METHOD" missed="1" covered="0"/>
      </method>
      <method name="getCreateTimestamp" desc="()J" line="100">
        <counter type="INSTRUCTION" missed="3" covered="0"/>
        <counter type="LINE" missed="1" covered="0"/>
        <counter type="COMPLEXITY" missed="1" covered="0"/>
        <counter type="METHOD" missed="1" covered="0"/>
      </method>
      <method name="setCreateTimestamp" desc="(J)V" line="104">
        <counter type="INSTRUCTION" missed="4" covered="0"/>
        <counter type="LINE" missed="2" covered="0"/>
        <counter type="COMPLEXITY" missed="1" covered="0"/>
        <counter type="METHOD" missed="1" covered="0"/>
      </method>
      <method name="getBeginTimestamp" desc="()J" line="108">
        <counter type="INSTRUCTION" missed="3" covered="0"/>
        <counter type="LINE" missed="1" covered="0"/>
        <counter type="COMPLEXITY" missed="1" covered="0"/>
        <counter type="METHOD" missed="1" covered="0"/>
      </method>
      <method name="setBeginTimestamp" desc="(J)V" line="112">
        <counter type="INSTRUCTION" missed="4" covered="0"/>
        <counter type="LINE" missed="2" covered="0"/>
        <counter type="COMPLEXITY" missed="1" covered="0"/>
        <counter type="METHOD" missed="1" covered="0"/>
      </method>
      <method name="getEndTimestamp" desc="()J" line="116">
        <counter type="INSTRUCTION" missed="3" covered="0"/>
        <counter type="LINE" missed="1" covered="0"/>
        <counter type="COMPLEXITY" missed="1" covered="0"/>
        <counter type="METHOD" missed="1" covered="0"/>
      </method>
      <method name="setEndTimestamp" desc="(J)V" line="120">
        <counter type="INSTRUCTION" missed="4" covered="0"/>
        <counter type="LINE" missed="2" covered="0"/>
        <counter type="COMPLEXITY" missed="1" covered="0"/>
        <counter type="METHOD" missed="1" covered="0"/>
      </method>
      <method name="getSealTimestamp" desc="()J" line="124">
        <counter type="INSTRUCTION" missed="3" covered="0"/>
        <counter type="LINE" missed="1" covered="0"/>
        <counter type="COMPLEXITY" missed="1" covered="0"/>
        <counter type="METHOD" missed="1" covered="0"/>
      </method>
      <method name="setSealTimestamp" desc="(J)V" line="128">
        <counter type="INSTRUCTION" missed="4" covered="0"/>
        <counter type="LINE" missed="2" covered="0"/>
        <counter type="COMPLEXITY" missed="1" covered="0"/>
        <counter type="METHOD" missed="1" covered="0"/>
      </method>
      <counter type="INSTRUCTION" missed="94" covered="0"/>
      <counter type="LINE" missed="40" covered="0"/>
      <counter type="COMPLEXITY" missed="22" covered="0"/>
      <counter type="METHOD" missed="22" covered="0"/>
      <counter type="CLASS" missed="1" covered="0"/>
    </class>
    <class name="org/apache/rocketmq/tieredstore/metadata/QueueMetadata" sourcefilename="QueueMetadata.java">
      <method name="&lt;init&gt;" desc="()V" line="28">
        <counter type="INSTRUCTION" missed="3" covered="0"/>
        <counter type="LINE" missed="2" covered="0"/>
        <counter type="COMPLEXITY" missed="1" covered="0"/>
        <counter type="METHOD" missed="1" covered="0"/>
      </method>
      <method name="&lt;init&gt;" desc="(Lorg/apache/rocketmq/common/message/MessageQueue;JJ)V" line="32">
        <counter type="INSTRUCTION" missed="0" covered="15"/>
        <counter type="LINE" missed="0" covered="6"/>
        <counter type="COMPLEXITY" missed="0" covered="1"/>
        <counter type="METHOD" missed="0" covered="1"/>
      </method>
      <method name="getQueue" desc="()Lorg/apache/rocketmq/common/message/MessageQueue;" line="40">
        <counter type="INSTRUCTION" missed="0" covered="3"/>
        <counter type="LINE" missed="0" covered="1"/>
        <counter type="COMPLEXITY" missed="0" covered="1"/>
        <counter type="METHOD" missed="0" covered="1"/>
      </method>
      <method name="setQueue" desc="(Lorg/apache/rocketmq/common/message/MessageQueue;)V" line="44">
        <counter type="INSTRUCTION" missed="4" covered="0"/>
        <counter type="LINE" missed="2" covered="0"/>
        <counter type="COMPLEXITY" missed="1" covered="0"/>
        <counter type="METHOD" missed="1" covered="0"/>
      </method>
      <method name="getMinOffset" desc="()J" line="48">
        <counter type="INSTRUCTION" missed="0" covered="3"/>
        <counter type="LINE" missed="0" covered="1"/>
        <counter type="COMPLEXITY" missed="0" covered="1"/>
        <counter type="METHOD" missed="0" covered="1"/>
      </method>
      <method name="setMinOffset" desc="(J)V" line="52">
        <counter type="INSTRUCTION" missed="4" covered="0"/>
        <counter type="LINE" missed="2" covered="0"/>
        <counter type="COMPLEXITY" missed="1" covered="0"/>
        <counter type="METHOD" missed="1" covered="0"/>
      </method>
      <method name="getMaxOffset" desc="()J" line="56">
        <counter type="INSTRUCTION" missed="0" covered="3"/>
        <counter type="LINE" missed="0" covered="1"/>
        <counter type="COMPLEXITY" missed="0" covered="1"/>
        <counter type="METHOD" missed="0" covered="1"/>
      </method>
      <method name="setMaxOffset" desc="(J)V" line="60">
        <counter type="INSTRUCTION" missed="4" covered="0"/>
        <counter type="LINE" missed="2" covered="0"/>
        <counter type="COMPLEXITY" missed="1" covered="0"/>
        <counter type="METHOD" missed="1" covered="0"/>
      </method>
      <method name="getUpdateTimestamp" desc="()J" line="64">
        <counter type="INSTRUCTION" missed="0" covered="3"/>
        <counter type="LINE" missed="0" covered="1"/>
        <counter type="COMPLEXITY" missed="0" covered="1"/>
        <counter type="METHOD" missed="0" covered="1"/>
      </method>
      <method name="setUpdateTimestamp" desc="(J)V" line="68">
        <counter type="INSTRUCTION" missed="4" covered="0"/>
        <counter type="LINE" missed="2" covered="0"/>
        <counter type="COMPLEXITY" missed="1" covered="0"/>
        <counter type="METHOD" missed="1" covered="0"/>
      </method>
      <counter type="INSTRUCTION" missed="19" covered="27"/>
      <counter type="LINE" missed="10" covered="10"/>
      <counter type="COMPLEXITY" missed="5" covered="5"/>
      <counter type="METHOD" missed="5" covered="5"/>
      <counter type="CLASS" missed="0" covered="1"/>
    </class>
    <class name="org/apache/rocketmq/tieredstore/metadata/TopicMetadata" sourcefilename="TopicMetadata.java">
      <method name="&lt;init&gt;" desc="()V" line="27">
        <counter type="INSTRUCTION" missed="3" covered="0"/>
        <counter type="LINE" missed="2" covered="0"/>
        <counter type="COMPLEXITY" missed="1" covered="0"/>
        <counter type="METHOD" missed="1" covered="0"/>
      </method>
      <method name="&lt;init&gt;" desc="(ILjava/lang/String;J)V" line="31">
        <counter type="INSTRUCTION" missed="0" covered="15"/>
        <counter type="LINE" missed="0" covered="6"/>
        <counter type="COMPLEXITY" missed="0" covered="1"/>
        <counter type="METHOD" missed="0" covered="1"/>
      </method>
      <method name="getTopicId" desc="()I" line="39">
        <counter type="INSTRUCTION" missed="0" covered="3"/>
        <counter type="LINE" missed="0" covered="1"/>
        <counter type="COMPLEXITY" missed="0" covered="1"/>
        <counter type="METHOD" missed="0" covered="1"/>
      </method>
      <method name="setTopicId" desc="(I)V" line="43">
        <counter type="INSTRUCTION" missed="4" covered="0"/>
        <counter type="LINE" missed="2" covered="0"/>
        <counter type="COMPLEXITY" missed="1" covered="0"/>
        <counter type="METHOD" missed="1" covered="0"/>
      </method>
      <method name="getTopic" desc="()Ljava/lang/String;" line="47">
        <counter type="INSTRUCTION" missed="0" covered="3"/>
        <counter type="LINE" missed="0" covered="1"/>
        <counter type="COMPLEXITY" missed="0" covered="1"/>
        <counter type="METHOD" missed="0" covered="1"/>
      </method>
      <method name="setTopic" desc="(Ljava/lang/String;)V" line="51">
        <counter type="INSTRUCTION" missed="4" covered="0"/>
        <counter type="LINE" missed="2" covered="0"/>
        <counter type="COMPLEXITY" missed="1" covered="0"/>
        <counter type="METHOD" missed="1" covered="0"/>
      </method>
      <method name="getReserveTime" desc="()J" line="55">
        <counter type="INSTRUCTION" missed="0" covered="3"/>
        <counter type="LINE" missed="0" covered="1"/>
        <counter type="COMPLEXITY" missed="0" covered="1"/>
        <counter type="METHOD" missed="0" covered="1"/>
      </method>
      <method name="setReserveTime" desc="(J)V" line="59">
        <counter type="INSTRUCTION" missed="4" covered="0"/>
        <counter type="LINE" missed="2" covered="0"/>
        <counter type="COMPLEXITY" missed="1" covered="0"/>
        <counter type="METHOD" missed="1" covered="0"/>
      </method>
      <method name="getStatus" desc="()I" line="63">
        <counter type="INSTRUCTION" missed="0" covered="3"/>
        <counter type="LINE" missed="0" covered="1"/>
        <counter type="COMPLEXITY" missed="0" covered="1"/>
        <counter type="METHOD" missed="0" covered="1"/>
      </method>
      <method name="setStatus" desc="(I)V" line="67">
        <counter type="INSTRUCTION" missed="4" covered="0"/>
        <counter type="LINE" missed="2" covered="0"/>
        <counter type="COMPLEXITY" missed="1" covered="0"/>
        <counter type="METHOD" missed="1" covered="0"/>
      </method>
      <method name="getUpdateTimestamp" desc="()J" line="71">
        <counter type="INSTRUCTION" missed="0" covered="3"/>
        <counter type="LINE" missed="0" covered="1"/>
        <counter type="COMPLEXITY" missed="0" covered="1"/>
        <counter type="METHOD" missed="0" covered="1"/>
      </method>
      <method name="setUpdateTimestamp" desc="(J)V" line="75">
        <counter type="INSTRUCTION" missed="4" covered="0"/>
        <counter type="LINE" missed="2" covered="0"/>
        <counter type="COMPLEXITY" missed="1" covered="0"/>
        <counter type="METHOD" missed="1" covered="0"/>
      </method>
      <counter type="INSTRUCTION" missed="23" covered="30"/>
      <counter type="LINE" missed="12" covered="11"/>
      <counter type="COMPLEXITY" missed="6" covered="6"/>
      <counter type="METHOD" missed="6" covered="6"/>
      <counter type="CLASS" missed="0" covered="1"/>
    </class>
    <class name="org/apache/rocketmq/tieredstore/metadata/TieredMetadataSerializeWrapper" sourcefilename="TieredMetadataSerializeWrapper.java">
      <method name="&lt;init&gt;" desc="()V" line="24">
        <counter type="INSTRUCTION" missed="0" covered="3"/>
        <counter type="LINE" missed="0" covered="1"/>
        <counter type="COMPLEXITY" missed="0" covered="1"/>
        <counter type="METHOD" missed="0" covered="1"/>
      </method>
      <method name="getMaxTopicId" desc="()Ljava/util/concurrent/atomic/AtomicInteger;" line="33">
        <counter type="INSTRUCTION" missed="0" covered="3"/>
        <counter type="LINE" missed="0" covered="1"/>
        <counter type="COMPLEXITY" missed="0" covered="1"/>
        <counter type="METHOD" missed="0" covered="1"/>
      </method>
      <method name="setMaxTopicId" desc="(Ljava/util/concurrent/atomic/AtomicInteger;)V" line="37">
        <counter type="INSTRUCTION" missed="0" covered="4"/>
        <counter type="LINE" missed="0" covered="2"/>
        <counter type="COMPLEXITY" missed="0" covered="1"/>
        <counter type="METHOD" missed="0" covered="1"/>
      </method>
      <method name="getTopicMetadataTable" desc="()Ljava/util/Map;" line="41">
        <counter type="INSTRUCTION" missed="0" covered="3"/>
        <counter type="LINE" missed="0" covered="1"/>
        <counter type="COMPLEXITY" missed="0" covered="1"/>
        <counter type="METHOD" missed="0" covered="1"/>
      </method>
      <method name="setTopicMetadataTable" desc="(Ljava/util/Map;)V" line="46">
        <counter type="INSTRUCTION" missed="0" covered="4"/>
        <counter type="LINE" missed="0" covered="2"/>
        <counter type="COMPLEXITY" missed="0" covered="1"/>
        <counter type="METHOD" missed="0" covered="1"/>
      </method>
      <method name="getQueueMetadataTable" desc="()Ljava/util/Map;" line="50">
        <counter type="INSTRUCTION" missed="0" covered="3"/>
        <counter type="LINE" missed="0" covered="1"/>
        <counter type="COMPLEXITY" missed="0" covered="1"/>
        <counter type="METHOD" missed="0" covered="1"/>
      </method>
      <method name="setQueueMetadataTable" desc="(Ljava/util/Map;)V" line="55">
        <counter type="INSTRUCTION" missed="0" covered="4"/>
        <counter type="LINE" missed="0" covered="2"/>
        <counter type="COMPLEXITY" missed="0" covered="1"/>
        <counter type="METHOD" missed="0" covered="1"/>
      </method>
      <method name="getCommitLogFileSegmentTable" desc="()Ljava/util/Map;" line="59">
        <counter type="INSTRUCTION" missed="0" covered="3"/>
        <counter type="LINE" missed="0" covered="1"/>
        <counter type="COMPLEXITY" missed="0" covered="1"/>
        <counter type="METHOD" missed="0" covered="1"/>
      </method>
      <method name="setCommitLogFileSegmentTable" desc="(Ljava/util/Map;)V" line="64">
        <counter type="INSTRUCTION" missed="0" covered="4"/>
        <counter type="LINE" missed="0" covered="2"/>
        <counter type="COMPLEXITY" missed="0" covered="1"/>
        <counter type="METHOD" missed="0" covered="1"/>
      </method>
      <method name="getConsumeQueueFileSegmentTable" desc="()Ljava/util/Map;" line="68">
        <counter type="INSTRUCTION" missed="0" covered="3"/>
        <counter type="LINE" missed="0" covered="1"/>
        <counter type="COMPLEXITY" missed="0" covered="1"/>
        <counter type="METHOD" missed="0" covered="1"/>
      </method>
      <method name="setConsumeQueueFileSegmentTable" desc="(Ljava/util/Map;)V" line="73">
        <counter type="INSTRUCTION" missed="0" covered="4"/>
        <counter type="LINE" missed="0" covered="2"/>
        <counter type="COMPLEXITY" missed="0" covered="1"/>
        <counter type="METHOD" missed="0" covered="1"/>
      </method>
      <method name="getIndexFileSegmentTable" desc="()Ljava/util/Map;" line="77">
        <counter type="INSTRUCTION" missed="0" covered="3"/>
        <counter type="LINE" missed="0" covered="1"/>
        <counter type="COMPLEXITY" missed="0" covered="1"/>
        <counter type="METHOD" missed="0" covered="1"/>
      </method>
      <method name="setIndexFileSegmentTable" desc="(Ljava/util/Map;)V" line="82">
        <counter type="INSTRUCTION" missed="0" covered="4"/>
        <counter type="LINE" missed="0" covered="2"/>
        <counter type="COMPLEXITY" missed="0" covered="1"/>
        <counter type="METHOD" missed="0" covered="1"/>
      </method>
      <counter type="INSTRUCTION" missed="0" covered="45"/>
      <counter type="LINE" missed="0" covered="19"/>
      <counter type="COMPLEXITY" missed="0" covered="13"/>
      <counter type="METHOD" missed="0" covered="13"/>
      <counter type="CLASS" missed="0" covered="1"/>
    </class>
    <sourcefile name="TieredMetadataManager.java">
      <line nr="34" mi="0" ci="6" mb="0" cb="0"/>
      <line nr="35" mi="0" ci="6" mb="0" cb="0"/>
      <line nr="36" mi="0" ci="6" mb="0" cb="0"/>
      <line nr="37" mi="0" ci="6" mb="0" cb="0"/>
      <line nr="38" mi="0" ci="6" mb="0" cb="0"/>
      <line nr="39" mi="0" ci="6" mb="0" cb="0"/>
      <line nr="42" mi="0" ci="2" mb="0" cb="0"/>
      <line nr="43" mi="0" ci="3" mb="0" cb="0"/>
      <line nr="44" mi="0" ci="3" mb="0" cb="0"/>
      <line nr="45" mi="0" ci="1" mb="0" cb="0"/>
      <line nr="49" mi="4" ci="0" mb="0" cb="0"/>
      <line nr="54" mi="0" ci="4" mb="0" cb="0"/>
      <line nr="55" mi="0" ci="4" mb="0" cb="0"/>
      <line nr="56" mi="0" ci="4" mb="0" cb="0"/>
      <line nr="57" mi="0" ci="7" mb="0" cb="0"/>
      <line nr="58" mi="0" ci="7" mb="0" cb="0"/>
      <line nr="59" mi="0" ci="7" mb="0" cb="0"/>
      <line nr="60" mi="0" ci="7" mb="0" cb="0"/>
      <line nr="61" mi="0" ci="2" mb="1" cb="1"/>
      <line nr="62" mi="0" ci="13" mb="0" cb="0"/>
      <line nr="64" mi="0" ci="9" mb="0" cb="0"/>
      <line nr="69" mi="0" ci="17" mb="0" cb="0"/>
      <line nr="74" mi="2" ci="0" mb="2" cb="0"/>
      <line nr="75" mi="2" ci="0" mb="0" cb="0"/>
      <line nr="76" mi="3" ci="0" mb="0" cb="0"/>
      <line nr="77" mi="2" ci="0" mb="2" cb="0"/>
      <line nr="78" mi="6" ci="0" mb="0" cb="0"/>
      <line nr="79" mi="5" ci="0" mb="0" cb="0"/>
      <line nr="80" mi="4" ci="0" mb="0" cb="0"/>
      <line nr="81" mi="12" ci="0" mb="0" cb="0"/>
      <line nr="82" mi="4" ci="0" mb="0" cb="0"/>
      <line nr="83" mi="12" ci="0" mb="0" cb="0"/>
      <line nr="84" mi="4" ci="0" mb="0" cb="0"/>
      <line nr="85" mi="12" ci="0" mb="0" cb="0"/>
      <line nr="86" mi="4" ci="0" mb="0" cb="0"/>
      <line nr="87" mi="12" ci="0" mb="0" cb="0"/>
      <line nr="90" mi="1" ci="0" mb="0" cb="0"/>
      <line nr="94" mi="4" ci="0" mb="0" cb="0"/>
      <line nr="95" mi="1" ci="0" mb="0" cb="0"/>
      <line nr="100" mi="0" ci="6" mb="0" cb="0"/>
      <line nr="105" mi="5" ci="0" mb="0" cb="0"/>
      <line nr="106" mi="1" ci="0" mb="0" cb="0"/>
      <line nr="110" mi="0" ci="4" mb="0" cb="0"/>
      <line nr="111" mi="0" ci="2" mb="1" cb="1"/>
      <line nr="112" mi="2" ci="0" mb="0" cb="0"/>
      <line nr="114" mi="0" ci="9" mb="0" cb="0"/>
      <line nr="115" mi="0" ci="6" mb="0" cb="0"/>
      <line nr="116" mi="0" ci="2" mb="0" cb="0"/>
      <line nr="117" mi="0" ci="2" mb="0" cb="0"/>
      <line nr="122" mi="4" ci="0" mb="0" cb="0"/>
      <line nr="123" mi="2" ci="0" mb="2" cb="0"/>
      <line nr="124" mi="1" ci="0" mb="0" cb="0"/>
      <line nr="126" mi="3" ci="0" mb="0" cb="0"/>
      <line nr="127" mi="3" ci="0" mb="0" cb="0"/>
      <line nr="128" mi="2" ci="0" mb="0" cb="0"/>
      <line nr="129" mi="1" ci="0" mb="0" cb="0"/>
      <line nr="133" mi="4" ci="0" mb="0" cb="0"/>
      <line nr="134" mi="2" ci="0" mb="2" cb="0"/>
      <line nr="135" mi="1" ci="0" mb="0" cb="0"/>
      <line nr="137" mi="3" ci="0" mb="0" cb="0"/>
      <line nr="138" mi="3" ci="0" mb="0" cb="0"/>
      <line nr="139" mi="2" ci="0" mb="0" cb="0"/>
      <line nr="140" mi="1" ci="0" mb="0" cb="0"/>
      <line nr="144" mi="5" ci="0" mb="0" cb="0"/>
      <line nr="145" mi="2" ci="0" mb="0" cb="0"/>
      <line nr="146" mi="1" ci="0" mb="0" cb="0"/>
      <line nr="151" mi="0" ci="6" mb="1" cb="1"/>
      <line nr="152" mi="0" ci="2" mb="0" cb="0"/>
      <line nr="154" mi="8" ci="0" mb="0" cb="0"/>
      <line nr="155" mi="4" ci="0" mb="0" cb="0"/>
      <line nr="160" mi="5" ci="0" mb="0" cb="0"/>
      <line nr="161" mi="2" ci="0" mb="0" cb="0"/>
      <line nr="162" mi="1" ci="0" mb="0" cb="0"/>
      <line nr="163" mi="1" ci="0" mb="0" cb="0"/>
      <line nr="167" mi="0" ci="4" mb="0" cb="0"/>
      <line nr="168" mi="0" ci="2" mb="1" cb="1"/>
      <line nr="169" mi="2" ci="0" mb="0" cb="0"/>
      <line nr="171" mi="0" ci="7" mb="0" cb="0"/>
      <line nr="172" mi="0" ci="12" mb="0" cb="0"/>
      <line nr="173" mi="0" ci="5" mb="0" cb="0"/>
      <line nr="174" mi="0" ci="2" mb="0" cb="0"/>
      <line nr="175" mi="0" ci="2" mb="0" cb="0"/>
      <line nr="180" mi="3" ci="0" mb="0" cb="0"/>
      <line nr="181" mi="6" ci="0" mb="2" cb="0"/>
      <line nr="182" mi="7" ci="0" mb="0" cb="0"/>
      <line nr="183" mi="6" ci="0" mb="2" cb="0"/>
      <line nr="184" mi="3" ci="0" mb="0" cb="0"/>
      <line nr="185" mi="7" ci="0" mb="0" cb="0"/>
      <line nr="186" mi="2" ci="0" mb="0" cb="0"/>
      <line nr="189" mi="1" ci="0" mb="0" cb="0"/>
      <line nr="193" mi="0" ci="6" mb="1" cb="1"/>
      <line nr="194" mi="0" ci="7" mb="0" cb="0"/>
      <line nr="195" mi="0" ci="4" mb="0" cb="0"/>
      <line nr="197" mi="0" ci="2" mb="0" cb="0"/>
      <line nr="198" mi="0" ci="1" mb="0" cb="0"/>
      <line nr="203" mi="6" ci="0" mb="4" cb="0"/>
      <line nr="205" mi="6" ci="0" mb="2" cb="0"/>
      <line nr="206" mi="8" ci="0" mb="0" cb="0"/>
      <line nr="207" mi="4" ci="0" mb="0" cb="0"/>
      <line nr="211" mi="6" ci="0" mb="2" cb="0"/>
      <line nr="212" mi="8" ci="0" mb="0" cb="0"/>
      <line nr="213" mi="4" ci="0" mb="0" cb="0"/>
      <line nr="217" mi="6" ci="0" mb="2" cb="0"/>
      <line nr="218" mi="8" ci="0" mb="0" cb="0"/>
      <line nr="219" mi="4" ci="0" mb="0" cb="0"/>
      <line nr="223" mi="2" ci="0" mb="0" cb="0"/>
      <line nr="228" mi="14" ci="0" mb="0" cb="0"/>
      <line nr="229" mi="14" ci="0" mb="0" cb="0"/>
      <line nr="230" mi="14" ci="0" mb="0" cb="0"/>
      <line nr="231" mi="1" ci="0" mb="0" cb="0"/>
      <line nr="236" mi="0" ci="9" mb="0" cb="0"/>
      <line nr="237" mi="0" ci="5" mb="1" cb="3"/>
      <line nr="239" mi="0" ci="5" mb="1" cb="1"/>
      <line nr="240" mi="7" ci="0" mb="0" cb="0"/>
      <line nr="241" mi="6" ci="0" mb="0" cb="0"/>
      <line nr="245" mi="0" ci="5" mb="1" cb="1"/>
      <line nr="246" mi="7" ci="0" mb="0" cb="0"/>
      <line nr="247" mi="6" ci="0" mb="0" cb="0"/>
      <line nr="251" mi="0" ci="5" mb="1" cb="1"/>
      <line nr="252" mi="7" ci="0" mb="0" cb="0"/>
      <line nr="253" mi="5" ci="0" mb="0" cb="0"/>
      <line nr="257" mi="0" ci="1" mb="0" cb="0"/>
      <line nr="261" mi="4" ci="0" mb="0" cb="0"/>
      <line nr="263" mi="2" ci="0" mb="2" cb="0"/>
      <line nr="264" mi="5" ci="0" mb="0" cb="0"/>
      <line nr="265" mi="3" ci="0" mb="0" cb="0"/>
      <line nr="266" mi="2" ci="0" mb="0" cb="0"/>
      <line nr="267" mi="3" ci="0" mb="0" cb="0"/>
      <line nr="268" mi="3" ci="0" mb="2" cb="0"/>
      <line nr="269" mi="3" ci="0" mb="0" cb="0"/>
      <line nr="271" mi="4" ci="0" mb="0" cb="0"/>
      <line nr="272" mi="4" ci="0" mb="0" cb="0"/>
      <line nr="273" mi="6" ci="0" mb="4" cb="0"/>
      <line nr="275" mi="12" ci="0" mb="0" cb="0"/>
      <line nr="276" mi="5" ci="0" mb="0" cb="0"/>
      <line nr="277" mi="1" ci="0" mb="0" cb="0"/>
      <line nr="279" mi="12" ci="0" mb="0" cb="0"/>
      <line nr="280" mi="5" ci="0" mb="0" cb="0"/>
      <line nr="281" mi="1" ci="0" mb="0" cb="0"/>
      <line nr="283" mi="12" ci="0" mb="0" cb="0"/>
      <line nr="284" mi="5" ci="0" mb="0" cb="0"/>
      <line nr="287" mi="2" ci="0" mb="0" cb="0"/>
      <line nr="288" mi="2" ci="0" mb="0" cb="0"/>
      <line nr="291" mi="9" ci="0" mb="6" cb="0"/>
      <line nr="292" mi="3" ci="0" mb="0" cb="0"/>
      <line nr="293" mi="3" ci="0" mb="0" cb="0"/>
      <line nr="295" mi="3" ci="0" mb="2" cb="0"/>
      <line nr="296" mi="3" ci="0" mb="0" cb="0"/>
      <line nr="298" mi="4" ci="0" mb="0" cb="0"/>
      <line nr="299" mi="4" ci="0" mb="0" cb="0"/>
      <line nr="300" mi="4" ci="0" mb="0" cb="0"/>
      <line nr="301" mi="2" ci="0" mb="0" cb="0"/>
      <line nr="302" mi="2" ci="0" mb="0" cb="0"/>
      <line nr="307" mi="0" ci="5" mb="0" cb="0"/>
      <line nr="308" mi="0" ci="5" mb="0" cb="0"/>
      <line nr="309" mi="0" ci="5" mb="0" cb="0"/>
      <line nr="310" mi="0" ci="2" mb="0" cb="0"/>
      <line nr="311" mi="0" ci="1" mb="0" cb="0"/>
      <line nr="315" mi="6" ci="0" mb="4" cb="0"/>
      <line nr="317" mi="6" ci="0" mb="2" cb="0"/>
      <line nr="318" mi="7" ci="0" mb="0" cb="0"/>
      <line nr="319" mi="5" ci="0" mb="0" cb="0"/>
      <line nr="323" mi="6" ci="0" mb="2" cb="0"/>
      <line nr="324" mi="7" ci="0" mb="0" cb="0"/>
      <line nr="325" mi="5" ci="0" mb="0" cb="0"/>
      <line nr="329" mi="6" ci="0" mb="2" cb="0"/>
      <line nr="330" mi="7" ci="0" mb="0" cb="0"/>
      <line nr="331" mi="4" ci="0" mb="0" cb="0"/>
      <line nr="335" mi="2" ci="0" mb="0" cb="0"/>
      <line nr="336" mi="1" ci="0" mb="0" cb="0"/>
      <line nr="340" mi="0" ci="4" mb="0" cb="0"/>
      <line nr="341" mi="0" ci="3" mb="0" cb="0"/>
      <line nr="342" mi="0" ci="3" mb="0" cb="0"/>
      <line nr="343" mi="0" ci="3" mb="0" cb="0"/>
      <line nr="344" mi="0" ci="3" mb="0" cb="0"/>
      <line nr="345" mi="0" ci="3" mb="0" cb="0"/>
      <line nr="346" mi="0" ci="2" mb="0" cb="0"/>
      <line nr="347" mi="0" ci="1" mb="0" cb="0"/>
      <counter type="INSTRUCTION" missed="538" covered="289"/>
      <counter type="BRANCH" missed="57" covered="11"/>
      <counter type="LINE" missed="117" covered="61"/>
      <counter type="COMPLEXITY" missed="65" covered="14"/>
      <counter type="METHOD" missed="29" covered="12"/>
      <counter type="CLASS" missed="0" covered="1"/>
    </sourcefile>
    <sourcefile name="TopicMetadata.java">
      <line nr="27" mi="2" ci="0" mb="0" cb="0"/>
      <line nr="29" mi="1" ci="0" mb="0" cb="0"/>
      <line nr="31" mi="0" ci="2" mb="0" cb="0"/>
      <line nr="32" mi="0" ci="3" mb="0" cb="0"/>
      <line nr="33" mi="0" ci="3" mb="0" cb="0"/>
      <line nr="34" mi="0" ci="3" mb="0" cb="0"/>
      <line nr="35" mi="0" ci="3" mb="0" cb="0"/>
      <line nr="36" mi="0" ci="1" mb="0" cb="0"/>
      <line nr="39" mi="0" ci="3" mb="0" cb="0"/>
      <line nr="43" mi="3" ci="0" mb="0" cb="0"/>
      <line nr="44" mi="1" ci="0" mb="0" cb="0"/>
      <line nr="47" mi="0" ci="3" mb="0" cb="0"/>
      <line nr="51" mi="3" ci="0" mb="0" cb="0"/>
      <line nr="52" mi="1" ci="0" mb="0" cb="0"/>
      <line nr="55" mi="0" ci="3" mb="0" cb="0"/>
      <line nr="59" mi="3" ci="0" mb="0" cb="0"/>
      <line nr="60" mi="1" ci="0" mb="0" cb="0"/>
      <line nr="63" mi="0" ci="3" mb="0" cb="0"/>
      <line nr="67" mi="3" ci="0" mb="0" cb="0"/>
      <line nr="68" mi="1" ci="0" mb="0" cb="0"/>
      <line nr="71" mi="0" ci="3" mb="0" cb="0"/>
      <line nr="75" mi="3" ci="0" mb="0" cb="0"/>
      <line nr="76" mi="1" ci="0" mb="0" cb="0"/>
      <counter type="INSTRUCTION" missed="23" covered="30"/>
      <counter type="LINE" missed="12" covered="11"/>
      <counter type="COMPLEXITY" missed="6" covered="6"/>
      <counter type="METHOD" missed="6" covered="6"/>
      <counter type="CLASS" missed="0" covered="1"/>
    </sourcefile>
    <sourcefile name="TieredMetadataStore.java"/>
    <sourcefile name="TieredMetadataSerializeWrapper.java">
      <line nr="24" mi="0" ci="3" mb="0" cb="0"/>
      <line nr="33" mi="0" ci="3" mb="0" cb="0"/>
      <line nr="37" mi="0" ci="3" mb="0" cb="0"/>
      <line nr="38" mi="0" ci="1" mb="0" cb="0"/>
      <line nr="41" mi="0" ci="3" mb="0" cb="0"/>
      <line nr="46" mi="0" ci="3" mb="0" cb="0"/>
      <line nr="47" mi="0" ci="1" mb="0" cb="0"/>
      <line nr="50" mi="0" ci="3" mb="0" cb="0"/>
      <line nr="55" mi="0" ci="3" mb="0" cb="0"/>
      <line nr="56" mi="0" ci="1" mb="0" cb="0"/>
      <line nr="59" mi="0" ci="3" mb="0" cb="0"/>
      <line nr="64" mi="0" ci="3" mb="0" cb="0"/>
      <line nr="65" mi="0" ci="1" mb="0" cb="0"/>
      <line nr="68" mi="0" ci="3" mb="0" cb="0"/>
      <line nr="73" mi="0" ci="3" mb="0" cb="0"/>
      <line nr="74" mi="0" ci="1" mb="0" cb="0"/>
      <line nr="77" mi="0" ci="3" mb="0" cb="0"/>
      <line nr="82" mi="0" ci="3" mb="0" cb="0"/>
      <line nr="83" mi="0" ci="1" mb="0" cb="0"/>
      <counter type="INSTRUCTION" missed="0" covered="45"/>
      <counter type="LINE" missed="0" covered="19"/>
      <counter type="COMPLEXITY" missed="0" covered="13"/>
      <counter type="METHOD" missed="0" covered="13"/>
      <counter type="CLASS" missed="0" covered="1"/>
    </sourcefile>
    <sourcefile name="FileSegmentMetadata.java">
      <line nr="38" mi="2" ci="0" mb="0" cb="0"/>
      <line nr="40" mi="1" ci="0" mb="0" cb="0"/>
      <line nr="42" mi="2" ci="0" mb="0" cb="0"/>
      <line nr="43" mi="3" ci="0" mb="0" cb="0"/>
      <line nr="44" mi="3" ci="0" mb="0" cb="0"/>
      <line nr="45" mi="3" ci="0" mb="0" cb="0"/>
      <line nr="46" mi="3" ci="0" mb="0" cb="0"/>
      <line nr="47" mi="3" ci="0" mb="0" cb="0"/>
      <line nr="48" mi="3" ci="0" mb="0" cb="0"/>
      <line nr="49" mi="1" ci="0" mb="0" cb="0"/>
      <line nr="52" mi="3" ci="0" mb="0" cb="0"/>
      <line nr="56" mi="3" ci="0" mb="0" cb="0"/>
      <line nr="57" mi="1" ci="0" mb="0" cb="0"/>
      <line nr="60" mi="3" ci="0" mb="0" cb="0"/>
      <line nr="64" mi="3" ci="0" mb="0" cb="0"/>
      <line nr="65" mi="1" ci="0" mb="0" cb="0"/>
      <line nr="68" mi="3" ci="0" mb="0" cb="0"/>
      <line nr="72" mi="3" ci="0" mb="0" cb="0"/>
      <line nr="73" mi="1" ci="0" mb="0" cb="0"/>
      <line nr="76" mi="3" ci="0" mb="0" cb="0"/>
      <line nr="80" mi="3" ci="0" mb="0" cb="0"/>
      <line nr="81" mi="1" ci="0" mb="0" cb="0"/>
      <line nr="84" mi="3" ci="0" mb="0" cb="0"/>
      <line nr="88" mi="3" ci="0" mb="0" cb="0"/>
      <line nr="89" mi="1" ci="0" mb="0" cb="0"/>
      <line nr="92" mi="3" ci="0" mb="0" cb="0"/>
      <line nr="96" mi="3" ci="0" mb="0" cb="0"/>
      <line nr="97" mi="1" ci="0" mb="0" cb="0"/>
      <line nr="100" mi="3" ci="0" mb="0" cb="0"/>
      <line nr="104" mi="3" ci="0" mb="0" cb="0"/>
      <line nr="105" mi="1" ci="0" mb="0" cb="0"/>
      <line nr="108" mi="3" ci="0" mb="0" cb="0"/>
      <line nr="112" mi="3" ci="0" mb="0" cb="0"/>
      <line nr="113" mi="1" ci="0" mb="0" cb="0"/>
      <line nr="116" mi="3" ci="0" mb="0" cb="0"/>
      <line nr="120" mi="3" ci="0" mb="0" cb="0"/>
      <line nr="121" mi="1" ci="0" mb="0" cb="0"/>
      <line nr="124" mi="3" ci="0" mb="0" cb="0"/>
      <line nr="128" mi="3" ci="0" mb="0" cb="0"/>
      <line nr="129" mi="1" ci="0" mb="0" cb="0"/>
      <counter type="INSTRUCTION" missed="94" covered="0"/>
      <counter type="LINE" missed="40" covered="0"/>
      <counter type="COMPLEXITY" missed="22" covered="0"/>
      <counter type="METHOD" missed="22" covered="0"/>
      <counter type="CLASS" missed="1" covered="0"/>
    </sourcefile>
    <sourcefile name="QueueMetadata.java">
      <line nr="28" mi="2" ci="0" mb="0" cb="0"/>
      <line nr="30" mi="1" ci="0" mb="0" cb="0"/>
      <line nr="32" mi="0" ci="2" mb="0" cb="0"/>
      <line nr="33" mi="0" ci="3" mb="0" cb="0"/>
      <line nr="34" mi="0" ci="3" mb="0" cb="0"/>
      <line nr="35" mi="0" ci="3" mb="0" cb="0"/>
      <line nr="36" mi="0" ci="3" mb="0" cb="0"/>
      <line nr="37" mi="0" ci="1" mb="0" cb="0"/>
      <line nr="40" mi="0" ci="3" mb="0" cb="0"/>
      <line nr="44" mi="3" ci="0" mb="0" cb="0"/>
      <line nr="45" mi="1" ci="0" mb="0" cb="0"/>
      <line nr="48" mi="0" ci="3" mb="0" cb="0"/>
      <line nr="52" mi="3" ci="0" mb="0" cb="0"/>
      <line nr="53" mi="1" ci="0" mb="0" cb="0"/>
      <line nr="56" mi="0" ci="3" mb="0" cb="0"/>
      <line nr="60" mi="3" ci="0" mb="0" cb="0"/>
      <line nr="61" mi="1" ci="0" mb="0" cb="0"/>
      <line nr="64" mi="0" ci="3" mb="0" cb="0"/>
      <line nr="68" mi="3" ci="0" mb="0" cb="0"/>
      <line nr="69" mi="1" ci="0" mb="0" cb="0"/>
      <counter type="INSTRUCTION" missed="19" covered="27"/>
      <counter type="LINE" missed="10" covered="10"/>
      <counter type="COMPLEXITY" missed="5" covered="5"/>
      <counter type="METHOD" missed="5" covered="5"/>
      <counter type="CLASS" missed="0" covered="1"/>
    </sourcefile>
    <counter type="INSTRUCTION" missed="674" covered="391"/>
    <counter type="BRANCH" missed="57" covered="11"/>
    <counter type="LINE" missed="179" covered="101"/>
    <counter type="COMPLEXITY" missed="98" covered="38"/>
    <counter type="METHOD" missed="62" covered="36"/>
    <counter type="CLASS" missed="1" covered="4"/>
  </package>
  <package name="org/apache/rocketmq/tieredstore/provider/posix">
    <class name="org/apache/rocketmq/tieredstore/provider/posix/PosixFileSegment" sourcefilename="PosixFileSegment.java">
      <method name="&lt;init&gt;" desc="(Lorg/apache/rocketmq/tieredstore/provider/TieredFileSegment$FileSegmentType;Lorg/apache/rocketmq/common/message/MessageQueue;JLorg/apache/rocketmq/tieredstore/common/TieredMessageStoreConfig;)V" line="63">
        <counter type="INSTRUCTION" missed="75" covered="0"/>
        <counter type="BRANCH" missed="4" covered="0"/>
        <counter type="LINE" missed="13" covered="0"/>
        <counter type="COMPLEXITY" missed="3" covered="0"/>
        <counter type="METHOD" missed="1" covered="0"/>
      </method>
      <method name="newAttributesBuilder" desc="()Lio/opentelemetry/api/common/AttributesBuilder;" line="82">
        <counter type="INSTRUCTION" missed="13" covered="0"/>
        <counter type="LINE" missed="3" covered="0"/>
        <counter type="COMPLEXITY" missed="1" covered="0"/>
        <counter type="METHOD" missed="1" covered="0"/>
      </method>
      <method name="getPath" desc="()Ljava/lang/String;" line="89">
        <counter type="INSTRUCTION" missed="3" covered="0"/>
        <counter type="LINE" missed="1" covered="0"/>
        <counter type="COMPLEXITY" missed="1" covered="0"/>
        <counter type="METHOD" missed="1" covered="0"/>
      </method>
      <method name="getSize" desc="()J" line="94">
        <counter type="INSTRUCTION" missed="9" covered="0"/>
        <counter type="BRANCH" missed="2" covered="0"/>
        <counter type="LINE" missed="3" covered="0"/>
        <counter type="COMPLEXITY" missed="2" covered="0"/>
        <counter type="METHOD" missed="1" covered="0"/>
      </method>
      <method name="exists" desc="()Z" line="102">
        <counter type="INSTRUCTION" missed="11" covered="0"/>
        <counter type="BRANCH" missed="4" covered="0"/>
        <counter type="LINE" missed="1" covered="0"/>
        <counter type="COMPLEXITY" missed="3" covered="0"/>
        <counter type="METHOD" missed="1" covered="0"/>
      </method>
      <method name="createFile" desc="()V" line="107">
        <counter type="INSTRUCTION" missed="59" covered="0"/>
        <counter type="BRANCH" missed="6" covered="0"/>
        <counter type="LINE" missed="16" covered="0"/>
        <counter type="COMPLEXITY" missed="4" covered="0"/>
        <counter type="METHOD" missed="1" covered="0"/>
      </method>
      <method name="destroyFile" desc="()V" line="133">
        <counter type="INSTRUCTION" missed="37" covered="0"/>
        <counter type="BRANCH" missed="10" covered="0"/>
        <counter type="LINE" missed="10" covered="0"/>
        <counter type="COMPLEXITY" missed="6" covered="0"/>
        <counter type="METHOD" missed="1" covered="0"/>
      </method>
      <method name="read0" desc="(JI)Ljava/util/concurrent/CompletableFuture;" line="150">
        <counter type="INSTRUCTION" missed="109" covered="0"/>
        <counter type="LINE" missed="26" covered="0"/>
        <counter type="COMPLEXITY" missed="1" covered="0"/>
        <counter type="METHOD" missed="1" covered="0"/>
      </method>
      <method name="commit0" desc="(Lorg/apache/rocketmq/tieredstore/provider/TieredFileSegment$TieredFileSegmentInputStream;JIZ)Ljava/util/concurrent/CompletableFuture;" line="186">
        <counter type="INSTRUCTION" missed="45" covered="0"/>
        <counter type="LINE" missed="12" covered="0"/>
        <counter type="COMPLEXITY" missed="1" covered="0"/>
        <counter type="METHOD" missed="1" covered="0"/>
      </method>
      <method name="lambda$commit0$0" desc="(Lorg/apache/rocketmq/tieredstore/provider/TieredFileSegment$TieredFileSegmentInputStream;ILjava/util/concurrent/CompletableFuture;JLio/opentelemetry/api/common/AttributesBuilder;Lcom/google/common/base/Stopwatch;)V" line="194">
        <counter type="INSTRUCTION" missed="129" covered="0"/>
        <counter type="BRANCH" missed="4" covered="0"/>
        <counter type="LINE" missed="27" covered="0"/>
        <counter type="COMPLEXITY" missed="3" covered="0"/>
        <counter type="METHOD" missed="1" covered="0"/>
      </method>
      <method name="&lt;clinit&gt;" desc="()V" line="49">
        <counter type="INSTRUCTION" missed="4" covered="0"/>
        <counter type="LINE" missed="1" covered="0"/>
        <counter type="COMPLEXITY" missed="1" covered="0"/>
        <counter type="METHOD" missed="1" covered="0"/>
      </method>
      <counter type="INSTRUCTION" missed="494" covered="0"/>
      <counter type="BRANCH" missed="30" covered="0"/>
      <counter type="LINE" missed="113" covered="0"/>
      <counter type="COMPLEXITY" missed="26" covered="0"/>
      <counter type="METHOD" missed="11" covered="0"/>
      <counter type="CLASS" missed="1" covered="0"/>
    </class>
    <sourcefile name="PosixFileSegment.java">
      <line nr="49" mi="4" ci="0" mb="0" cb="0"/>
      <line nr="63" mi="6" ci="0" mb="0" cb="0"/>
      <line nr="65" mi="3" ci="0" mb="0" cb="0"/>
      <line nr="66" mi="7" ci="0" mb="4" cb="0"/>
      <line nr="67" mi="4" ci="0" mb="0" cb="0"/>
      <line nr="69" mi="10" ci="0" mb="0" cb="0"/>
      <line nr="71" mi="8" ci="0" mb="0" cb="0"/>
      <line nr="72" mi="11" ci="0" mb="0" cb="0"/>
      <line nr="73" mi="5" ci="0" mb="0" cb="0"/>
      <line nr="74" mi="5" ci="0" mb="0" cb="0"/>
      <line nr="75" mi="9" ci="0" mb="0" cb="0"/>
      <line nr="77" mi="4" ci="0" mb="0" cb="0"/>
      <line nr="78" mi="2" ci="0" mb="0" cb="0"/>
      <line nr="79" mi="1" ci="0" mb="0" cb="0"/>
      <line nr="82" mi="5" ci="0" mb="0" cb="0"/>
      <line nr="83" mi="5" ci="0" mb="0" cb="0"/>
      <line nr="84" mi="3" ci="0" mb="0" cb="0"/>
      <line nr="89" mi="3" ci="0" mb="0" cb="0"/>
      <line nr="94" mi="3" ci="0" mb="2" cb="0"/>
      <line nr="95" mi="4" ci="0" mb="0" cb="0"/>
      <line nr="97" mi="2" ci="0" mb="0" cb="0"/>
      <line nr="102" mi="11" ci="0" mb="4" cb="0"/>
      <line nr="107" mi="3" ci="0" mb="2" cb="0"/>
      <line nr="108" mi="4" ci="0" mb="0" cb="0"/>
      <line nr="109" mi="3" ci="0" mb="2" cb="0"/>
      <line nr="110" mi="6" ci="0" mb="0" cb="0"/>
      <line nr="112" mi="3" ci="0" mb="0" cb="0"/>
      <line nr="113" mi="3" ci="0" mb="2" cb="0"/>
      <line nr="114" mi="3" ci="0" mb="0" cb="0"/>
      <line nr="118" mi="3" ci="0" mb="0" cb="0"/>
      <line nr="119" mi="8" ci="0" mb="0" cb="0"/>
      <line nr="120" mi="8" ci="0" mb="0" cb="0"/>
      <line nr="121" mi="3" ci="0" mb="0" cb="0"/>
      <line nr="122" mi="1" ci="0" mb="0" cb="0"/>
      <line nr="123" mi="6" ci="0" mb="0" cb="0"/>
      <line nr="124" mi="1" ci="0" mb="0" cb="0"/>
      <line nr="126" mi="3" ci="0" mb="0" cb="0"/>
      <line nr="128" mi="1" ci="0" mb="0" cb="0"/>
      <line nr="133" mi="7" ci="0" mb="4" cb="0"/>
      <line nr="134" mi="3" ci="0" mb="0" cb="0"/>
      <line nr="136" mi="7" ci="0" mb="4" cb="0"/>
      <line nr="137" mi="3" ci="0" mb="0" cb="0"/>
      <line nr="139" mi="1" ci="0" mb="0" cb="0"/>
      <line nr="140" mi="6" ci="0" mb="0" cb="0"/>
      <line nr="141" mi="1" ci="0" mb="0" cb="0"/>
      <line nr="143" mi="4" ci="0" mb="2" cb="0"/>
      <line nr="144" mi="4" ci="0" mb="0" cb="0"/>
      <line nr="146" mi="1" ci="0" mb="0" cb="0"/>
      <line nr="150" mi="2" ci="0" mb="0" cb="0"/>
      <line nr="151" mi="4" ci="0" mb="0" cb="0"/>
      <line nr="152" mi="2" ci="0" mb="0" cb="0"/>
      <line nr="154" mi="4" ci="0" mb="0" cb="0"/>
      <line nr="155" mi="3" ci="0" mb="0" cb="0"/>
      <line nr="157" mi="5" ci="0" mb="0" cb="0"/>
      <line nr="158" mi="5" ci="0" mb="0" cb="0"/>
      <line nr="159" mi="3" ci="0" mb="0" cb="0"/>
      <line nr="161" mi="5" ci="0" mb="0" cb="0"/>
      <line nr="162" mi="5" ci="0" mb="0" cb="0"/>
      <line nr="163" mi="5" ci="0" mb="0" cb="0"/>
      <line nr="165" mi="4" ci="0" mb="0" cb="0"/>
      <line nr="166" mi="1" ci="0" mb="0" cb="0"/>
      <line nr="167" mi="2" ci="0" mb="0" cb="0"/>
      <line nr="168" mi="3" ci="0" mb="0" cb="0"/>
      <line nr="169" mi="5" ci="0" mb="0" cb="0"/>
      <line nr="171" mi="4" ci="0" mb="0" cb="0"/>
      <line nr="172" mi="1" ci="0" mb="0" cb="0"/>
      <line nr="173" mi="5" ci="0" mb="0" cb="0"/>
      <line nr="174" mi="5" ci="0" mb="0" cb="0"/>
      <line nr="175" mi="5" ci="0" mb="0" cb="0"/>
      <line nr="176" mi="13" ci="0" mb="0" cb="0"/>
      <line nr="177" mi="11" ci="0" mb="0" cb="0"/>
      <line nr="178" mi="4" ci="0" mb="0" cb="0"/>
      <line nr="179" mi="1" ci="0" mb="0" cb="0"/>
      <line nr="180" mi="2" ci="0" mb="0" cb="0"/>
      <line nr="186" mi="2" ci="0" mb="0" cb="0"/>
      <line nr="187" mi="4" ci="0" mb="0" cb="0"/>
      <line nr="188" mi="2" ci="0" mb="0" cb="0"/>
      <line nr="190" mi="4" ci="0" mb="0" cb="0"/>
      <line nr="192" mi="10" ci="0" mb="0" cb="0"/>
      <line nr="194" mi="3" ci="0" mb="0" cb="0"/>
      <line nr="195" mi="4" ci="0" mb="2" cb="0"/>
      <line nr="196" mi="14" ci="0" mb="0" cb="0"/>
      <line nr="197" mi="7" ci="0" mb="0" cb="0"/>
      <line nr="198" mi="5" ci="0" mb="0" cb="0"/>
      <line nr="199" mi="1" ci="0" mb="0" cb="0"/>
      <line nr="201" mi="5" ci="0" mb="0" cb="0"/>
      <line nr="202" mi="3" ci="0" mb="0" cb="0"/>
      <line nr="203" mi="3" ci="0" mb="2" cb="0"/>
      <line nr="204" mi="6" ci="0" mb="0" cb="0"/>
      <line nr="207" mi="5" ci="0" mb="0" cb="0"/>
      <line nr="208" mi="5" ci="0" mb="0" cb="0"/>
      <line nr="209" mi="5" ci="0" mb="0" cb="0"/>
      <line nr="211" mi="4" ci="0" mb="0" cb="0"/>
      <line nr="212" mi="1" ci="0" mb="0" cb="0"/>
      <line nr="213" mi="2" ci="0" mb="0" cb="0"/>
      <line nr="214" mi="5" ci="0" mb="0" cb="0"/>
      <line nr="216" mi="5" ci="0" mb="0" cb="0"/>
      <line nr="217" mi="1" ci="0" mb="0" cb="0"/>
      <line nr="218" mi="5" ci="0" mb="0" cb="0"/>
      <line nr="219" mi="5" ci="0" mb="0" cb="0"/>
      <line nr="220" mi="5" ci="0" mb="0" cb="0"/>
      <line nr="222" mi="13" ci="0" mb="0" cb="0"/>
      <line nr="223" mi="11" ci="0" mb="0" cb="0"/>
      <line nr="224" mi="4" ci="0" mb="0" cb="0"/>
      <line nr="225" mi="1" ci="0" mb="0" cb="0"/>
      <line nr="226" mi="1" ci="0" mb="0" cb="0"/>
      <line nr="227" mi="1" ci="0" mb="0" cb="0"/>
      <line nr="229" mi="5" ci="0" mb="0" cb="0"/>
      <line nr="230" mi="5" ci="0" mb="0" cb="0"/>
      <line nr="231" mi="5" ci="0" mb="0" cb="0"/>
      <line nr="233" mi="4" ci="0" mb="0" cb="0"/>
      <line nr="234" mi="1" ci="0" mb="0" cb="0"/>
      <line nr="235" mi="2" ci="0" mb="0" cb="0"/>
      <counter type="INSTRUCTION" missed="494" covered="0"/>
      <counter type="BRANCH" missed="30" covered="0"/>
      <counter type="LINE" missed="113" covered="0"/>
      <counter type="COMPLEXITY" missed="26" covered="0"/>
      <counter type="METHOD" missed="11" covered="0"/>
      <counter type="CLASS" missed="1" covered="0"/>
    </sourcefile>
    <counter type="INSTRUCTION" missed="494" covered="0"/>
    <counter type="BRANCH" missed="30" covered="0"/>
    <counter type="LINE" missed="113" covered="0"/>
    <counter type="COMPLEXITY" missed="26" covered="0"/>
    <counter type="METHOD" missed="11" covered="0"/>
    <counter type="CLASS" missed="1" covered="0"/>
  </package>
  <package name="org/apache/rocketmq/tieredstore/common">
    <class name="org/apache/rocketmq/tieredstore/common/TieredMessageStoreConfig" sourcefilename="TieredMessageStoreConfig.java">
      <method name="&lt;init&gt;" desc="()V" line="23">
        <counter type="INSTRUCTION" missed="0" covered="106"/>
        <counter type="LINE" missed="0" covered="32"/>
        <counter type="COMPLEXITY" missed="0" covered="1"/>
        <counter type="METHOD" missed="0" covered="1"/>
      </method>
      <method name="localHostName" desc="()Ljava/lang/String;" line="128">
        <counter type="INSTRUCTION" missed="3" covered="3"/>
        <counter type="LINE" missed="2" covered="1"/>
        <counter type="COMPLEXITY" missed="0" covered="1"/>
        <counter type="METHOD" missed="0" covered="1"/>
      </method>
      <method name="getBrokerName" desc="()Ljava/lang/String;" line="136">
        <counter type="INSTRUCTION" missed="0" covered="3"/>
        <counter type="LINE" missed="0" covered="1"/>
        <counter type="COMPLEXITY" missed="0" covered="1"/>
        <counter type="METHOD" missed="0" covered="1"/>
      </method>
      <method name="setBrokerName" desc="(Ljava/lang/String;)V" line="140">
        <counter type="INSTRUCTION" missed="0" covered="4"/>
        <counter type="LINE" missed="0" covered="2"/>
        <counter type="COMPLEXITY" missed="0" covered="1"/>
        <counter type="METHOD" missed="0" covered="1"/>
      </method>
      <method name="getBrokerClusterName" desc="()Ljava/lang/String;" line="144">
        <counter type="INSTRUCTION" missed="0" covered="3"/>
        <counter type="LINE" missed="0" covered="1"/>
        <counter type="COMPLEXITY" missed="0" covered="1"/>
        <counter type="METHOD" missed="0" covered="1"/>
      </method>
      <method name="setBrokerClusterName" desc="(Ljava/lang/String;)V" line="148">
        <counter type="INSTRUCTION" missed="0" covered="4"/>
        <counter type="LINE" missed="0" covered="2"/>
        <counter type="COMPLEXITY" missed="0" covered="1"/>
        <counter type="METHOD" missed="0" covered="1"/>
      </method>
      <method name="getTieredStorageLevel" desc="()Lorg/apache/rocketmq/tieredstore/common/TieredMessageStoreConfig$TieredStorageLevel;" line="152">
        <counter type="INSTRUCTION" missed="0" covered="3"/>
        <counter type="LINE" missed="0" covered="1"/>
        <counter type="COMPLEXITY" missed="0" covered="1"/>
        <counter type="METHOD" missed="0" covered="1"/>
      </method>
      <method name="setTieredStorageLevel" desc="(Lorg/apache/rocketmq/tieredstore/common/TieredMessageStoreConfig$TieredStorageLevel;)V" line="156">
        <counter type="INSTRUCTION" missed="4" covered="0"/>
        <counter type="LINE" missed="2" covered="0"/>
        <counter type="COMPLEXITY" missed="1" covered="0"/>
        <counter type="METHOD" missed="1" covered="0"/>
      </method>
      <method name="setTieredStorageLevel" desc="(I)V" line="160">
        <counter type="INSTRUCTION" missed="0" covered="5"/>
        <counter type="LINE" missed="0" covered="2"/>
        <counter type="COMPLEXITY" missed="0" covered="1"/>
        <counter type="METHOD" missed="0" covered="1"/>
      </method>
      <method name="setTieredStorageLevel" desc="(Ljava/lang/String;)V" line="164">
        <counter type="INSTRUCTION" missed="5" covered="0"/>
        <counter type="LINE" missed="2" covered="0"/>
        <counter type="COMPLEXITY" missed="1" covered="0"/>
        <counter type="METHOD" missed="1" covered="0"/>
      </method>
      <method name="getStorePathRootDir" desc="()Ljava/lang/String;" line="168">
        <counter type="INSTRUCTION" missed="0" covered="3"/>
        <counter type="LINE" missed="0" covered="1"/>
        <counter type="COMPLEXITY" missed="0" covered="1"/>
        <counter type="METHOD" missed="0" covered="1"/>
      </method>
      <method name="setStorePathRootDir" desc="(Ljava/lang/String;)V" line="172">
        <counter type="INSTRUCTION" missed="0" covered="4"/>
        <counter type="LINE" missed="0" covered="2"/>
        <counter type="COMPLEXITY" missed="0" covered="1"/>
        <counter type="METHOD" missed="0" covered="1"/>
      </method>
      <method name="isMessageIndexEnable" desc="()Z" line="176">
        <counter type="INSTRUCTION" missed="3" covered="0"/>
        <counter type="LINE" missed="1" covered="0"/>
        <counter type="COMPLEXITY" missed="1" covered="0"/>
        <counter type="METHOD" missed="1" covered="0"/>
      </method>
      <method name="setMessageIndexEnable" desc="(Z)V" line="180">
        <counter type="INSTRUCTION" missed="0" covered="4"/>
        <counter type="LINE" missed="0" covered="2"/>
        <counter type="COMPLEXITY" missed="0" covered="1"/>
        <counter type="METHOD" missed="0" covered="1"/>
      </method>
      <method name="getTieredStoreCommitLogMaxSize" desc="()J" line="184">
        <counter type="INSTRUCTION" missed="3" covered="0"/>
        <counter type="LINE" missed="1" covered="0"/>
        <counter type="COMPLEXITY" missed="1" covered="0"/>
        <counter type="METHOD" missed="1" covered="0"/>
      </method>
      <method name="setTieredStoreCommitLogMaxSize" desc="(J)V" line="188">
        <counter type="INSTRUCTION" missed="4" covered="0"/>
        <counter type="LINE" missed="2" covered="0"/>
        <counter type="COMPLEXITY" missed="1" covered="0"/>
        <counter type="METHOD" missed="1" covered="0"/>
      </method>
      <method name="getTieredStoreConsumeQueueMaxSize" desc="()J" line="192">
        <counter type="INSTRUCTION" missed="3" covered="0"/>
        <counter type="LINE" missed="1" covered="0"/>
        <counter type="COMPLEXITY" missed="1" covered="0"/>
        <counter type="METHOD" missed="1" covered="0"/>
      </method>
      <method name="setTieredStoreConsumeQueueMaxSize" desc="(J)V" line="196">
        <counter type="INSTRUCTION" missed="4" covered="0"/>
        <counter type="LINE" missed="2" covered="0"/>
        <counter type="COMPLEXITY" missed="1" covered="0"/>
        <counter type="METHOD" missed="1" covered="0"/>
      </method>
      <method name="getTieredStoreIndexFileMaxHashSlotNum" desc="()I" line="200">
        <counter type="INSTRUCTION" missed="0" covered="3"/>
        <counter type="LINE" missed="0" covered="1"/>
        <counter type="COMPLEXITY" missed="0" covered="1"/>
        <counter type="METHOD" missed="0" covered="1"/>
      </method>
      <method name="setTieredStoreIndexFileMaxHashSlotNum" desc="(I)V" line="204">
        <counter type="INSTRUCTION" missed="4" covered="0"/>
        <counter type="LINE" missed="2" covered="0"/>
        <counter type="COMPLEXITY" missed="1" covered="0"/>
        <counter type="METHOD" missed="1" covered="0"/>
      </method>
      <method name="getTieredStoreIndexFileMaxIndexNum" desc="()I" line="208">
        <counter type="INSTRUCTION" missed="0" covered="3"/>
        <counter type="LINE" missed="0" covered="1"/>
        <counter type="COMPLEXITY" missed="0" covered="1"/>
        <counter type="METHOD" missed="0" covered="1"/>
      </method>
      <method name="setTieredStoreIndexFileMaxIndexNum" desc="(I)V" line="212">
        <counter type="INSTRUCTION" missed="4" covered="0"/>
        <counter type="LINE" missed="2" covered="0"/>
        <counter type="COMPLEXITY" missed="1" covered="0"/>
        <counter type="METHOD" missed="1" covered="0"/>
      </method>
      <method name="getTieredStoreIndexFileRollingIdleInterval" desc="()I" line="216">
        <counter type="INSTRUCTION" missed="3" covered="0"/>
        <counter type="LINE" missed="1" covered="0"/>
        <counter type="COMPLEXITY" missed="1" covered="0"/>
        <counter type="METHOD" missed="1" covered="0"/>
      </method>
      <method name="setTieredStoreIndexFileRollingIdleInterval" desc="(I)V" line="220">
        <counter type="INSTRUCTION" missed="4" covered="0"/>
        <counter type="LINE" missed="2" covered="0"/>
        <counter type="COMPLEXITY" missed="1" covered="0"/>
        <counter type="METHOD" missed="1" covered="0"/>
      </method>
      <method name="getTieredMetadataServiceProvider" desc="()Ljava/lang/String;" line="224">
        <counter type="INSTRUCTION" missed="0" covered="3"/>
        <counter type="LINE" missed="0" covered="1"/>
        <counter type="COMPLEXITY" missed="0" covered="1"/>
        <counter type="METHOD" missed="0" covered="1"/>
      </method>
      <method name="setTieredMetadataServiceProvider" desc="(Ljava/lang/String;)V" line="228">
        <counter type="INSTRUCTION" missed="4" covered="0"/>
        <counter type="LINE" missed="2" covered="0"/>
        <counter type="COMPLEXITY" missed="1" covered="0"/>
        <counter type="METHOD" missed="1" covered="0"/>
      </method>
      <method name="getTieredBackendServiceProvider" desc="()Ljava/lang/String;" line="232">
        <counter type="INSTRUCTION" missed="0" covered="3"/>
        <counter type="LINE" missed="0" covered="1"/>
        <counter type="COMPLEXITY" missed="0" covered="1"/>
        <counter type="METHOD" missed="0" covered="1"/>
      </method>
      <method name="setTieredBackendServiceProvider" desc="(Ljava/lang/String;)V" line="236">
        <counter type="INSTRUCTION" missed="0" covered="4"/>
        <counter type="LINE" missed="0" covered="2"/>
        <counter type="COMPLEXITY" missed="0" covered="1"/>
        <counter type="METHOD" missed="0" covered="1"/>
      </method>
      <method name="getTieredStoreFileReservedTime" desc="()I" line="240">
        <counter type="INSTRUCTION" missed="3" covered="0"/>
        <counter type="LINE" missed="1" covered="0"/>
        <counter type="COMPLEXITY" missed="1" covered="0"/>
        <counter type="METHOD" missed="1" covered="0"/>
      </method>
      <method name="setTieredStoreFileReservedTime" desc="(I)V" line="244">
        <counter type="INSTRUCTION" missed="4" covered="0"/>
        <counter type="LINE" missed="2" covered="0"/>
        <counter type="COMPLEXITY" missed="1" covered="0"/>
        <counter type="METHOD" missed="1" covered="0"/>
      </method>
      <method name="getCommitLogRollingInterval" desc="()I" line="248">
        <counter type="INSTRUCTION" missed="3" covered="0"/>
        <counter type="LINE" missed="1" covered="0"/>
        <counter type="COMPLEXITY" missed="1" covered="0"/>
        <counter type="METHOD" missed="1" covered="0"/>
      </method>
      <method name="setCommitLogRollingInterval" desc="(I)V" line="252">
        <counter type="INSTRUCTION" missed="4" covered="0"/>
        <counter type="LINE" missed="2" covered="0"/>
        <counter type="COMPLEXITY" missed="1" covered="0"/>
        <counter type="METHOD" missed="1" covered="0"/>
      </method>
      <method name="getCommitLogRollingMinimumSize" desc="()I" line="256">
        <counter type="INSTRUCTION" missed="3" covered="0"/>
        <counter type="LINE" missed="1" covered="0"/>
        <counter type="COMPLEXITY" missed="1" covered="0"/>
        <counter type="METHOD" missed="1" covered="0"/>
      </method>
      <method name="setCommitLogRollingMinimumSize" desc="(I)V" line="260">
        <counter type="INSTRUCTION" missed="4" covered="0"/>
        <counter type="LINE" missed="2" covered="0"/>
        <counter type="COMPLEXITY" missed="1" covered="0"/>
        <counter type="METHOD" missed="1" covered="0"/>
      </method>
      <method name="getMaxCommitJitter" desc="()I" line="264">
        <counter type="INSTRUCTION" missed="3" covered="0"/>
        <counter type="LINE" missed="1" covered="0"/>
        <counter type="COMPLEXITY" missed="1" covered="0"/>
        <counter type="METHOD" missed="1" covered="0"/>
      </method>
      <method name="setMaxCommitJitter" desc="(I)V" line="268">
        <counter type="INSTRUCTION" missed="4" covered="0"/>
        <counter type="LINE" missed="2" covered="0"/>
        <counter type="COMPLEXITY" missed="1" covered="0"/>
        <counter type="METHOD" missed="1" covered="0"/>
      </method>
      <method name="getTieredStoreGroupCommitCount" desc="()I" line="272">
        <counter type="INSTRUCTION" missed="3" covered="0"/>
        <counter type="LINE" missed="1" covered="0"/>
        <counter type="COMPLEXITY" missed="1" covered="0"/>
        <counter type="METHOD" missed="1" covered="0"/>
      </method>
      <method name="setTieredStoreGroupCommitCount" desc="(I)V" line="276">
        <counter type="INSTRUCTION" missed="4" covered="0"/>
        <counter type="LINE" missed="2" covered="0"/>
        <counter type="COMPLEXITY" missed="1" covered="0"/>
        <counter type="METHOD" missed="1" covered="0"/>
      </method>
      <method name="getTieredStoreGroupCommitSize" desc="()I" line="280">
        <counter type="INSTRUCTION" missed="3" covered="0"/>
        <counter type="LINE" missed="1" covered="0"/>
        <counter type="COMPLEXITY" missed="1" covered="0"/>
        <counter type="METHOD" missed="1" covered="0"/>
      </method>
      <method name="setTieredStoreGroupCommitSize" desc="(I)V" line="284">
        <counter type="INSTRUCTION" missed="4" covered="0"/>
        <counter type="LINE" missed="2" covered="0"/>
        <counter type="COMPLEXITY" missed="1" covered="0"/>
        <counter type="METHOD" missed="1" covered="0"/>
      </method>
      <method name="getTieredStoreMaxGroupCommitCount" desc="()I" line="288">
        <counter type="INSTRUCTION" missed="3" covered="0"/>
        <counter type="LINE" missed="1" covered="0"/>
        <counter type="COMPLEXITY" missed="1" covered="0"/>
        <counter type="METHOD" missed="1" covered="0"/>
      </method>
      <method name="setTieredStoreMaxGroupCommitCount" desc="(I)V" line="292">
        <counter type="INSTRUCTION" missed="4" covered="0"/>
        <counter type="LINE" missed="2" covered="0"/>
        <counter type="COMPLEXITY" missed="1" covered="0"/>
        <counter type="METHOD" missed="1" covered="0"/>
      </method>
      <method name="getReadAheadMinFactor" desc="()I" line="296">
        <counter type="INSTRUCTION" missed="0" covered="3"/>
        <counter type="LINE" missed="0" covered="1"/>
        <counter type="COMPLEXITY" missed="0" covered="1"/>
        <counter type="METHOD" missed="0" covered="1"/>
      </method>
      <method name="setReadAheadMinFactor" desc="(I)V" line="300">
        <counter type="INSTRUCTION" missed="4" covered="0"/>
        <counter type="LINE" missed="2" covered="0"/>
        <counter type="COMPLEXITY" missed="1" covered="0"/>
        <counter type="METHOD" missed="1" covered="0"/>
      </method>
      <method name="getReadAheadMaxFactor" desc="()I" line="304">
        <counter type="INSTRUCTION" missed="3" covered="0"/>
        <counter type="LINE" missed="1" covered="0"/>
        <counter type="COMPLEXITY" missed="1" covered="0"/>
        <counter type="METHOD" missed="1" covered="0"/>
      </method>
      <method name="getReadAheadBatchSizeFactorThreshold" desc="()I" line="308">
        <counter type="INSTRUCTION" missed="3" covered="0"/>
        <counter type="LINE" missed="1" covered="0"/>
        <counter type="COMPLEXITY" missed="1" covered="0"/>
        <counter type="METHOD" missed="1" covered="0"/>
      </method>
      <method name="setReadAheadBatchSizeFactorThreshold" desc="(I)V" line="312">
        <counter type="INSTRUCTION" missed="4" covered="0"/>
        <counter type="LINE" missed="2" covered="0"/>
[...]
      <line nr="305" mi="2" ci="0" mb="0" cb="0"/>
      <line nr="306" mi="1" ci="0" mb="0" cb="0"/>
      <line nr="307" mi="3" ci="0" mb="0" cb="0"/>
      <line nr="308" mi="2" ci="0" mb="0" cb="0"/>
      <line nr="309" mi="12" ci="0" mb="2" cb="0"/>
      <line nr="310" mi="3" ci="0" mb="0" cb="0"/>
      <line nr="311" mi="4" ci="0" mb="2" cb="0"/>
      <line nr="312" mi="3" ci="0" mb="0" cb="0"/>
      <line nr="313" mi="3" ci="0" mb="0" cb="0"/>
      <line nr="314" mi="4" ci="0" mb="0" cb="0"/>
      <line nr="315" mi="3" ci="0" mb="0" cb="0"/>
      <line nr="316" mi="2" ci="0" mb="0" cb="0"/>
      <line nr="317" mi="6" ci="0" mb="0" cb="0"/>
      <line nr="319" mi="1" ci="0" mb="0" cb="0"/>
      <line nr="320" mi="1" ci="0" mb="0" cb="0"/>
      <line nr="321" mi="1" ci="0" mb="0" cb="0"/>
      <line nr="324" mi="4" ci="4" mb="1" cb="1"/>
      <line nr="325" mi="0" ci="7" mb="0" cb="0"/>
      <line nr="326" mi="0" ci="1" mb="0" cb="0"/>
      <counter type="INSTRUCTION" missed="750" covered="78"/>
      <counter type="BRANCH" missed="25" covered="1"/>
      <counter type="LINE" missed="180" covered="20"/>
      <counter type="COMPLEXITY" missed="29" covered="2"/>
      <counter type="METHOD" missed="16" covered="2"/>
      <counter type="CLASS" missed="0" covered="1"/>
    </sourcefile>
    <counter type="INSTRUCTION" missed="753" covered="78"/>
    <counter type="BRANCH" missed="25" covered="1"/>
    <counter type="LINE" missed="181" covered="20"/>
    <counter type="COMPLEXITY" missed="30" covered="2"/>
    <counter type="METHOD" missed="17" covered="2"/>
    <counter type="CLASS" missed="1" covered="1"/>
  </package>
  <package name="org/apache/rocketmq/tieredstore/util">
    <class name="org/apache/rocketmq/tieredstore/util/TieredStoreUtil$1" sourcefilename="TieredStoreUtil.java">
      <method name="&lt;init&gt;" desc="()V" line="51">
        <counter type="INSTRUCTION" missed="0" covered="7"/>
        <counter type="LINE" missed="0" covered="3"/>
        <counter type="COMPLEXITY" missed="0" covered="1"/>
        <counter type="METHOD" missed="0" covered="1"/>
      </method>
      <counter type="INSTRUCTION" missed="0" covered="7"/>
      <counter type="LINE" missed="0" covered="3"/>
      <counter type="COMPLEXITY" missed="0" covered="1"/>
      <counter type="METHOD" missed="0" covered="1"/>
      <counter type="CLASS" missed="0" covered="1"/>
    </class>
    <class name="org/apache/rocketmq/tieredstore/util/CQItemBufferUtil" sourcefilename="CQItemBufferUtil.java">
      <method name="&lt;init&gt;" desc="()V" line="21">
        <counter type="INSTRUCTION" missed="3" covered="0"/>
        <counter type="LINE" missed="1" covered="0"/>
        <counter type="COMPLEXITY" missed="1" covered="0"/>
        <counter type="METHOD" missed="1" covered="0"/>
      </method>
      <method name="getCommitLogOffset" desc="(Ljava/nio/ByteBuffer;)J" line="23">
        <counter type="INSTRUCTION" missed="5" covered="0"/>
        <counter type="LINE" missed="1" covered="0"/>
        <counter type="COMPLEXITY" missed="1" covered="0"/>
        <counter type="METHOD" missed="1" covered="0"/>
      </method>
      <method name="getSize" desc="(Ljava/nio/ByteBuffer;)I" line="27">
        <counter type="INSTRUCTION" missed="7" covered="0"/>
        <counter type="LINE" missed="1" covered="0"/>
        <counter type="COMPLEXITY" missed="1" covered="0"/>
        <counter type="METHOD" missed="1" covered="0"/>
      </method>
      <method name="getTagCode" desc="(Ljava/nio/ByteBuffer;)J" line="31">
        <counter type="INSTRUCTION" missed="7" covered="0"/>
        <counter type="LINE" missed="1" covered="0"/>
        <counter type="COMPLEXITY" missed="1" covered="0"/>
        <counter type="METHOD" missed="1" covered="0"/>
      </method>
      <counter type="INSTRUCTION" missed="22" covered="0"/>
      <counter type="LINE" missed="4" covered="0"/>
      <counter type="COMPLEXITY" missed="4" covered="0"/>
      <counter type="METHOD" missed="4" covered="0"/>
      <counter type="CLASS" missed="1" covered="0"/>
    </class>
    <class name="org/apache/rocketmq/tieredstore/util/TieredStoreUtil" sourcefilename="TieredStoreUtil.java">
      <method name="&lt;init&gt;" desc="()V" line="34">
        <counter type="INSTRUCTION" missed="3" covered="0"/>
        <counter type="LINE" missed="1" covered="0"/>
        <counter type="COMPLEXITY" missed="1" covered="0"/>
        <counter type="METHOD" missed="1" covered="0"/>
      </method>
      <method name="formatSize" desc="(JJLjava/lang/String;)Ljava/lang/String;" line="62">
        <counter type="INSTRUCTION" missed="15" covered="0"/>
        <counter type="LINE" missed="1" covered="0"/>
        <counter type="COMPLEXITY" missed="1" covered="0"/>
        <counter type="METHOD" missed="1" covered="0"/>
      </method>
      <method name="toHumanReadable" desc="(J)Ljava/lang/String;" line="66">
        <counter type="INSTRUCTION" missed="66" covered="0"/>
        <counter type="BRANCH" missed="14" covered="0"/>
        <counter type="LINE" missed="15" covered="0"/>
        <counter type="COMPLEXITY" missed="8" covered="0"/>
        <counter type="METHOD" missed="1" covered="0"/>
      </method>
      <method name="getHash" desc="(Ljava/lang/String;)Ljava/lang/String;" line="85">
        <counter type="INSTRUCTION" missed="30" covered="0"/>
        <counter type="LINE" missed="6" covered="0"/>
        <counter type="COMPLEXITY" missed="1" covered="0"/>
        <counter type="METHOD" missed="1" covered="0"/>
      </method>
      <method name="offset2FileName" desc="(J)Ljava/lang/String;" line="95">
        <counter type="INSTRUCTION" missed="55" covered="0"/>
        <counter type="LINE" missed="11" covered="0"/>
        <counter type="COMPLEXITY" missed="1" covered="0"/>
        <counter type="METHOD" missed="1" covered="0"/>
      </method>
      <method name="fileName2Offset" desc="(Ljava/lang/String;)J" line="115">
        <counter type="INSTRUCTION" missed="8" covered="0"/>
        <counter type="LINE" missed="1" covered="0"/>
        <counter type="COMPLEXITY" missed="1" covered="0"/>
        <counter type="METHOD" missed="1" covered="0"/>
      </method>
      <method name="addSystemTopic" desc="(Ljava/lang/String;)V" line="119">
        <counter type="INSTRUCTION" missed="0" covered="5"/>
        <counter type="LINE" missed="0" covered="2"/>
        <counter type="COMPLEXITY" missed="0" covered="1"/>
        <counter type="METHOD" missed="0" covered="1"/>
      </method>
      <method name="isSystemTopic" desc="(Ljava/lang/String;)Z" line="123">
        <counter type="INSTRUCTION" missed="20" covered="0"/>
        <counter type="BRANCH" missed="6" covered="0"/>
        <counter type="LINE" missed="7" covered="0"/>
        <counter type="COMPLEXITY" missed="4" covered="0"/>
        <counter type="METHOD" missed="1" covered="0"/>
      </method>
      <method name="getMetadataStore" desc="(Lorg/apache/rocketmq/tieredstore/common/TieredMessageStoreConfig;)Lorg/apache/rocketmq/tieredstore/metadata/TieredMetadataStore;" line="138">
        <counter type="INSTRUCTION" missed="7" covered="43"/>
        <counter type="BRANCH" missed="1" covered="5"/>
        <counter type="LINE" missed="2" covered="11"/>
        <counter type="COMPLEXITY" missed="1" covered="3"/>
        <counter type="METHOD" missed="0" covered="1"/>
      </method>
      <method name="&lt;clinit&gt;" desc="()V" line="35">
        <counter type="INSTRUCTION" missed="0" covered="17"/>
        <counter type="LINE" missed="0" covered="4"/>
        <counter type="COMPLEXITY" missed="0" covered="1"/>
        <counter type="METHOD" missed="0" covered="1"/>
      </method>
      <counter type="INSTRUCTION" missed="204" covered="65"/>
      <counter type="BRANCH" missed="21" covered="5"/>
      <counter type="LINE" missed="44" covered="17"/>
      <counter type="COMPLEXITY" missed="18" covered="5"/>
      <counter type="METHOD" missed="7" covered="3"/>
      <counter type="CLASS" missed="0" covered="1"/>
    </class>
    <class name="org/apache/rocketmq/tieredstore/util/MessageBufferUtil" sourcefilename="MessageBufferUtil.java">
      <method name="&lt;init&gt;" desc="()V" line="31">
        <counter type="INSTRUCTION" missed="3" covered="0"/>
        <counter type="LINE" missed="1" covered="0"/>
        <counter type="COMPLEXITY" missed="1" covered="0"/>
        <counter type="METHOD" missed="1" covered="0"/>
      </method>
      <method name="getTotalSize" desc="(Ljava/nio/ByteBuffer;)I" line="79">
        <counter type="INSTRUCTION" missed="5" covered="0"/>
        <counter type="LINE" missed="1" covered="0"/>
        <counter type="COMPLEXITY" missed="1" covered="0"/>
        <counter type="METHOD" missed="1" covered="0"/>
      </method>
      <method name="getMagicCode" desc="(Ljava/nio/ByteBuffer;)I" line="83">
        <counter type="INSTRUCTION" missed="7" covered="0"/>
        <counter type="LINE" missed="1" covered="0"/>
        <counter type="COMPLEXITY" missed="1" covered="0"/>
        <counter type="METHOD" missed="1" covered="0"/>
      </method>
      <method name="getQueueOffset" desc="(Ljava/nio/ByteBuffer;)J" line="87">
        <counter type="INSTRUCTION" missed="7" covered="0"/>
        <counter type="LINE" missed="1" covered="0"/>
        <counter type="COMPLEXITY" missed="1" covered="0"/>
        <counter type="METHOD" missed="1" covered="0"/>
      </method>
      <method name="getCommitLogOffset" desc="(Ljava/nio/ByteBuffer;)J" line="91">
        <counter type="INSTRUCTION" missed="7" covered="0"/>
        <counter type="LINE" missed="1" covered="0"/>
        <counter type="COMPLEXITY" missed="1" covered="0"/>
        <counter type="METHOD" missed="1" covered="0"/>
      </method>
      <method name="getStoreTimeStamp" desc="(Ljava/nio/ByteBuffer;)J" line="95">
        <counter type="INSTRUCTION" missed="7" covered="0"/>
        <counter type="LINE" missed="1" covered="0"/>
        <counter type="COMPLEXITY" missed="1" covered="0"/>
        <counter type="METHOD" missed="1" covered="0"/>
      </method>
      <method name="getOffsetIdBuffer" desc="(Ljava/nio/ByteBuffer;)Ljava/nio/ByteBuffer;" line="99">
        <counter type="INSTRUCTION" missed="26" covered="0"/>
        <counter type="LINE" missed="6" covered="0"/>
        <counter type="COMPLEXITY" missed="1" covered="0"/>
        <counter type="METHOD" missed="1" covered="0"/>
      </method>
      <method name="getOffsetId" desc="(Ljava/nio/ByteBuffer;)Ljava/lang/String;" line="108">
        <counter type="INSTRUCTION" missed="5" covered="0"/>
        <counter type="LINE" missed="1" covered="0"/>
        <counter type="COMPLEXITY" missed="1" covered="0"/>
        <counter type="METHOD" missed="1" covered="0"/>
      </method>
      <method name="getProperties" desc="(Ljava/nio/ByteBuffer;)Ljava/util/Map;" line="112">
        <counter type="INSTRUCTION" missed="6" covered="0"/>
        <counter type="LINE" missed="2" covered="0"/>
        <counter type="COMPLEXITY" missed="1" covered="0"/>
        <counter type="METHOD" missed="1" covered="0"/>
      </method>
      <method name="splitMessageBuffer" desc="(Ljava/nio/ByteBuffer;Ljava/nio/ByteBuffer;)Ljava/util/List;" line="118">
        <counter type="INSTRUCTION" missed="142" covered="0"/>
        <counter type="BRANCH" missed="14" covered="0"/>
        <counter type="LINE" missed="34" covered="0"/>
        <counter type="COMPLEXITY" missed="8" covered="0"/>
        <counter type="METHOD" missed="1" covered="0"/>
      </method>
      <method name="&lt;clinit&gt;" desc="()V" line="32">
        <counter type="INSTRUCTION" missed="4" covered="0"/>
        <counter type="LINE" missed="1" covered="0"/>
        <counter type="COMPLEXITY" missed="1" covered="0"/>
        <counter type="METHOD" missed="1" covered="0"/>
      </method>
      <counter type="INSTRUCTION" missed="219" covered="0"/>
      <counter type="BRANCH" missed="14" covered="0"/>
      <counter type="LINE" missed="50" covered="0"/>
      <counter type="COMPLEXITY" missed="18" covered="0"/>
      <counter type="METHOD" missed="11" covered="0"/>
      <counter type="CLASS" missed="1" covered="0"/>
    </class>
    <sourcefile name="TieredStoreUtil.java">
      <line nr="34" mi="3" ci="0" mb="0" cb="0"/>
      <line nr="35" mi="0" ci="3" mb="0" cb="0"/>
      <line nr="49" mi="0" ci="5" mb="0" cb="0"/>
      <line nr="51" mi="0" ci="6" mb="0" cb="0"/>
      <line nr="53" mi="0" ci="4" mb="0" cb="0"/>
      <line nr="54" mi="0" ci="1" mb="0" cb="0"/>
      <line nr="57" mi="0" ci="5" mb="0" cb="0"/>
      <line nr="62" mi="15" ci="0" mb="0" cb="0"/>
      <line nr="66" mi="4" ci="0" mb="2" cb="0"/>
      <line nr="67" mi="3" ci="0" mb="0" cb="0"/>
      <line nr="68" mi="4" ci="0" mb="2" cb="0"/>
      <line nr="69" mi="5" ci="0" mb="0" cb="0"/>
      <line nr="70" mi="4" ci="0" mb="2" cb="0"/>
      <line nr="71" mi="5" ci="0" mb="0" cb="0"/>
      <line nr="72" mi="4" ci="0" mb="2" cb="0"/>
      <line nr="73" mi="5" ci="0" mb="0" cb="0"/>
      <line nr="74" mi="4" ci="0" mb="2" cb="0"/>
      <line nr="75" mi="5" ci="0" mb="0" cb="0"/>
      <line nr="76" mi="4" ci="0" mb="2" cb="0"/>
      <line nr="77" mi="5" ci="0" mb="0" cb="0"/>
      <line nr="78" mi="4" ci="0" mb="2" cb="0"/>
      <line nr="79" mi="5" ci="0" mb="0" cb="0"/>
      <line nr="80" mi="5" ci="0" mb="0" cb="0"/>
      <line nr="85" mi="3" ci="0" mb="0" cb="0"/>
      <line nr="86" mi="5" ci="0" mb="0" cb="0"/>
      <line nr="87" mi="3" ci="0" mb="0" cb="0"/>
      <line nr="88" mi="16" ci="0" mb="0" cb="0"/>
      <line nr="89" mi="1" ci="0" mb="0" cb="0"/>
      <line nr="90" mi="2" ci="0" mb="0" cb="0"/>
      <line nr="95" mi="2" ci="0" mb="0" cb="0"/>
      <line nr="97" mi="3" ci="0" mb="0" cb="0"/>
      <line nr="98" mi="3" ci="0" mb="0" cb="0"/>
      <line nr="99" mi="3" ci="0" mb="0" cb="0"/>
      <line nr="102" mi="3" ci="0" mb="0" cb="0"/>
      <line nr="104" mi="6" ci="0" mb="0" cb="0"/>
      <line nr="106" mi="3" ci="0" mb="0" cb="0"/>
      <line nr="107" mi="16" ci="0" mb="0" cb="0"/>
      <line nr="108" mi="11" ci="0" mb="0" cb="0"/>
      <line nr="109" mi="1" ci="0" mb="0" cb="0"/>
      <line nr="110" mi="4" ci="0" mb="0" cb="0"/>
      <line nr="115" mi="8" ci="0" mb="0" cb="0"/>
      <line nr="119" mi="0" ci="4" mb="0" cb="0"/>
      <line nr="120" mi="0" ci="1" mb="0" cb="0"/>
      <line nr="123" mi="3" ci="0" mb="2" cb="0"/>
      <line nr="124" mi="2" ci="0" mb="0" cb="0"/>
      <line nr="127" mi="4" ci="0" mb="2" cb="0"/>
      <line nr="128" mi="2" ci="0" mb="0" cb="0"/>
      <line nr="131" mi="4" ci="0" mb="2" cb="0"/>
      <line nr="132" mi="2" ci="0" mb="0" cb="0"/>
      <line nr="134" mi="3" ci="0" mb="0" cb="0"/>
      <line nr="138" mi="0" ci="2" mb="0" cb="2"/>
      <line nr="139" mi="0" ci="2" mb="0" cb="0"/>
      <line nr="142" mi="0" ci="2" mb="0" cb="2"/>
      <line nr="143" mi="0" ci="4" mb="0" cb="0"/>
      <line nr="144" mi="0" ci="2" mb="1" cb="1"/>
      <line nr="146" mi="0" ci="6" mb="0" cb="0"/>
      <line nr="147" mi="0" ci="9" mb="0" cb="0"/>
      <line nr="148" mi="0" ci="10" mb="0" cb="0"/>
      <line nr="149" mi="1" ci="0" mb="0" cb="0"/>
      <line nr="150" mi="6" ci="0" mb="0" cb="0"/>
      <line nr="151" mi="0" ci="1" mb="0" cb="0"/>
      <line nr="153" mi="0" ci="3" mb="0" cb="0"/>
      <line nr="155" mi="0" ci="2" mb="0" cb="0"/>
      <counter type="INSTRUCTION" missed="204" covered="72"/>
      <counter type="BRANCH" missed="21" covered="5"/>
      <counter type="LINE" missed="44" covered="19"/>
      <counter type="COMPLEXITY" missed="18" covered="6"/>
      <counter type="METHOD" missed="7" covered="4"/>
      <counter type="CLASS" missed="0" covered="2"/>
    </sourcefile>
    <sourcefile name="CQItemBufferUtil.java">
      <line nr="21" mi="3" ci="0" mb="0" cb="0"/>
      <line nr="23" mi="5" ci="0" mb="0" cb="0"/>
      <line nr="27" mi="7" ci="0" mb="0" cb="0"/>
      <line nr="31" mi="7" ci="0" mb="0" cb="0"/>
      <counter type="INSTRUCTION" missed="22" covered="0"/>
      <counter type="LINE" missed="4" covered="0"/>
      <counter type="COMPLEXITY" missed="4" covered="0"/>
      <counter type="METHOD" missed="4" covered="0"/>
      <counter type="CLASS" missed="1" covered="0"/>
    </sourcefile>
    <sourcefile name="MessageBufferUtil.java">
      <line nr="31" mi="3" ci="0" mb="0" cb="0"/>
      <line nr="32" mi="4" ci="0" mb="0" cb="0"/>
      <line nr="79" mi="5" ci="0" mb="0" cb="0"/>
      <line nr="83" mi="7" ci="0" mb="0" cb="0"/>
      <line nr="87" mi="7" ci="0" mb="0" cb="0"/>
      <line nr="91" mi="7" ci="0" mb="0" cb="0"/>
      <line nr="95" mi="7" ci="0" mb="0" cb="0"/>
      <line nr="99" mi="3" ci="0" mb="0" cb="0"/>
      <line nr="100" mi="4" ci="0" mb="0" cb="0"/>
      <line nr="101" mi="9" ci="0" mb="0" cb="0"/>
      <line nr="102" mi="5" ci="0" mb="0" cb="0"/>
      <line nr="103" mi="3" ci="0" mb="0" cb="0"/>
      <line nr="104" mi="2" ci="0" mb="0" cb="0"/>
      <line nr="108" mi="5" ci="0" mb="0" cb="0"/>
      <line nr="112" mi="3" ci="0" mb="0" cb="0"/>
      <line nr="113" mi="3" ci="0" mb="0" cb="0"/>
      <line nr="118" mi="3" ci="0" mb="0" cb="0"/>
      <line nr="119" mi="3" ci="0" mb="0" cb="0"/>
      <line nr="120" mi="8" ci="0" mb="0" cb="0"/>
      <line nr="121" mi="5" ci="0" mb="2" cb="0"/>
      <line nr="122" mi="4" ci="0" mb="0" cb="0"/>
      <line nr="123" mi="4" ci="0" mb="0" cb="0"/>
      <line nr="124" mi="2" ci="0" mb="0" cb="0"/>
      <line nr="127" mi="3" ci="0" mb="0" cb="0"/>
      <line nr="128" mi="9" ci="0" mb="2" cb="0"/>
      <line nr="129" mi="4" ci="0" mb="0" cb="0"/>
      <line nr="130" mi="6" ci="0" mb="0" cb="0"/>
      <line nr="131" mi="3" ci="0" mb="0" cb="0"/>
      <line nr="132" mi="6" ci="0" mb="2" cb="0"/>
      <line nr="133" mi="10" ci="0" mb="0" cb="0"/>
      <line nr="134" mi="4" ci="0" mb="0" cb="0"/>
      <line nr="136" mi="4" ci="0" mb="0" cb="0"/>
      <line nr="138" mi="3" ci="0" mb="0" cb="0"/>
      <line nr="139" mi="3" ci="0" mb="2" cb="0"/>
      <line nr="140" mi="3" ci="0" mb="0" cb="0"/>
      <line nr="141" mi="4" ci="0" mb="0" cb="0"/>
      <line nr="142" mi="4" ci="0" mb="0" cb="0"/>
      <line nr="143" mi="3" ci="0" mb="0" cb="0"/>
      <line nr="145" mi="6" ci="0" mb="4" cb="0"/>
      <line nr="146" mi="3" ci="0" mb="0" cb="0"/>
      <line nr="147" mi="1" ci="0" mb="0" cb="0"/>
      <line nr="150" mi="4" ci="0" mb="2" cb="0"/>
      <line nr="151" mi="8" ci="0" mb="0" cb="0"/>
      <line nr="152" mi="1" ci="0" mb="0" cb="0"/>
      <line nr="155" mi="8" ci="0" mb="0" cb="0"/>
      <line nr="157" mi="1" ci="0" mb="0" cb="0"/>
      <line nr="158" mi="4" ci="0" mb="0" cb="0"/>
      <line nr="160" mi="3" ci="0" mb="0" cb="0"/>
      <line nr="161" mi="3" ci="0" mb="0" cb="0"/>
      <line nr="163" mi="2" ci="0" mb="0" cb="0"/>
      <counter type="INSTRUCTION" missed="219" covered="0"/>
      <counter type="BRANCH" missed="14" covered="0"/>
      <counter type="LINE" missed="50" covered="0"/>
      <counter type="COMPLEXITY" missed="18" covered="0"/>
      <counter type="METHOD" missed="11" covered="0"/>
      <counter type="CLASS" missed="1" covered="0"/>
    </sourcefile>
    <counter type="INSTRUCTION" missed="445" covered="72"/>
    <counter type="BRANCH" missed="35" covered="5"/>
    <counter type="LINE" missed="98" covered="19"/>
    <counter type="COMPLEXITY" missed="40" covered="6"/>
    <counter type="METHOD" missed="22" covered="4"/>
    <counter type="CLASS" missed="2" covered="2"/>
  </package>
  <counter type="INSTRUCTION" missed="12142" covered="2165"/>
  <counter type="BRANCH" missed="940" covered="86"/>
  <counter type="LINE" missed="2582" covered="510"/>
  <counter type="COMPLEXITY" missed="956" covered="134"/>
  <counter type="METHOD" missed="450" covered="116"/>
  <counter type="CLASS" missed="15" covered="21"/>
</report>
