<?xml version="1.0" ?>
<!DOCTYPE report
  PUBLIC '-//JACOCO//DTD Report 1.1//EN'
  'report.dtd'>
<report name="nacos-client 2.2.1-SNAPSHOT">
  <sessioninfo id="e27a2b3504c1-ffc82ef" start="1716498246793" dump="1716498248868"/>
  <package name="com/alibaba/nacos/client/naming/remote/gprc/redo/data">
    <class name="com/alibaba/nacos/client/naming/remote/gprc/redo/data/SubscriberRedoData" sourcefilename="SubscriberRedoData.java">
      <method name="&lt;init&gt;" desc="(Ljava/lang/String;Ljava/lang/String;)V" line="27">
        <counter type="INSTRUCTION" missed="5" covered="0"/>
        <counter type="LINE" missed="2" covered="0"/>
        <counter type="COMPLEXITY" missed="1" covered="0"/>
        <counter type="METHOD" missed="1" covered="0"/>
      </method>
      <method name="build" desc="(Ljava/lang/String;Ljava/lang/String;Ljava/lang/String;)Lcom/alibaba/nacos/client/naming/remote/gprc/redo/data/SubscriberRedoData;" line="39">
        <counter type="INSTRUCTION" missed="11" covered="0"/>
        <counter type="LINE" missed="3" covered="0"/>
        <counter type="COMPLEXITY" missed="1" covered="0"/>
        <counter type="METHOD" missed="1" covered="0"/>
      </method>
      <counter type="INSTRUCTION" missed="16" covered="0"/>
      <counter type="LINE" missed="5" covered="0"/>
      <counter type="COMPLEXITY" missed="2" covered="0"/>
      <counter type="METHOD" missed="2" covered="0"/>
      <counter type="CLASS" missed="1" covered="0"/>
    </class>
    <class name="com/alibaba/nacos/client/naming/remote/gprc/redo/data/RedoData" sourcefilename="RedoData.java">
      <method name="&lt;init&gt;" desc="(Ljava/lang/String;Ljava/lang/String;)V" line="55">
        <counter type="INSTRUCTION" missed="0" covered="12"/>
        <counter type="LINE" missed="0" covered="5"/>
        <counter type="COMPLEXITY" missed="0" covered="1"/>
        <counter type="METHOD" missed="0" covered="1"/>
      </method>
      <method name="getServiceName" desc="()Ljava/lang/String;" line="62">
        <counter type="INSTRUCTION" missed="3" covered="0"/>
        <counter type="LINE" missed="1" covered="0"/>
        <counter type="COMPLEXITY" missed="1" covered="0"/>
        <counter type="METHOD" missed="1" covered="0"/>
      </method>
      <method name="getGroupName" desc="()Ljava/lang/String;" line="66">
        <counter type="INSTRUCTION" missed="3" covered="0"/>
        <counter type="LINE" missed="1" covered="0"/>
        <counter type="COMPLEXITY" missed="1" covered="0"/>
        <counter type="METHOD" missed="1" covered="0"/>
      </method>
      <method name="setExpectedRegistered" desc="(Z)V" line="70">
        <counter type="INSTRUCTION" missed="0" covered="4"/>
        <counter type="LINE" missed="0" covered="2"/>
        <counter type="COMPLEXITY" missed="0" covered="1"/>
        <counter type="METHOD" missed="0" covered="1"/>
      </method>
      <method name="isExpectedRegistered" desc="()Z" line="74">
        <counter type="INSTRUCTION" missed="0" covered="3"/>
        <counter type="LINE" missed="0" covered="1"/>
        <counter type="COMPLEXITY" missed="0" covered="1"/>
        <counter type="METHOD" missed="0" covered="1"/>
      </method>
      <method name="isRegistered" desc="()Z" line="78">
        <counter type="INSTRUCTION" missed="3" covered="0"/>
        <counter type="LINE" missed="1" covered="0"/>
        <counter type="COMPLEXITY" missed="1" covered="0"/>
        <counter type="METHOD" missed="1" covered="0"/>
      </method>
      <method name="isUnregistering" desc="()Z" line="82">
        <counter type="INSTRUCTION" missed="3" covered="0"/>
        <counter type="LINE" missed="1" covered="0"/>
        <counter type="COMPLEXITY" missed="1" covered="0"/>
        <counter type="METHOD" missed="1" covered="0"/>
      </method>
      <method name="setRegistered" desc="(Z)V" line="86">
        <counter type="INSTRUCTION" missed="4" covered="0"/>
        <counter type="LINE" missed="2" covered="0"/>
        <counter type="COMPLEXITY" missed="1" covered="0"/>
        <counter type="METHOD" missed="1" covered="0"/>
      </method>
      <method name="setUnregistering" desc="(Z)V" line="90">
        <counter type="INSTRUCTION" missed="0" covered="4"/>
        <counter type="LINE" missed="0" covered="2"/>
        <counter type="COMPLEXITY" missed="0" covered="1"/>
        <counter type="METHOD" missed="0" covered="1"/>
      </method>
      <method name="get" desc="()Ljava/lang/Object;" line="94">
        <counter type="INSTRUCTION" missed="3" covered="0"/>
        <counter type="LINE" missed="1" covered="0"/>
        <counter type="COMPLEXITY" missed="1" covered="0"/>
        <counter type="METHOD" missed="1" covered="0"/>
      </method>
      <method name="set" desc="(Ljava/lang/Object;)V" line="98">
        <counter type="INSTRUCTION" missed="0" covered="4"/>
        <counter type="LINE" missed="0" covered="2"/>
        <counter type="COMPLEXITY" missed="0" covered="1"/>
        <counter type="METHOD" missed="0" covered="1"/>
      </method>
      <method name="registered" desc="()V" line="102">
        <counter type="INSTRUCTION" missed="7" covered="0"/>
        <counter type="LINE" missed="3" covered="0"/>
        <counter type="COMPLEXITY" missed="1" covered="0"/>
        <counter type="METHOD" missed="1" covered="0"/>
      </method>
      <method name="unregistered" desc="()V" line="107">
        <counter type="INSTRUCTION" missed="7" covered="0"/>
        <counter type="LINE" missed="3" covered="0"/>
        <counter type="COMPLEXITY" missed="1" covered="0"/>
        <counter type="METHOD" missed="1" covered="0"/>
      </method>
      <method name="isNeedRedo" desc="()Z" line="112">
        <counter type="INSTRUCTION" missed="9" covered="0"/>
        <counter type="BRANCH" missed="2" covered="0"/>
        <counter type="LINE" missed="1" covered="0"/>
        <counter type="COMPLEXITY" missed="2" covered="0"/>
        <counter type="METHOD" missed="1" covered="0"/>
      </method>
      <method name="getRedoType" desc="()Lcom/alibaba/nacos/client/naming/remote/gprc/redo/data/RedoData$RedoType;" line="128">
        <counter type="INSTRUCTION" missed="36" covered="0"/>
        <counter type="BRANCH" missed="16" covered="0"/>
        <counter type="LINE" missed="7" covered="0"/>
        <counter type="COMPLEXITY" missed="9" covered="0"/>
        <counter type="METHOD" missed="1" covered="0"/>
      </method>
      <method name="equals" desc="(Ljava/lang/Object;)Z" line="164">
        <counter type="INSTRUCTION" missed="49" covered="0"/>
        <counter type="BRANCH" missed="16" covered="0"/>
        <counter type="LINE" missed="8" covered="0"/>
        <counter type="COMPLEXITY" missed="9" covered="0"/>
        <counter type="METHOD" missed="1" covered="0"/>
      </method>
      <method name="hashCode" desc="()I" line="178">
        <counter type="INSTRUCTION" missed="31" covered="0"/>
        <counter type="LINE" missed="1" covered="0"/>
        <counter type="COMPLEXITY" missed="1" covered="0"/>
        <counter type="METHOD" missed="1" covered="0"/>
      </method>
      <counter type="INSTRUCTION" missed="158" covered="27"/>
      <counter type="BRANCH" missed="34" covered="0"/>
      <counter type="LINE" missed="30" covered="12"/>
      <counter type="COMPLEXITY" missed="29" covered="5"/>
      <counter type="METHOD" missed="12" covered="5"/>
      <counter type="CLASS" missed="0" covered="1"/>
    </class>
    <class name="com/alibaba/nacos/client/naming/remote/gprc/redo/data/InstanceRedoData" sourcefilename="InstanceRedoData.java">
      <method name="&lt;init&gt;" desc="(Ljava/lang/String;Ljava/lang/String;)V" line="29">
        <counter type="INSTRUCTION" missed="0" covered="5"/>
        <counter type="LINE" missed="0" covered="2"/>
        <counter type="COMPLEXITY" missed="0" covered="1"/>
        <counter type="METHOD" missed="0" covered="1"/>
      </method>
      <method name="build" desc="(Ljava/lang/String;Ljava/lang/String;Lcom/alibaba/nacos/api/naming/pojo/Instance;)Lcom/alibaba/nacos/client/naming/remote/gprc/redo/data/InstanceRedoData;" line="41">
        <counter type="INSTRUCTION" missed="0" covered="11"/>
        <counter type="LINE" missed="0" covered="3"/>
        <counter type="COMPLEXITY" missed="0" covered="1"/>
        <counter type="METHOD" missed="0" covered="1"/>
      </method>
      <counter type="INSTRUCTION" missed="0" covered="16"/>
      <counter type="LINE" missed="0" covered="5"/>
      <counter type="COMPLEXITY" missed="0" covered="2"/>
      <counter type="METHOD" missed="0" covered="2"/>
      <counter type="CLASS" missed="0" covered="1"/>
    </class>
    <class name="com/alibaba/nacos/client/naming/remote/gprc/redo/data/RedoData$RedoType" sourcefilename="RedoData.java">
      <method name="&lt;clinit&gt;" desc="()V" line="139">
        <counter type="INSTRUCTION" missed="44" covered="0"/>
        <counter type="LINE" missed="5" covered="0"/>
        <counter type="COMPLEXITY" missed="1" covered="0"/>
        <counter type="METHOD" missed="1" covered="0"/>
      </method>
      <counter type="INSTRUCTION" missed="44" covered="0"/>
      <counter type="LINE" missed="5" covered="0"/>
      <counter type="COMPLEXITY" missed="1" covered="0"/>
      <counter type="METHOD" missed="1" covered="0"/>
      <counter type="CLASS" missed="1" covered="0"/>
    </class>
    <class name="com/alibaba/nacos/client/naming/remote/gprc/redo/data/BatchInstanceRedoData" sourcefilename="BatchInstanceRedoData.java">
      <method name="getInstances" desc="()Ljava/util/List;" line="34">
        <counter type="INSTRUCTION" missed="3" covered="0"/>
        <counter type="LINE" missed="1" covered="0"/>
        <counter type="COMPLEXITY" missed="1" covered="0"/>
        <counter type="METHOD" missed="1" covered="0"/>
      </method>
      <method name="setInstances" desc="(Ljava/util/List;)V" line="38">
        <counter type="INSTRUCTION" missed="4" covered="0"/>
        <counter type="LINE" missed="2" covered="0"/>
        <counter type="COMPLEXITY" missed="1" covered="0"/>
        <counter type="METHOD" missed="1" covered="0"/>
      </method>
      <method name="&lt;init&gt;" desc="(Ljava/lang/String;Ljava/lang/String;)V" line="42">
        <counter type="INSTRUCTION" missed="5" covered="0"/>
        <counter type="LINE" missed="2" covered="0"/>
        <counter type="COMPLEXITY" missed="1" covered="0"/>
        <counter type="METHOD" missed="1" covered="0"/>
      </method>
      <method name="build" desc="(Ljava/lang/String;Ljava/lang/String;Ljava/util/List;)Lcom/alibaba/nacos/client/naming/remote/gprc/redo/data/BatchInstanceRedoData;" line="54">
        <counter type="INSTRUCTION" missed="11" covered="0"/>
        <counter type="LINE" missed="3" covered="0"/>
        <counter type="COMPLEXITY" missed="1" covered="0"/>
        <counter type="METHOD" missed="1" covered="0"/>
      </method>
      <method name="equals" desc="(Ljava/lang/Object;)Z" line="61">
        <counter type="INSTRUCTION" missed="25" covered="0"/>
        <counter type="BRANCH" missed="6" covered="0"/>
        <counter type="LINE" missed="8" covered="0"/>
        <counter type="COMPLEXITY" missed="4" covered="0"/>
        <counter type="METHOD" missed="1" covered="0"/>
      </method>
      <method name="hashCode" desc="()I" line="76">
        <counter type="INSTRUCTION" missed="15" covered="0"/>
        <counter type="LINE" missed="1" covered="0"/>
        <counter type="COMPLEXITY" missed="1" covered="0"/>
        <counter type="METHOD" missed="1" covered="0"/>
      </method>
      <counter type="INSTRUCTION" missed="63" covered="0"/>
      <counter type="BRANCH" missed="6" covered="0"/>
      <counter type="LINE" missed="17" covered="0"/>
      <counter type="COMPLEXITY" missed="9" covered="0"/>
      <counter type="METHOD" missed="6" covered="0"/>
      <counter type="CLASS" missed="1" covered="0"/>
    </class>
    <sourcefile name="InstanceRedoData.java">
      <line nr="29" mi="0" ci="4" mb="0" cb="0"/>
      <line nr="30" mi="0" ci="1" mb="0" cb="0"/>
      <line nr="41" mi="0" ci="6" mb="0" cb="0"/>
      <line nr="42" mi="0" ci="3" mb="0" cb="0"/>
      <line nr="43" mi="0" ci="2" mb="0" cb="0"/>
      <counter type="INSTRUCTION" missed="0" covered="16"/>
      <counter type="LINE" missed="0" covered="5"/>
      <counter type="COMPLEXITY" missed="0" covered="2"/>
      <counter type="METHOD" missed="0" covered="2"/>
      <counter type="CLASS" missed="0" covered="1"/>
    </sourcefile>
    <sourcefile name="RedoData.java">
      <line nr="55" mi="0" ci="2" mb="0" cb="0"/>
      <line nr="56" mi="0" ci="3" mb="0" cb="0"/>
      <line nr="57" mi="0" ci="3" mb="0" cb="0"/>
      <line nr="58" mi="0" ci="3" mb="0" cb="0"/>
      <line nr="59" mi="0" ci="1" mb="0" cb="0"/>
      <line nr="62" mi="3" ci="0" mb="0" cb="0"/>
      <line nr="66" mi="3" ci="0" mb="0" cb="0"/>
      <line nr="70" mi="0" ci="3" mb="0" cb="0"/>
      <line nr="71" mi="0" ci="1" mb="0" cb="0"/>
      <line nr="74" mi="0" ci="3" mb="0" cb="0"/>
      <line nr="78" mi="3" ci="0" mb="0" cb="0"/>
      <line nr="82" mi="3" ci="0" mb="0" cb="0"/>
      <line nr="86" mi="3" ci="0" mb="0" cb="0"/>
      <line nr="87" mi="1" ci="0" mb="0" cb="0"/>
      <line nr="90" mi="0" ci="3" mb="0" cb="0"/>
      <line nr="91" mi="0" ci="1" mb="0" cb="0"/>
      <line nr="94" mi="3" ci="0" mb="0" cb="0"/>
      <line nr="98" mi="0" ci="3" mb="0" cb="0"/>
      <line nr="99" mi="0" ci="1" mb="0" cb="0"/>
      <line nr="102" mi="3" ci="0" mb="0" cb="0"/>
      <line nr="103" mi="3" ci="0" mb="0" cb="0"/>
      <line nr="104" mi="1" ci="0" mb="0" cb="0"/>
      <line nr="107" mi="3" ci="0" mb="0" cb="0"/>
      <line nr="108" mi="3" ci="0" mb="0" cb="0"/>
      <line nr="109" mi="1" ci="0" mb="0" cb="0"/>
      <line nr="112" mi="9" ci="0" mb="2" cb="0"/>
      <line nr="128" mi="6" ci="0" mb="4" cb="0"/>
      <line nr="129" mi="7" ci="0" mb="2" cb="0"/>
      <line nr="130" mi="6" ci="0" mb="4" cb="0"/>
      <line nr="131" mi="2" ci="0" mb="0" cb="0"/>
      <line nr="132" mi="6" ci="0" mb="4" cb="0"/>
      <line nr="133" mi="2" ci="0" mb="0" cb="0"/>
      <line nr="135" mi="7" ci="0" mb="2" cb="0"/>
      <line nr="139" mi="20" ci="0" mb="0" cb="0"/>
      <line nr="144" mi="6" ci="0" mb="0" cb="0"/>
      <line nr="149" mi="6" ci="0" mb="0" cb="0"/>
      <line nr="154" mi="6" ci="0" mb="0" cb="0"/>
      <line nr="159" mi="6" ci="0" mb="0" cb="0"/>
      <line nr="164" mi="3" ci="0" mb="2" cb="0"/>
      <line nr="165" mi="2" ci="0" mb="0" cb="0"/>
      <line nr="167" mi="7" ci="0" mb="4" cb="0"/>
      <line nr="168" mi="2" ci="0" mb="0" cb="0"/>
      <line nr="170" mi="3" ci="0" mb="0" cb="0"/>
      <line nr="171" mi="15" ci="0" mb="4" cb="0"/>
      <line nr="172" mi="12" ci="0" mb="4" cb="0"/>
      <line nr="173" mi="5" ci="0" mb="2" cb="0"/>
      <line nr="178" mi="31" ci="0" mb="0" cb="0"/>
      <counter type="INSTRUCTION" missed="202" covered="27"/>
      <counter type="BRANCH" missed="34" covered="0"/>
      <counter type="LINE" missed="35" covered="12"/>
      <counter type="COMPLEXITY" missed="30" covered="5"/>
      <counter type="METHOD" missed="13" covered="5"/>
      <counter type="CLASS" missed="1" covered="1"/>
    </sourcefile>
    <sourcefile name="SubscriberRedoData.java">
      <line nr="27" mi="4" ci="0" mb="0" cb="0"/>
      <line nr="28" mi="1" ci="0" mb="0" cb="0"/>
      <line nr="39" mi="6" ci="0" mb="0" cb="0"/>
      <line nr="40" mi="3" ci="0" mb="0" cb="0"/>
      <line nr="41" mi="2" ci="0" mb="0" cb="0"/>
      <counter type="INSTRUCTION" missed="16" covered="0"/>
      <counter type="LINE" missed="5" covered="0"/>
      <counter type="COMPLEXITY" missed="2" covered="0"/>
      <counter type="METHOD" missed="2" covered="0"/>
      <counter type="CLASS" missed="1" covered="0"/>
    </sourcefile>
    <sourcefile name="BatchInstanceRedoData.java">
      <line nr="34" mi="3" ci="0" mb="0" cb="0"/>
      <line nr="38" mi="3" ci="0" mb="0" cb="0"/>
      <line nr="39" mi="1" ci="0" mb="0" cb="0"/>
      <line nr="42" mi="4" ci="0" mb="0" cb="0"/>
      <line nr="43" mi="1" ci="0" mb="0" cb="0"/>
      <line nr="54" mi="6" ci="0" mb="0" cb="0"/>
      <line nr="55" mi="3" ci="0" mb="0" cb="0"/>
      <line nr="56" mi="2" ci="0" mb="0" cb="0"/>
      <line nr="61" mi="3" ci="0" mb="2" cb="0"/>
      <line nr="62" mi="2" ci="0" mb="0" cb="0"/>
      <line nr="64" mi="3" ci="0" mb="2" cb="0"/>
      <line nr="65" mi="2" ci="0" mb="0" cb="0"/>
      <line nr="67" mi="4" ci="0" mb="2" cb="0"/>
      <line nr="68" mi="2" ci="0" mb="0" cb="0"/>
      <line nr="70" mi="3" ci="0" mb="0" cb="0"/>
      <line nr="71" mi="6" ci="0" mb="0" cb="0"/>
      <line nr="76" mi="15" ci="0" mb="0" cb="0"/>
      <counter type="INSTRUCTION" missed="63" covered="0"/>
      <counter type="BRANCH" missed="6" covered="0"/>
      <counter type="LINE" missed="17" covered="0"/>
      <counter type="COMPLEXITY" missed="9" covered="0"/>
      <counter type="METHOD" missed="6" covered="0"/>
      <counter type="CLASS" missed="1" covered="0"/>
    </sourcefile>
    <counter type="INSTRUCTION" missed="281" covered="43"/>
    <counter type="BRANCH" missed="40" covered="0"/>
    <counter type="LINE" missed="57" covered="17"/>
    <counter type="COMPLEXITY" missed="41" covered="7"/>
    <counter type="METHOD" missed="21" covered="7"/>
    <counter type="CLASS" missed="3" covered="2"/>
  </package>
  <package name="com/alibaba/nacos/client/auth/ram/identify">
    <class name="com/alibaba/nacos/client/auth/ram/identify/CredentialWatcher" sourcefilename="CredentialWatcher.java">
      <method name="&lt;init&gt;" desc="(Ljava/lang/String;Lcom/alibaba/nacos/client/auth/ram/identify/CredentialService;)V" line="57">
        <counter type="INSTRUCTION" missed="30" covered="0"/>
        <counter type="LINE" missed="8" covered="0"/>
        <counter type="COMPLEXITY" missed="1" covered="0"/>
        <counter type="METHOD" missed="1" covered="0"/>
      </method>
      <method name="stop" desc="()V" line="97">
        <counter type="INSTRUCTION" missed="30" covered="0"/>
        <counter type="BRANCH" missed="4" covered="0"/>
        <counter type="LINE" missed="9" covered="0"/>
        <counter type="COMPLEXITY" missed="3" covered="0"/>
        <counter type="METHOD" missed="1" covered="0"/>
      </method>
      <method name="loadCredential" desc="(Z)V" line="110">
        <counter type="INSTRUCTION" missed="311" covered="0"/>
        <counter type="BRANCH" missed="60" covered="0"/>
        <counter type="LINE" missed="76" covered="0"/>
        <counter type="COMPLEXITY" missed="31" covered="0"/>
        <counter type="METHOD" missed="1" covered="0"/>
      </method>
      <method name="&lt;clinit&gt;" desc="()V" line="43">
        <counter type="INSTRUCTION" missed="4" covered="0"/>
        <counter type="LINE" missed="1" covered="0"/>
        <counter type="COMPLEXITY" missed="1" covered="0"/>
        <counter type="METHOD" missed="1" covered="0"/>
      </method>
      <counter type="INSTRUCTION" missed="375" covered="0"/>
      <counter type="BRANCH" missed="64" covered="0"/>
      <counter type="LINE" missed="94" covered="0"/>
      <counter type="COMPLEXITY" missed="36" covered="0"/>
      <counter type="METHOD" missed="4" covered="0"/>
      <counter type="CLASS" missed="1" covered="0"/>
    </class>
    <class name="com/alibaba/nacos/client/auth/ram/identify/CredentialWatcher$1" sourcefilename="CredentialWatcher.java">
      <method name="&lt;init&gt;" desc="(Lcom/alibaba/nacos/client/auth/ram/identify/CredentialWatcher;)V" line="65">
        <counter type="INSTRUCTION" missed="9" covered="0"/>
        <counter type="LINE" missed="2" covered="0"/>
        <counter type="COMPLEXITY" missed="1" covered="0"/>
        <counter type="METHOD" missed="1" covered="0"/>
      </method>
      <method name="run" desc="()V" line="70">
        <counter type="INSTRUCTION" missed="50" covered="0"/>
        <counter type="BRANCH" missed="8" covered="0"/>
        <counter type="LINE" missed="15" covered="0"/>
        <counter type="COMPLEXITY" missed="5" covered="0"/>
        <counter type="METHOD" missed="1" covered="0"/>
      </method>
      <counter type="INSTRUCTION" missed="59" covered="0"/>
      <counter type="BRANCH" missed="8" covered="0"/>
      <counter type="LINE" missed="17" covered="0"/>
      <counter type="COMPLEXITY" missed="6" covered="0"/>
      <counter type="METHOD" missed="2" covered="0"/>
      <counter type="CLASS" missed="1" covered="0"/>
    </class>
    <class name="com/alibaba/nacos/client/auth/ram/identify/CredentialListener" sourcefilename="CredentialListener.java"/>
    <class name="com/alibaba/nacos/client/auth/ram/identify/IdentifyConstants" sourcefilename="IdentifyConstants.java">
      <method name="&lt;init&gt;" desc="()V" line="24">
        <counter type="INSTRUCTION" missed="3" covered="0"/>
        <counter type="LINE" missed="1" covered="0"/>
        <counter type="COMPLEXITY" missed="1" covered="0"/>
        <counter type="METHOD" missed="1" covered="0"/>
      </method>
      <counter type="INSTRUCTION" missed="3" covered="0"/>
      <counter type="LINE" missed="1" covered="0"/>
      <counter type="COMPLEXITY" missed="1" covered="0"/>
      <counter type="METHOD" missed="1" covered="0"/>
      <counter type="CLASS" missed="1" covered="0"/>
    </class>
    <class name="com/alibaba/nacos/client/auth/ram/identify/SpasCredential" sourcefilename="SpasCredential.java"/>
    <class name="com/alibaba/nacos/client/auth/ram/identify/CredentialService" sourcefilename="CredentialService.java">
      <method name="&lt;init&gt;" desc="(Ljava/lang/String;)V" line="39">
        <counter type="INSTRUCTION" missed="29" covered="0"/>
        <counter type="BRANCH" missed="4" covered="0"/>
        <counter type="LINE" missed="9" covered="0"/>
        <counter type="COMPLEXITY" missed="3" covered="0"/>
        <counter type="METHOD" missed="1" covered="0"/>
      </method>
      <method name="getInstance" desc="()Lcom/alibaba/nacos/client/auth/ram/identify/CredentialService;" line="57">
        <counter type="INSTRUCTION" missed="3" covered="0"/>
        <counter type="LINE" missed="1" covered="0"/>
        <counter type="COMPLEXITY" missed="1" covered="0"/>
        <counter type="METHOD" missed="1" covered="0"/>
      </method>
      <method name="getInstance" desc="(Ljava/lang/String;)Lcom/alibaba/nacos/client/auth/ram/identify/CredentialService;" line="61">
        <counter type="INSTRUCTION" missed="32" covered="0"/>
        <counter type="BRANCH" missed="6" covered="0"/>
        <counter type="LINE" missed="9" covered="0"/>
        <counter type="COMPLEXITY" missed="4" covered="0"/>
        <counter type="METHOD" missed="1" covered="0"/>
      </method>
      <method name="freeInstance" desc="()Lcom/alibaba/nacos/client/auth/ram/identify/CredentialService;" line="75">
        <counter type="INSTRUCTION" missed="3" covered="0"/>
        <counter type="LINE" missed="1" covered="0"/>
        <counter type="COMPLEXITY" missed="1" covered="0"/>
        <counter type="METHOD" missed="1" covered="0"/>
      </method>
      <method name="freeInstance" desc="(Ljava/lang/String;)Lcom/alibaba/nacos/client/auth/ram/identify/CredentialService;" line="85">
        <counter type="INSTRUCTION" missed="17" covered="0"/>
        <counter type="BRANCH" missed="4" covered="0"/>
        <counter type="LINE" missed="5" covered="0"/>
        <counter type="COMPLEXITY" missed="3" covered="0"/>
        <counter type="METHOD" missed="1" covered="0"/>
      </method>
      <method name="free" desc="()V" line="97">
        <counter type="INSTRUCTION" missed="15" covered="0"/>
        <counter type="BRANCH" missed="2" covered="0"/>
        <counter type="LINE" missed="4" covered="0"/>
        <counter type="COMPLEXITY" missed="2" covered="0"/>
        <counter type="METHOD" missed="1" covered="0"/>
      </method>
      <method name="getCredential" desc="()Lcom/alibaba/nacos/client/auth/ram/identify/Credentials;" line="105">
        <counter type="INSTRUCTION" missed="11" covered="0"/>
        <counter type="BRANCH" missed="2" covered="0"/>
        <counter type="LINE" missed="4" covered="0"/>
        <counter type="COMPLEXITY" missed="2" covered="0"/>
        <counter type="METHOD" missed="1" covered="0"/>
      </method>
      <method name="setCredential" desc="(Lcom/alibaba/nacos/client/auth/ram/identify/Credentials;)V" line="113">
        <counter type="INSTRUCTION" missed="28" covered="0"/>
        <counter type="BRANCH" missed="10" covered="0"/>
        <counter type="LINE" missed="5" covered="0"/>
        <counter type="COMPLEXITY" missed="6" covered="0"/>
        <counter type="METHOD" missed="1" covered="0"/>
      </method>
      <method name="setStaticCredential" desc="(Lcom/alibaba/nacos/client/auth/ram/identify/Credentials;)V" line="121">
        <counter type="INSTRUCTION" missed="10" covered="0"/>
        <counter type="BRANCH" missed="2" covered="0"/>
        <counter type="LINE" missed="4" covered="0"/>
        <counter type="COMPLEXITY" missed="2" covered="0"/>
        <counter type="METHOD" missed="1" covered="0"/>
      </method>
      <method name="registerCredentialListener" desc="(Lcom/alibaba/nacos/client/auth/ram/identify/CredentialListener;)V" line="128">
        <counter type="INSTRUCTION" missed="4" covered="0"/>
        <counter type="LINE" missed="2" covered="0"/>
        <counter type="COMPLEXITY" missed="1" covered="0"/>
        <counter type="METHOD" missed="1" covered="0"/>
      </method>
      <method name="&lt;clinit&gt;" desc="()V" line="33">
        <counter type="INSTRUCTION" missed="8" covered="0"/>
        <counter type="LINE" missed="2" covered="0"/>
        <counter type="COMPLEXITY" missed="1" covered="0"/>
        <counter type="METHOD" missed="1" covered="0"/>
      </method>
      <counter type="INSTRUCTION" missed="160" covered="0"/>
      <counter type="BRANCH" missed="30" covered="0"/>
      <counter type="LINE" missed="46" covered="0"/>
      <counter type="COMPLEXITY" missed="26" covered="0"/>
      <counter type="METHOD" missed="11" covered="0"/>
      <counter type="CLASS" missed="1" covered="0"/>
    </class>
    <class name="com/alibaba/nacos/client/auth/ram/identify/SpasCredentialLoader" sourcefilename="SpasCredentialLoader.java"/>
    <class name="com/alibaba/nacos/client/auth/ram/identify/StsConfig" sourcefilename="StsConfig.java">
      <method name="&lt;init&gt;" desc="()V" line="37">
        <counter type="INSTRUCTION" missed="61" covered="0"/>
        <counter type="BRANCH" missed="10" covered="0"/>
        <counter type="LINE" missed="19" covered="0"/>
        <counter type="COMPLEXITY" missed="6" covered="0"/>
        <counter type="METHOD" missed="1" covered="0"/>
      </method>
      <method name="getInstance" desc="()Lcom/alibaba/nacos/client/auth/ram/identify/StsConfig;" line="87">
        <counter type="INSTRUCTION" missed="2" covered="0"/>
        <counter type="LINE" missed="1" covered="0"/>
        <counter type="COMPLEXITY" missed="1" covered="0"/>
        <counter type="METHOD" missed="1" covered="0"/>
      </method>
      <method name="getRamRoleName" desc="()Ljava/lang/String;" line="91">
        <counter type="INSTRUCTION" missed="3" covered="0"/>
        <counter type="LINE" missed="1" covered="0"/>
        <counter type="COMPLEXITY" missed="1" covered="0"/>
        <counter type="METHOD" missed="1" covered="0"/>
      </method>
      <method name="setRamRoleName" desc="(Ljava/lang/String;)V" line="95">
        <counter type="INSTRUCTION" missed="4" covered="0"/>
        <counter type="LINE" missed="2" covered="0"/>
        <counter type="COMPLEXITY" missed="1" covered="0"/>
        <counter type="METHOD" missed="1" covered="0"/>
      </method>
      <method name="getTimeToRefreshInMillisecond" desc="()I" line="99">
        <counter type="INSTRUCTION" missed="3" covered="0"/>
        <counter type="LINE" missed="1" covered="0"/>
        <counter type="COMPLEXITY" missed="1" covered="0"/>
        <counter type="METHOD" missed="1" covered="0"/>
      </method>
      <method name="setTimeToRefreshInMillisecond" desc="(I)V" line="103">
        <counter type="INSTRUCTION" missed="4" covered="0"/>
        <counter type="LINE" missed="2" covered="0"/>
        <counter type="COMPLEXITY" missed="1" covered="0"/>
        <counter type="METHOD" missed="1" covered="0"/>
      </method>
      <method name="getSecurityCredentialsUrl" desc="()Ljava/lang/String;" line="107">
        <counter type="INSTRUCTION" missed="19" covered="0"/>
        <counter type="BRANCH" missed="4" covered="0"/>
        <counter type="LINE" missed="3" covered="0"/>
        <counter type="COMPLEXITY" missed="3" covered="0"/>
        <counter type="METHOD" missed="1" covered="0"/>
      </method>
      <method name="setSecurityCredentialsUrl" desc="(Ljava/lang/String;)V" line="114">
        <counter type="INSTRUCTION" missed="4" covered="0"/>
        <counter type="LINE" missed="2" covered="0"/>
        <counter type="COMPLEXITY" missed="1" covered="0"/>
        <counter type="METHOD" missed="1" covered="0"/>
      </method>
      <method name="getSecurityCredentials" desc="()Ljava/lang/String;" line="118">
        <counter type="INSTRUCTION" missed="3" covered="0"/>
        <counter type="LINE" missed="1" covered="0"/>
        <counter type="COMPLEXITY" missed="1" covered="0"/>
        <counter type="METHOD" missed="1" covered="0"/>
      </method>
      <method name="setSecurityCredentials" desc="(Ljava/lang/String;)V" line="122">
        <counter type="INSTRUCTION" missed="4" covered="0"/>
        <counter type="LINE" missed="2" covered="0"/>
        <counter type="COMPLEXITY" missed="1" covered="0"/>
        <counter type="METHOD" missed="1" covered="0"/>
      </method>
      <method name="isStsOn" desc="()Z" line="126">
        <counter type="INSTRUCTION" missed="12" covered="0"/>
        <counter type="BRANCH" missed="4" covered="0"/>
        <counter type="LINE" missed="1" covered="0"/>
        <counter type="COMPLEXITY" missed="3" covered="0"/>
        <counter type="METHOD" missed="1" covered="0"/>
      </method>
      <method name="isCacheSecurityCredentials" desc="()Z" line="130">
        <counter type="INSTRUCTION" missed="3" covered="0"/>
        <counter type="LINE" missed="1" covered="0"/>
        <counter type="COMPLEXITY" missed="1" covered="0"/>
        <counter type="METHOD" missed="1" covered="0"/>
      </method>
      <method name="setCacheSecurityCredentials" desc="(Z)V" line="134">
        <counter type="INSTRUCTION" missed="4" covered="0"/>
        <counter type="LINE" missed="2" covered="0"/>
        <counter type="COMPLEXITY" missed="1" covered="0"/>
        <counter type="METHOD" missed="1" covered="0"/>
      </method>
      <counter type="INSTRUCTION" missed="126" covered="0"/>
      <counter type="BRANCH" missed="18" covered="0"/>
      <counter type="LINE" missed="38" covered="0"/>
      <counter type="COMPLEXITY" missed="22" covered="0"/>
      <counter type="METHOD" missed="13" covered="0"/>
      <counter type="CLASS" missed="1" covered="0"/>
    </class>
    <class name="com/alibaba/nacos/client/auth/ram/identify/StsConfig$Singleton" sourcefilename="StsConfig.java">
      <method name="&lt;clinit&gt;" desc="()V" line="56">
        <counter type="INSTRUCTION" missed="6" covered="0"/>
        <counter type="LINE" missed="1" covered="0"/>
        <counter type="COMPLEXITY" missed="1" covered="0"/>
        <counter type="METHOD" missed="1" covered="0"/>
      </method>
      <counter type="INSTRUCTION" missed="6" covered="0"/>
      <counter type="LINE" missed="1" covered="0"/>
      <counter type="COMPLEXITY" missed="1" covered="0"/>
      <counter type="METHOD" missed="1" covered="0"/>
      <counter type="CLASS" missed="1" covered="0"/>
    </class>
    <class name="com/alibaba/nacos/client/auth/ram/identify/StsCredential" sourcefilename="StsCredential.java">
      <method name="&lt;init&gt;" desc="()V" line="28">
        <counter type="INSTRUCTION" missed="3" covered="0"/>
        <counter type="LINE" missed="1" covered="0"/>
        <counter type="COMPLEXITY" missed="1" covered="0"/>
        <counter type="METHOD" missed="1" covered="0"/>
      </method>
      <method name="getAccessKeyId" desc="()Ljava/lang/String;" line="49">
        <counter type="INSTRUCTION" missed="3" covered="0"/>
        <counter type="LINE" missed="1" covered="0"/>
        <counter type="COMPLEXITY" missed="1" covered="0"/>
        <counter type="METHOD" missed="1" covered="0"/>
      </method>
      <method name="setAccessKeyId" desc="(Ljava/lang/String;)V" line="53">
        <counter type="INSTRUCTION" missed="4" covered="0"/>
        <counter type="LINE" missed="2" covered="0"/>
        <counter type="COMPLEXITY" missed="1" covered="0"/>
        <counter type="METHOD" missed="1" covered="0"/>
      </method>
      <method name="getAccessKeySecret" desc="()Ljava/lang/String;" line="57">
        <counter type="INSTRUCTION" missed="3" covered="0"/>
        <counter type="LINE" missed="1" covered="0"/>
        <counter type="COMPLEXITY" missed="1" covered="0"/>
        <counter type="METHOD" missed="1" covered="0"/>
      </method>
      <method name="setAccessKeySecret" desc="(Ljava/lang/String;)V" line="61">
        <counter type="INSTRUCTION" missed="4" covered="0"/>
        <counter type="LINE" missed="2" covered="0"/>
        <counter type="COMPLEXITY" missed="1" covered="0"/>
        <counter type="METHOD" missed="1" covered="0"/>
      </method>
      <method name="getExpiration" desc="()Ljava/util/Date;" line="65">
        <counter type="INSTRUCTION" missed="3" covered="0"/>
        <counter type="LINE" missed="1" covered="0"/>
        <counter type="COMPLEXITY" missed="1" covered="0"/>
        <counter type="METHOD" missed="1" covered="0"/>
      </method>
      <method name="setExpiration" desc="(Ljava/util/Date;)V" line="69">
        <counter type="INSTRUCTION" missed="4" covered="0"/>
        <counter type="LINE" missed="2" covered="0"/>
        <counter type="COMPLEXITY" missed="1" covered="0"/>
        <counter type="METHOD" missed="1" covered="0"/>
      </method>
      <method name="getSecurityToken" desc="()Ljava/lang/String;" line="73">
        <counter type="INSTRUCTION" missed="3" covered="0"/>
        <counter type="LINE" missed="1" covered="0"/>
        <counter type="COMPLEXITY" missed="1" covered="0"/>
        <counter type="METHOD" missed="1" covered="0"/>
      </method>
      <method name="setSecurityToken" desc="(Ljava/lang/String;)V" line="77">
        <counter type="INSTRUCTION" missed="4" covered="0"/>
        <counter type="LINE" missed="2" covered="0"/>
        <counter type="COMPLEXITY" missed="1" covered="0"/>
        <counter type="METHOD" missed="1" covered="0"/>
      </method>
      <method name="getLastUpdated" desc="()Ljava/util/Date;" line="81">
        <counter type="INSTRUCTION" missed="3" covered="0"/>
        <counter type="LINE" missed="1" covered="0"/>
        <counter type="COMPLEXITY" missed="1" covered="0"/>
        <counter type="METHOD" missed="1" covered="0"/>
      </method>
      <method name="setLastUpdated" desc="(Ljava/util/Date;)V" line="85">
        <counter type="INSTRUCTION" missed="4" covered="0"/>
        <counter type="LINE" missed="2" covered="0"/>
        <counter type="COMPLEXITY" missed="1" covered="0"/>
        <counter type="METHOD" missed="1" covered="0"/>
      </method>
      <method name="getCode" desc="()Ljava/lang/String;" line="89">
        <counter type="INSTRUCTION" missed="3" covered="0"/>
        <counter type="LINE" missed="1" covered="0"/>
        <counter type="COMPLEXITY" missed="1" covered="0"/>
        <counter type="METHOD" missed="1" covered="0"/>
      </method>
      <method name="setCode" desc="(Ljava/lang/String;)V" line="93">
        <counter type="INSTRUCTION" missed="4" covered="0"/>
        <counter type="LINE" missed="2" covered="0"/>
        <counter type="COMPLEXITY" missed="1" covered="0"/>
        <counter type="METHOD" missed="1" covered="0"/>
      </method>
      <method name="toString" desc="()Ljava/lang/String;" line="98">
        <counter type="INSTRUCTION" missed="45" covered="0"/>
        <counter type="LINE" missed="1" covered="0"/>
        <counter type="COMPLEXITY" missed="1" covered="0"/>
        <counter type="METHOD" missed="1" covered="0"/>
      </method>
      <counter type="INSTRUCTION" missed="90" covered="0"/>
      <counter type="LINE" missed="20" covered="0"/>
      <counter type="COMPLEXITY" missed="14" covered="0"/>
      <counter type="METHOD" missed="14" covered="0"/>
      <counter type="CLASS" missed="1" covered="0"/>
    </class>
    <class name="com/alibaba/nacos/client/auth/ram/identify/Credentials" sourcefilename="Credentials.java">
      <method name="&lt;init&gt;" desc="(Ljava/lang/String;Ljava/lang/String;Ljava/lang/String;)V" line="32">
        <counter type="INSTRUCTION" missed="12" covered="0"/>
        <counter type="LINE" missed="5" covered="0"/>
        <counter type="COMPLEXITY" missed="1" covered="0"/>
        <counter type="METHOD" missed="1" covered="0"/>
      </method>
      <method name="&lt;init&gt;" desc="()V" line="39">
        <counter type="INSTRUCTION" missed="6" covered="0"/>
        <counter type="LINE" missed="2" covered="0"/>
        <counter type="COMPLEXITY" missed="1" covered="0"/>
        <counter type="METHOD" missed="1" covered="0"/>
      </method>
      <method name="getAccessKey" desc="()Ljava/lang/String;" line="44">
        <counter type="INSTRUCTION" missed="3" covered="0"/>
        <counter type="LINE" missed="1" covered="0"/>
        <counter type="COMPLEXITY" missed="1" covered="0"/>
        <counter type="METHOD" missed="1" covered="0"/>
      </method>
      <method name="setAccessKey" desc="(Ljava/lang/String;)V" line="48">
        <counter type="INSTRUCTION" missed="4" covered="0"/>
        <counter type="LINE" missed="2" covered="0"/>
        <counter type="COMPLEXITY" missed="1" covered="0"/>
        <counter type="METHOD" missed="1" covered="0"/>
      </method>
      <method name="getSecretKey" desc="()Ljava/lang/String;" line="53">
        <counter type="INSTRUCTION" missed="3" covered="0"/>
        <counter type="LINE" missed="1" covered="0"/>
        <counter type="COMPLEXITY" missed="1" covered="0"/>
        <counter type="METHOD" missed="1" covered="0"/>
      </method>
      <method name="setSecretKey" desc="(Ljava/lang/String;)V" line="57">
        <counter type="INSTRUCTION" missed="4" covered="0"/>
        <counter type="LINE" missed="2" covered="0"/>
        <counter type="COMPLEXITY" missed="1" covered="0"/>
        <counter type="METHOD" missed="1" covered="0"/>
      </method>
      <method name="getTenantId" desc="()Ljava/lang/String;" line="61">
        <counter type="INSTRUCTION" missed="3" covered="0"/>
        <counter type="LINE" missed="1" covered="0"/>
        <counter type="COMPLEXITY" missed="1" covered="0"/>
        <counter type="METHOD" missed="1" covered="0"/>
      </method>
      <method name="setTenantId" desc="(Ljava/lang/String;)V" line="65">
        <counter type="INSTRUCTION" missed="4" covered="0"/>
        <counter type="LINE" missed="2" covered="0"/>
        <counter type="COMPLEXITY" missed="1" covered="0"/>
        <counter type="METHOD" missed="1" covered="0"/>
      </method>
      <method name="valid" desc="()Z" line="69">
        <counter type="INSTRUCTION" missed="18" covered="0"/>
        <counter type="BRANCH" missed="8" covered="0"/>
        <counter type="LINE" missed="1" covered="0"/>
        <counter type="COMPLEXITY" missed="5" covered="0"/>
        <counter type="METHOD" missed="1" covered="0"/>
      </method>
      <method name="identical" desc="(Lcom/alibaba/nacos/client/auth/ram/identify/Credentials;)Z" line="79">
        <counter type="INSTRUCTION" missed="39" covered="0"/>
        <counter type="BRANCH" missed="20" covered="0"/>
        <counter type="LINE" missed="3" covered="0"/>
        <counter type="COMPLEXITY" missed="11" covered="0"/>
        <counter type="METHOD" missed="1" covered="0"/>
      </method>
      <counter type="INSTRUCTION" missed="96" covered="0"/>
      <counter type="BRANCH" missed="28" covered="0"/>
      <counter type="LINE" missed="20" covered="0"/>
      <counter type="COMPLEXITY" missed="24" covered="0"/>
      <counter type="METHOD" missed="10" covered="0"/>
      <counter type="CLASS" missed="1" covered="0"/>
    </class>
    <sourcefile name="CredentialService.java">
      <line nr="33" mi="3" ci="0" mb="0" cb="0"/>
      <line nr="35" mi="5" ci="0" mb="0" cb="0"/>
      <line nr="39" mi="5" ci="0" mb="0" cb="0"/>
      <line nr="45" mi="2" ci="0" mb="0" cb="0"/>
      <line nr="46" mi="2" ci="0" mb="2" cb="0"/>
      <line nr="47" mi="4" ci="0" mb="0" cb="0"/>
      <line nr="48" mi="3" ci="0" mb="2" cb="0"/>
      <line nr="49" mi="2" ci="0" mb="0" cb="0"/>
      <line nr="52" mi="3" ci="0" mb="0" cb="0"/>
      <line nr="53" mi="7" ci="0" mb="0" cb="0"/>
      <line nr="54" mi="1" ci="0" mb="0" cb="0"/>
      <line nr="57" mi="3" ci="0" mb="0" cb="0"/>
      <line nr="61" mi="6" ci="0" mb="2" cb="0"/>
      <line nr="62" mi="5" ci="0" mb="0" cb="0"/>
      <line nr="63" mi="2" ci="0" mb="2" cb="0"/>
      <line nr="64" mi="2" ci="0" mb="0" cb="0"/>
      <line nr="66" mi="5" ci="0" mb="0" cb="0"/>
      <line nr="67" mi="6" ci="0" mb="0" cb="0"/>
      <line nr="68" mi="2" ci="0" mb="2" cb="0"/>
      <line nr="69" mi="2" ci="0" mb="0" cb="0"/>
      <line nr="71" mi="2" ci="0" mb="0" cb="0"/>
      <line nr="75" mi="3" ci="0" mb="0" cb="0"/>
      <line nr="85" mi="6" ci="0" mb="2" cb="0"/>
      <line nr="86" mi="5" ci="0" mb="0" cb="0"/>
      <line nr="87" mi="2" ci="0" mb="2" cb="0"/>
      <line nr="88" mi="2" ci="0" mb="0" cb="0"/>
      <line nr="90" mi="2" ci="0" mb="0" cb="0"/>
      <line nr="97" mi="3" ci="0" mb="2" cb="0"/>
      <line nr="98" mi="3" ci="0" mb="0" cb="0"/>
      <line nr="100" mi="8" ci="0" mb="0" cb="0"/>
      <line nr="101" mi="1" ci="0" mb="0" cb="0"/>
      <line nr="105" mi="3" ci="0" mb="0" cb="0"/>
      <line nr="106" mi="3" ci="0" mb="2" cb="0"/>
      <line nr="107" mi="2" ci="0" mb="0" cb="0"/>
      <line nr="109" mi="3" ci="0" mb="0" cb="0"/>
      <line nr="113" mi="16" ci="0" mb="6" cb="0"/>
      <line nr="114" mi="3" ci="0" mb="0" cb="0"/>
      <line nr="115" mi="5" ci="0" mb="4" cb="0"/>
      <line nr="116" mi="3" ci="0" mb="0" cb="0"/>
      <line nr="118" mi="1" ci="0" mb="0" cb="0"/>
      <line nr="121" mi="3" ci="0" mb="2" cb="0"/>
      <line nr="122" mi="3" ci="0" mb="0" cb="0"/>
      <line nr="124" mi="3" ci="0" mb="0" cb="0"/>
      <line nr="125" mi="1" ci="0" mb="0" cb="0"/>
      <line nr="128" mi="3" ci="0" mb="0" cb="0"/>
      <line nr="129" mi="1" ci="0" mb="0" cb="0"/>
      <counter type="INSTRUCTION" missed="160" covered="0"/>
      <counter type="BRANCH" missed="30" covered="0"/>
      <counter type="LINE" missed="46" covered="0"/>
      <counter type="COMPLEXITY" missed="26" covered="0"/>
      <counter type="METHOD" missed="11" covered="0"/>
      <counter type="CLASS" missed="1" covered="0"/>
    </sourcefile>
    <sourcefile name="SpasCredential.java"/>
    <sourcefile name="IdentifyConstants.java">
      <line nr="24" mi="3" ci="0" mb="0" cb="0"/>
      <counter type="INSTRUCTION" missed="3" covered="0"/>
      <counter type="LINE" missed="1" covered="0"/>
      <counter type="COMPLEXITY" missed="1" covered="0"/>
      <counter type="METHOD" missed="1" covered="0"/>
      <counter type="CLASS" missed="1" covered="0"/>
    </sourcefile>
    <sourcefile name="StsConfig.java">
      <line nr="37" mi="3" ci="0" mb="0" cb="0"/>
      <line nr="52" mi="3" ci="0" mb="0" cb="0"/>
      <line nr="56" mi="6" ci="0" mb="0" cb="0"/>
      <line nr="59" mi="2" ci="0" mb="0" cb="0"/>
      <line nr="60" mi="4" ci="0" mb="0" cb="0"/>
      <line nr="61" mi="3" ci="0" mb="2" cb="0"/>
      <line nr="62" mi="3" ci="0" mb="0" cb="0"/>
      <line nr="65" mi="4" ci="0" mb="0" cb="0"/>
      <line nr="66" mi="3" ci="0" mb="2" cb="0"/>
      <line nr="67" mi="4" ci="0" mb="0" cb="0"/>
      <line nr="70" mi="4" ci="0" mb="0" cb="0"/>
      <line nr="71" mi="3" ci="0" mb="2" cb="0"/>
      <line nr="72" mi="3" ci="0" mb="0" cb="0"/>
      <line nr="75" mi="4" ci="0" mb="0" cb="0"/>
      <line nr="76" mi="3" ci="0" mb="2" cb="0"/>
      <line nr="77" mi="3" ci="0" mb="0" cb="0"/>
      <line nr="80" mi="4" ci="0" mb="0" cb="0"/>
      <line nr="81" mi="3" ci="0" mb="2" cb="0"/>
      <line nr="82" mi="4" ci="0" mb="0" cb="0"/>
      <line nr="84" mi="1" ci="0" mb="0" cb="0"/>
      <line nr="87" mi="2" ci="0" mb="0" cb="0"/>
      <line nr="91" mi="3" ci="0" mb="0" cb="0"/>
      <line nr="95" mi="3" ci="0" mb="0" cb="0"/>
      <line nr="96" mi="1" ci="0" mb="0" cb="0"/>
      <line nr="99" mi="3" ci="0" mb="0" cb="0"/>
      <line nr="103" mi="3" ci="0" mb="0" cb="0"/>
      <line nr="104" mi="1" ci="0" mb="0" cb="0"/>
      <line nr="107" mi="6" ci="0" mb="4" cb="0"/>
      <line nr="108" mi="10" ci="0" mb="0" cb="0"/>
      <line nr="110" mi="3" ci="0" mb="0" cb="0"/>
      <line nr="114" mi="3" ci="0" mb="0" cb="0"/>
      <line nr="115" mi="1" ci="0" mb="0" cb="0"/>
      <line nr="118" mi="3" ci="0" mb="0" cb="0"/>
      <line nr="122" mi="3" ci="0" mb="0" cb="0"/>
      <line nr="123" mi="1" ci="0" mb="0" cb="0"/>
      <line nr="126" mi="12" ci="0" mb="4" cb="0"/>
      <line nr="130" mi="3" ci="0" mb="0" cb="0"/>
      <line nr="134" mi="3" ci="0" mb="0" cb="0"/>
      <line nr="135" mi="1" ci="0" mb="0" cb="0"/>
      <counter type="INSTRUCTION" missed="132" covered="0"/>
      <counter type="BRANCH" missed="18" covered="0"/>
      <counter type="LINE" missed="39" covered="0"/>
      <counter type="COMPLEXITY" missed="23" covered="0"/>
      <counter type="METHOD" missed="14" covered="0"/>
      <counter type="CLASS" missed="2" covered="0"/>
    </sourcefile>
    <sourcefile name="CredentialWatcher.java">
      <line nr="43" mi="4" ci="0" mb="0" cb="0"/>
      <line nr="57" mi="2" ci="0" mb="0" cb="0"/>
      <line nr="58" mi="3" ci="0" mb="0" cb="0"/>
      <line nr="59" mi="3" ci="0" mb="0" cb="0"/>
      <line nr="60" mi="3" ci="0" mb="0" cb="0"/>
      <line nr="62" mi="5" ci="0" mb="0" cb="0"/>
      <line nr="63" mi="2" ci="0" mb="0" cb="0"/>
      <line nr="65" mi="16" ci="0" mb="0" cb="0"/>
      <line nr="66" mi="4" ci="0" mb="0" cb="0"/>
      <line nr="70" mi="4" ci="0" mb="0" cb="0"/>
      <line nr="71" mi="4" ci="0" mb="2" cb="0"/>
      <line nr="72" mi="3" ci="0" mb="0" cb="0"/>
      <line nr="74" mi="2" ci="0" mb="0" cb="0"/>
      <line nr="75" mi="4" ci="0" mb="2" cb="0"/>
      <line nr="76" mi="3" ci="0" mb="0" cb="0"/>
      <line nr="78" mi="7" ci="0" mb="0" cb="0"/>
      <line nr="79" mi="3" ci="0" mb="0" cb="0"/>
      <line nr="80" mi="5" ci="0" mb="2" cb="0"/>
      <line nr="81" mi="2" ci="0" mb="0" cb="0"/>
      <line nr="82" mi="3" ci="0" mb="0" cb="0"/>
      <line nr="85" mi="2" ci="0" mb="2" cb="0"/>
      <line nr="86" mi="4" ci="0" mb="0" cb="0"/>
      <line nr="88" mi="3" ci="0" mb="0" cb="0"/>
      <line nr="89" mi="1" ci="0" mb="0" cb="0"/>
      <line nr="91" mi="1" ci="0" mb="0" cb="0"/>
      <line nr="97" mi="3" ci="0" mb="2" cb="0"/>
      <line nr="98" mi="1" ci="0" mb="0" cb="0"/>
      <line nr="100" mi="3" ci="0" mb="2" cb="0"/>
      <line nr="101" mi="5" ci="0" mb="0" cb="0"/>
      <line nr="102" mi="3" ci="0" mb="0" cb="0"/>
      <line nr="103" mi="3" ci="0" mb="0" cb="0"/>
      <line nr="104" mi="3" ci="0" mb="0" cb="0"/>
      <line nr="106" mi="8" ci="0" mb="0" cb="0"/>
      <line nr="107" mi="1" ci="0" mb="0" cb="0"/>
      <line nr="110" mi="3" ci="0" mb="2" cb="0"/>
      <line nr="111" mi="3" ci="0" mb="0" cb="0"/>
      <line nr="112" mi="2" ci="0" mb="2" cb="0"/>
      <line nr="113" mi="4" ci="0" mb="0" cb="0"/>
      <line nr="115" mi="7" ci="0" mb="4" cb="0"/>
      <line nr="117" mi="4" ci="0" mb="0" cb="0"/>
      <line nr="118" mi="3" ci="0" mb="2" cb="0"/>
      <line nr="119" mi="3" ci="0" mb="0" cb="0"/>
      <line nr="121" mi="7" ci="0" mb="4" cb="0"/>
      <line nr="122" mi="17" ci="0" mb="2" cb="0"/>
      <line nr="126" mi="2" ci="0" mb="2" cb="0"/>
      <line nr="127" mi="7" ci="0" mb="0" cb="0"/>
      <line nr="130" mi="1" ci="0" mb="0" cb="0"/>
      <line nr="131" mi="2" ci="0" mb="2" cb="0"/>
      <line nr="132" mi="6" ci="0" mb="0" cb="0"/>
      <line nr="138" mi="2" ci="0" mb="0" cb="0"/>
      <line nr="141" mi="6" ci="0" mb="0" cb="0"/>
      <line nr="142" mi="1" ci="0" mb="0" cb="0"/>
      <line nr="143" mi="19" ci="0" mb="4" cb="0"/>
      <line nr="144" mi="2" ci="0" mb="2" cb="0"/>
      <line nr="145" mi="3" ci="0" mb="0" cb="0"/>
      <line nr="146" mi="1" ci="0" mb="0" cb="0"/>
      <line nr="148" mi="5" ci="0" mb="2" cb="0"/>
      <line nr="149" mi="3" ci="0" mb="0" cb="0"/>
      <line nr="150" mi="1" ci="0" mb="0" cb="0"/>
      <line nr="152" mi="1" ci="0" mb="0" cb="0"/>
      <line nr="153" mi="1" ci="0" mb="0" cb="0"/>
      <line nr="156" mi="2" ci="0" mb="0" cb="0"/>
      <line nr="157" mi="2" ci="0" mb="0" cb="0"/>
      <line nr="158" mi="2" ci="0" mb="0" cb="0"/>
      <line nr="159" mi="2" ci="0" mb="2" cb="0"/>
      <line nr="160" mi="3" ci="0" mb="0" cb="0"/>
      <line nr="161" mi="4" ci="0" mb="0" cb="0"/>
      <line nr="162" mi="4" ci="0" mb="0" cb="0"/>
      <line nr="163" mi="4" ci="0" mb="4" cb="0"/>
      <line nr="164" mi="2" ci="0" mb="2" cb="0"/>
      <line nr="165" mi="5" ci="0" mb="0" cb="0"/>
      <line nr="167" mi="1" ci="0" mb="0" cb="0"/>
      <line nr="170" mi="4" ci="0" mb="0" cb="0"/>
      <line nr="172" mi="3" ci="0" mb="0" cb="0"/>
      <line nr="173" mi="1" ci="0" mb="0" cb="0"/>
      <line nr="174" mi="17" ci="0" mb="0" cb="0"/>
      <line nr="176" mi="3" ci="0" mb="0" cb="0"/>
      <line nr="177" mi="1" ci="0" mb="0" cb="0"/>
      <line nr="180" mi="2" ci="0" mb="0" cb="0"/>
      <line nr="181" mi="1" ci="0" mb="0" cb="0"/>
      <line nr="182" mi="17" ci="0" mb="0" cb="0"/>
      <line nr="184" mi="1" ci="0" mb="0" cb="0"/>
      <line nr="187" mi="2" ci="0" mb="2" cb="0"/>
      <line nr="188" mi="7" ci="0" mb="0" cb="0"/>
      <line nr="191" mi="5" ci="0" mb="2" cb="0"/>
      <line nr="192" mi="4" ci="0" mb="2" cb="0"/>
      <line nr="193" mi="4" ci="0" mb="0" cb="0"/>
      <line nr="195" mi="4" ci="0" mb="2" cb="0"/>
      <line nr="196" mi="4" ci="0" mb="0" cb="0"/>
      <line nr="198" mi="4" ci="0" mb="2" cb="0"/>
      <line nr="199" mi="5" ci="0" mb="0" cb="0"/>
      <line nr="202" mi="4" ci="0" mb="2" cb="0"/>
      <line nr="203" mi="4" ci="0" mb="0" cb="0"/>
      <line nr="205" mi="4" ci="0" mb="2" cb="0"/>
      <line nr="206" mi="4" ci="0" mb="0" cb="0"/>
      <line nr="209" mi="4" ci="0" mb="2" cb="0"/>
      <line nr="210" mi="4" ci="0" mb="0" cb="0"/>
      <line nr="215" mi="2" ci="0" mb="2" cb="0"/>
      <line nr="216" mi="3" ci="0" mb="0" cb="0"/>
      <line nr="218" mi="2" ci="0" mb="2" cb="0"/>
      <line nr="219" mi="3" ci="0" mb="0" cb="0"/>
      <line nr="222" mi="2" ci="0" mb="2" cb="0"/>
      <line nr="223" mi="3" ci="0" mb="0" cb="0"/>
      <line nr="226" mi="7" ci="0" mb="0" cb="0"/>
      <line nr="227" mi="3" ci="0" mb="2" cb="0"/>
      <line nr="228" mi="17" ci="0" mb="0" cb="0"/>
      <line nr="229" mi="1" ci="0" mb="0" cb="0"/>
      <line nr="231" mi="3" ci="0" mb="0" cb="0"/>
      <line nr="235" mi="4" ci="0" mb="0" cb="0"/>
      <line nr="236" mi="1" ci="0" mb="0" cb="0"/>
      <counter type="INSTRUCTION" missed="434" covered="0"/>
      <counter type="BRANCH" missed="72" covered="0"/>
      <counter type="LINE" missed="110" covered="0"/>
      <counter type="COMPLEXITY" missed="42" covered="0"/>
      <counter type="METHOD" missed="6" covered="0"/>
      <counter type="CLASS" missed="2" covered="0"/>
    </sourcefile>
    <sourcefile name="StsCredential.java">
      <line nr="28" mi="3" ci="0" mb="0" cb="0"/>
      <line nr="49" mi="3" ci="0" mb="0" cb="0"/>
      <line nr="53" mi="3" ci="0" mb="0" cb="0"/>
      <line nr="54" mi="1" ci="0" mb="0" cb="0"/>
      <line nr="57" mi="3" ci="0" mb="0" cb="0"/>
      <line nr="61" mi="3" ci="0" mb="0" cb="0"/>
      <line nr="62" mi="1" ci="0" mb="0" cb="0"/>
      <line nr="65" mi="3" ci="0" mb="0" cb="0"/>
      <line nr="69" mi="3" ci="0" mb="0" cb="0"/>
      <line nr="70" mi="1" ci="0" mb="0" cb="0"/>
      <line nr="73" mi="3" ci="0" mb="0" cb="0"/>
      <line nr="77" mi="3" ci="0" mb="0" cb="0"/>
      <line nr="78" mi="1" ci="0" mb="0" cb="0"/>
      <line nr="81" mi="3" ci="0" mb="0" cb="0"/>
      <line nr="85" mi="3" ci="0" mb="0" cb="0"/>
      <line nr="86" mi="1" ci="0" mb="0" cb="0"/>
      <line nr="89" mi="3" ci="0" mb="0" cb="0"/>
      <line nr="93" mi="3" ci="0" mb="0" cb="0"/>
      <line nr="94" mi="1" ci="0" mb="0" cb="0"/>
      <line nr="98" mi="45" ci="0" mb="0" cb="0"/>
      <counter type="INSTRUCTION" missed="90" covered="0"/>
      <counter type="LINE" missed="20" covered="0"/>
      <counter type="COMPLEXITY" missed="14" covered="0"/>
      <counter type="METHOD" missed="14" covered="0"/>
      <counter type="CLASS" missed="1" covered="0"/>
    </sourcefile>
    <sourcefile name="Credentials.java">
      <line nr="32" mi="2" ci="0" mb="0" cb="0"/>
      <line nr="33" mi="3" ci="0" mb="0" cb="0"/>
      <line nr="34" mi="3" ci="0" mb="0" cb="0"/>
      <line nr="35" mi="3" ci="0" mb="0" cb="0"/>
      <line nr="36" mi="1" ci="0" mb="0" cb="0"/>
      <line nr="39" mi="5" ci="0" mb="0" cb="0"/>
      <line nr="40" mi="1" ci="0" mb="0" cb="0"/>
      <line nr="44" mi="3" ci="0" mb="0" cb="0"/>
      <line nr="48" mi="3" ci="0" mb="0" cb="0"/>
      <line nr="49" mi="1" ci="0" mb="0" cb="0"/>
      <line nr="53" mi="3" ci="0" mb="0" cb="0"/>
      <line nr="57" mi="3" ci="0" mb="0" cb="0"/>
      <line nr="58" mi="1" ci="0" mb="0" cb="0"/>
      <line nr="61" mi="3" ci="0" mb="0" cb="0"/>
      <line nr="65" mi="3" ci="0" mb="0" cb="0"/>
      <line nr="66" mi="1" ci="0" mb="0" cb="0"/>
      <line nr="69" mi="18" ci="0" mb="8" cb="0"/>
      <line nr="79" mi="19" ci="0" mb="10" cb="0"/>
      <line nr="80" mi="15" ci="0" mb="8" cb="0"/>
      <line nr="82" mi="5" ci="0" mb="2" cb="0"/>
      <counter type="INSTRUCTION" missed="96" covered="0"/>
      <counter type="BRANCH" missed="28" covered="0"/>
      <counter type="LINE" missed="20" covered="0"/>
      <counter type="COMPLEXITY" missed="24" covered="0"/>
      <counter type="METHOD" missed="10" covered="0"/>
      <counter type="CLASS" missed="1" covered="0"/>
    </sourcefile>
    <sourcefile name="SpasCredentialLoader.java"/>
    <sourcefile name="CredentialListener.java"/>
    <counter type="INSTRUCTION" missed="915" covered="0"/>
    <counter type="BRANCH" missed="148" covered="0"/>
    <counter type="LINE" missed="236" covered="0"/>
    <counter type="COMPLEXITY" missed="130" covered="0"/>
    <counter type="METHOD" missed="56" covered="0"/>
    <counter type="CLASS" missed="8" covered="0"/>
  </package>
  <package name="com/alibaba/nacos/client/auth/ram/utils">
    <class name="com/alibaba/nacos/client/auth/ram/utils/SignUtil" sourcefilename="SignUtil.java">
      <method name="&lt;init&gt;" desc="()V" line="32">
        <counter type="INSTRUCTION" missed="3" covered="0"/>
        <counter type="LINE" missed="1" covered="0"/>
        <counter type="COMPLEXITY" missed="1" covered="0"/>
        <counter type="METHOD" missed="1" covered="0"/>
      </method>
      <method name="sign" desc="(Ljava/lang/String;Ljava/lang/String;)Ljava/lang/String;" line="46">
        <counter type="INSTRUCTION" missed="30" covered="0"/>
        <counter type="LINE" missed="4" covered="0"/>
        <counter type="COMPLEXITY" missed="1" covered="0"/>
        <counter type="METHOD" missed="1" covered="0"/>
      </method>
      <method name="sign" desc="([B[BLcom/alibaba/nacos/client/auth/ram/utils/SignUtil$SigningAlgorithm;)[B" line="55">
        <counter type="INSTRUCTION" missed="31" covered="0"/>
        <counter type="LINE" missed="5" covered="0"/>
        <counter type="COMPLEXITY" missed="1" covered="0"/>
        <counter type="METHOD" missed="1" covered="0"/>
      </method>
      <method name="&lt;clinit&gt;" desc="()V" line="34">
        <counter type="INSTRUCTION" missed="3" covered="0"/>
        <counter type="LINE" missed="1" covered="0"/>
        <counter type="COMPLEXITY" missed="1" covered="0"/>
        <counter type="METHOD" missed="1" covered="0"/>
      </method>
      <counter type="INSTRUCTION" missed="67" covered="0"/>
      <counter type="LINE" missed="11" covered="0"/>
      <counter type="COMPLEXITY" missed="4" covered="0"/>
      <counter type="METHOD" missed="4" covered="0"/>
      <counter type="CLASS" missed="1" covered="0"/>
    </class>
    <class name="com/alibaba/nacos/client/auth/ram/utils/SpasAdapter" sourcefilename="SpasAdapter.java">
      <method name="&lt;init&gt;" desc="()V" line="35">
        <counter type="INSTRUCTION" missed="3" covered="0"/>
        <counter type="LINE" missed="1" covered="0"/>
        <counter type="COMPLEXITY" missed="1" covered="0"/>
        <counter type="METHOD" missed="1" covered="0"/>
      </method>
      <method name="getSignHeaders" desc="(Ljava/lang/String;Ljava/lang/String;)Ljava/util/Map;" line="48">
        <counter type="INSTRUCTION" missed="43" covered="0"/>
        <counter type="BRANCH" missed="4" covered="0"/>
        <counter type="LINE" missed="9" covered="0"/>
        <counter type="COMPLEXITY" missed="3" covered="0"/>
        <counter type="METHOD" missed="1" covered="0"/>
      </method>
      <method name="getSignHeaders" desc="(Ljava/lang/String;Ljava/lang/String;Ljava/lang/String;)Ljava/util/Map;" line="64">
        <counter type="INSTRUCTION" missed="37" covered="0"/>
        <counter type="BRANCH" missed="10" covered="0"/>
        <counter type="LINE" missed="8" covered="0"/>
        <counter type="COMPLEXITY" missed="6" covered="0"/>
        <counter type="METHOD" missed="1" covered="0"/>
      </method>
      <method name="getSignHeaders" desc="(Ljava/util/Map;Ljava/lang/String;)Ljava/util/Map;" line="80">
        <counter type="INSTRUCTION" missed="48" covered="0"/>
        <counter type="BRANCH" missed="8" covered="0"/>
        <counter type="LINE" missed="8" covered="0"/>
        <counter type="COMPLEXITY" missed="5" covered="0"/>
        <counter type="METHOD" missed="1" covered="0"/>
      </method>
      <method name="getSk" desc="()Ljava/lang/String;" line="96">
        <counter type="INSTRUCTION" missed="4" covered="0"/>
        <counter type="LINE" missed="1" covered="0"/>
        <counter type="COMPLEXITY" missed="1" covered="0"/>
        <counter type="METHOD" missed="1" covered="0"/>
      </method>
      <method name="getAk" desc="()Ljava/lang/String;" line="100">
        <counter type="INSTRUCTION" missed="4" covered="0"/>
        <counter type="LINE" missed="1" covered="0"/>
        <counter type="COMPLEXITY" missed="1" covered="0"/>
        <counter type="METHOD" missed="1" covered="0"/>
      </method>
      <method name="freeCredentialInstance" desc="()V" line="104">
        <counter type="INSTRUCTION" missed="3" covered="0"/>
        <counter type="LINE" missed="2" covered="0"/>
        <counter type="COMPLEXITY" missed="1" covered="0"/>
        <counter type="METHOD" missed="1" covered="0"/>
      </method>
      <method name="signWithHmacSha1Encrypt" desc="(Ljava/lang/String;Ljava/lang/String;)Ljava/lang/String;" line="116">
        <counter type="INSTRUCTION" missed="38" covered="0"/>
        <counter type="LINE" missed="9" covered="0"/>
        <counter type="COMPLEXITY" missed="1" covered="0"/>
        <counter type="METHOD" missed="1" covered="0"/>
      </method>
      <counter type="INSTRUCTION" missed="180" covered="0"/>
      <counter type="BRANCH" missed="22" covered="0"/>
      <counter type="LINE" missed="39" covered="0"/>
      <counter type="COMPLEXITY" missed="19" covered="0"/>
      <counter type="METHOD" missed="8" covered="0"/>
      <counter type="CLASS" missed="1" covered="0"/>
    </class>
    <class name="com/alibaba/nacos/client/auth/ram/utils/SignUtil$SigningAlgorithm" sourcefilename="SignUtil.java">
      <method name="&lt;clinit&gt;" desc="()V" line="63">
        <counter type="INSTRUCTION" missed="14" covered="0"/>
        <counter type="LINE" missed="2" covered="0"/>
        <counter type="COMPLEXITY" missed="1" covered="0"/>
        <counter type="METHOD" missed="1" covered="0"/>
      </method>
      <counter type="INSTRUCTION" missed="14" covered="0"/>
      <counter type="LINE" missed="2" covered="0"/>
      <counter type="COMPLEXITY" missed="1" covered="0"/>
      <counter type="METHOD" missed="1" covered="0"/>
      <counter type="CLASS" missed="1" covered="0"/>
    </class>
    <sourcefile name="SignUtil.java">
      <line nr="32" mi="3" ci="0" mb="0" cb="0"/>
      <line nr="34" mi="3" ci="0" mb="0" cb="0"/>
      <line nr="46" mi="9" ci="0" mb="0" cb="0"/>
      <line nr="47" mi="6" ci="0" mb="0" cb="0"/>
      <line nr="48" mi="1" ci="0" mb="0" cb="0"/>
      <line nr="49" mi="14" ci="0" mb="0" cb="0"/>
      <line nr="55" mi="4" ci="0" mb="0" cb="0"/>
      <line nr="56" mi="8" ci="0" mb="0" cb="0"/>
      <line nr="57" mi="4" ci="0" mb="0" cb="0"/>
      <line nr="58" mi="1" ci="0" mb="0" cb="0"/>
      <line nr="59" mi="14" ci="0" mb="0" cb="0"/>
      <line nr="63" mi="8" ci="0" mb="0" cb="0"/>
      <line nr="65" mi="6" ci="0" mb="0" cb="0"/>
      <counter type="INSTRUCTION" missed="81" covered="0"/>
      <counter type="LINE" missed="13" covered="0"/>
      <counter type="COMPLEXITY" missed="5" covered="0"/>
      <counter type="METHOD" missed="5" covered="0"/>
      <counter type="CLASS" missed="2" covered="0"/>
    </sourcefile>
    <sourcefile name="SpasAdapter.java">
      <line nr="35" mi="3" ci="0" mb="0" cb="0"/>
      <line nr="48" mi="5" ci="0" mb="0" cb="0"/>
      <line nr="49" mi="3" ci="0" mb="0" cb="0"/>
      <line nr="50" mi="5" ci="0" mb="0" cb="0"/>
      <line nr="51" mi="2" ci="0" mb="2" cb="0"/>
      <line nr="53" mi="3" ci="0" mb="2" cb="0"/>
      <line nr="54" mi="5" ci="0" mb="0" cb="0"/>
      <line nr="56" mi="13" ci="0" mb="0" cb="0"/>
      <line nr="58" mi="5" ci="0" mb="0" cb="0"/>
      <line nr="60" mi="2" ci="0" mb="0" cb="0"/>
      <line nr="64" mi="6" ci="0" mb="4" cb="0"/>
      <line nr="65" mi="2" ci="0" mb="0" cb="0"/>
      <line nr="68" mi="2" ci="0" mb="0" cb="0"/>
      <line nr="69" mi="6" ci="0" mb="4" cb="0"/>
      <line nr="70" mi="12" ci="0" mb="0" cb="0"/>
      <line nr="72" mi="3" ci="0" mb="2" cb="0"/>
      <line nr="73" mi="2" ci="0" mb="0" cb="0"/>
      <line nr="76" mi="4" ci="0" mb="0" cb="0"/>
      <line nr="80" mi="3" ci="0" mb="2" cb="0"/>
      <line nr="81" mi="2" ci="0" mb="0" cb="0"/>
      <line nr="84" mi="2" ci="0" mb="0" cb="0"/>
      <line nr="85" mi="8" ci="0" mb="4" cb="0"/>
      <line nr="86" mi="18" ci="0" mb="0" cb="0"/>
      <line nr="88" mi="6" ci="0" mb="2" cb="0"/>
      <line nr="89" mi="5" ci="0" mb="0" cb="0"/>
      <line nr="92" mi="4" ci="0" mb="0" cb="0"/>
      <line nr="96" mi="4" ci="0" mb="0" cb="0"/>
      <line nr="100" mi="4" ci="0" mb="0" cb="0"/>
      <line nr="104" mi="2" ci="0" mb="0" cb="0"/>
      <line nr="105" mi="1" ci="0" mb="0" cb="0"/>
      <line nr="116" mi="4" ci="0" mb="0" cb="0"/>
      <line nr="118" mi="6" ci="0" mb="0" cb="0"/>
      <line nr="120" mi="3" ci="0" mb="0" cb="0"/>
      <line nr="122" mi="3" ci="0" mb="0" cb="0"/>
      <line nr="123" mi="4" ci="0" mb="0" cb="0"/>
      <line nr="124" mi="4" ci="0" mb="0" cb="0"/>
      <line nr="126" mi="7" ci="0" mb="0" cb="0"/>
      <line nr="127" mi="1" ci="0" mb="0" cb="0"/>
      <line nr="128" mi="6" ci="0" mb="0" cb="0"/>
      <counter type="INSTRUCTION" missed="180" covered="0"/>
      <counter type="BRANCH" missed="22" covered="0"/>
      <counter type="LINE" missed="39" covered="0"/>
      <counter type="COMPLEXITY" missed="19" covered="0"/>
      <counter type="METHOD" missed="8" covered="0"/>
      <counter type="CLASS" missed="1" covered="0"/>
    </sourcefile>
    <counter type="INSTRUCTION" missed="261" covered="0"/>
    <counter type="BRANCH" missed="22" covered="0"/>
    <counter type="LINE" missed="52" covered="0"/>
    <counter type="COMPLEXITY" missed="24" covered="0"/>
    <counter type="METHOD" missed="13" covered="0"/>
    <counter type="CLASS" missed="3" covered="0"/>
  </package>
  <package name="com/alibaba/nacos/client/auth/impl/process">
    <class name="com/alibaba/nacos/client/auth/impl/process/HttpLoginProcessor" sourcefilename="HttpLoginProcessor.java">
      <method name="&lt;init&gt;" desc="(Lcom/alibaba/nacos/common/http/client/NacosRestTemplate;)V" line="57">
        <counter type="INSTRUCTION" missed="6" covered="0"/>
        <counter type="LINE" missed="3" covered="0"/>
        <counter type="COMPLEXITY" missed="1" covered="0"/>
        <counter type="METHOD" missed="1" covered="0"/>
      </method>
      <method name="getResponse" desc="(Ljava/util/Properties;)Lcom/alibaba/nacos/plugin/auth/api/LoginIdentityContext;" line="64">
        <counter type="INSTRUCTION" missed="158" covered="0"/>
        <counter type="BRANCH" missed="10" covered="0"/>
        <counter type="LINE" missed="30" covered="0"/>
        <counter type="COMPLEXITY" missed="6" covered="0"/>
        <counter type="METHOD" missed="1" covered="0"/>
      </method>
      <method name="&lt;clinit&gt;" desc="()V" line="51">
        <counter type="INSTRUCTION" missed="4" covered="0"/>
        <counter type="LINE" missed="1" covered="0"/>
        <counter type="COMPLEXITY" missed="1" covered="0"/>
        <counter type="METHOD" missed="1" covered="0"/>
      </method>
      <counter type="INSTRUCTION" missed="168" covered="0"/>
      <counter type="BRANCH" missed="10" covered="0"/>
      <counter type="LINE" missed="34" covered="0"/>
      <counter type="COMPLEXITY" missed="8" covered="0"/>
      <counter type="METHOD" missed="3" covered="0"/>
      <counter type="CLASS" missed="1" covered="0"/>
    </class>
    <class name="com/alibaba/nacos/client/auth/impl/process/LoginProcessor" sourcefilename="LoginProcessor.java"/>
    <sourcefile name="HttpLoginProcessor.java">
      <line nr="51" mi="4" ci="0" mb="0" cb="0"/>
      <line nr="57" mi="2" ci="0" mb="0" cb="0"/>
      <line nr="58" mi="3" ci="0" mb="0" cb="0"/>
      <line nr="59" mi="1" ci="0" mb="0" cb="0"/>
      <line nr="64" mi="5" ci="0" mb="0" cb="0"/>
      <line nr="65" mi="1" ci="0" mb="0" cb="0"/>
      <line nr="66" mi="5" ci="0" mb="0" cb="0"/>
      <line nr="68" mi="8" ci="0" mb="4" cb="0"/>
      <line nr="69" mi="3" ci="0" mb="2" cb="0"/>
      <line nr="70" mi="11" ci="0" mb="0" cb="0"/>
      <line nr="72" mi="9" ci="0" mb="0" cb="0"/>
      <line nr="75" mi="11" ci="0" mb="0" cb="0"/>
      <line nr="77" mi="5" ci="0" mb="0" cb="0"/>
      <line nr="78" mi="5" ci="0" mb="0" cb="0"/>
      <line nr="79" mi="8" ci="0" mb="0" cb="0"/>
      <line nr="80" mi="8" ci="0" mb="0" cb="0"/>
      <line nr="82" mi="6" ci="0" mb="0" cb="0"/>
      <line nr="83" mi="5" ci="0" mb="0" cb="0"/>
      <line nr="84" mi="3" ci="0" mb="2" cb="0"/>
      <line nr="85" mi="5" ci="0" mb="0" cb="0"/>
      <line nr="86" mi="2" ci="0" mb="0" cb="0"/>
      <line nr="88" mi="5" ci="0" mb="0" cb="0"/>
      <line nr="90" mi="4" ci="0" mb="0" cb="0"/>
      <line nr="92" mi="4" ci="0" mb="2" cb="0"/>
      <line nr="93" mi="5" ci="0" mb="0" cb="0"/>
      <line nr="94" mi="2" ci="0" mb="0" cb="0"/>
      <line nr="95" mi="6" ci="0" mb="0" cb="0"/>
      <line nr="96" mi="2" ci="0" mb="0" cb="0"/>
      <line nr="98" mi="3" ci="0" mb="0" cb="0"/>
      <line nr="100" mi="2" ci="0" mb="0" cb="0"/>
      <line nr="101" mi="1" ci="0" mb="0" cb="0"/>
      <line nr="102" mi="20" ci="0" mb="0" cb="0"/>
      <line nr="103" mi="2" ci="0" mb="0" cb="0"/>
      <line nr="104" mi="2" ci="0" mb="0" cb="0"/>
      <counter type="INSTRUCTION" missed="168" covered="0"/>
      <counter type="BRANCH" missed="10" covered="0"/>
      <counter type="LINE" missed="34" covered="0"/>
      <counter type="COMPLEXITY" missed="8" covered="0"/>
      <counter type="METHOD" missed="3" covered="0"/>
      <counter type="CLASS" missed="1" covered="0"/>
    </sourcefile>
    <sourcefile name="LoginProcessor.java"/>
    <counter type="INSTRUCTION" missed="168" covered="0"/>
    <counter type="BRANCH" missed="10" covered="0"/>
    <counter type="LINE" missed="34" covered="0"/>
    <counter type="COMPLEXITY" missed="8" covered="0"/>
    <counter type="METHOD" missed="3" covered="0"/>
    <counter type="CLASS" missed="1" covered="0"/>
  </package>
  <package name="com/alibaba/nacos/client/config/common">
    <class name="com/alibaba/nacos/client/config/common/GroupKey" sourcefilename="GroupKey.java">
      <method name="&lt;init&gt;" desc="()V" line="26">
        <counter type="INSTRUCTION" missed="3" covered="0"/>
        <counter type="LINE" missed="1" covered="0"/>
        <counter type="COMPLEXITY" missed="1" covered="0"/>
        <counter type="METHOD" missed="1" covered="0"/>
      </method>
      <method name="getKey" desc="(Ljava/lang/String;Ljava/lang/String;)Ljava/lang/String;" line="39">
        <counter type="INSTRUCTION" missed="5" covered="0"/>
        <counter type="LINE" missed="1" covered="0"/>
        <counter type="COMPLEXITY" missed="1" covered="0"/>
        <counter type="METHOD" missed="1" covered="0"/>
      </method>
      <method name="getKey" desc="(Ljava/lang/String;Ljava/lang/String;Ljava/lang/String;)Ljava/lang/String;" line="43">
        <counter type="INSTRUCTION" missed="5" covered="0"/>
        <counter type="LINE" missed="1" covered="0"/>
        <counter type="COMPLEXITY" missed="1" covered="0"/>
        <counter type="METHOD" missed="1" covered="0"/>
      </method>
      <method name="getKeyTenant" desc="(Ljava/lang/String;Ljava/lang/String;Ljava/lang/String;)Ljava/lang/String;" line="47">
        <counter type="INSTRUCTION" missed="5" covered="0"/>
        <counter type="LINE" missed="1" covered="0"/>
        <counter type="COMPLEXITY" missed="1" covered="0"/>
        <counter type="METHOD" missed="1" covered="0"/>
      </method>
      <method name="doGetKey" desc="(Ljava/lang/String;Ljava/lang/String;Ljava/lang/String;)Ljava/lang/String;" line="51">
        <counter type="INSTRUCTION" missed="43" covered="0"/>
        <counter type="BRANCH" missed="6" covered="0"/>
        <counter type="LINE" missed="12" covered="0"/>
        <counter type="COMPLEXITY" missed="4" covered="0"/>
        <counter type="METHOD" missed="1" covered="0"/>
      </method>
      <method name="parseKey" desc="(Ljava/lang/String;)[Ljava/lang/String;" line="76">
        <counter type="INSTRUCTION" missed="149" covered="0"/>
        <counter type="BRANCH" missed="24" covered="0"/>
        <counter type="LINE" missed="32" covered="0"/>
        <counter type="COMPLEXITY" missed="13" covered="0"/>
        <counter type="METHOD" missed="1" covered="0"/>
      </method>
      <method name="urlEncode" desc="(Ljava/lang/String;Ljava/lang/StringBuilder;)V" line="127">
        <counter type="INSTRUCTION" missed="33" covered="0"/>
        <counter type="BRANCH" missed="6" covered="0"/>
        <counter type="LINE" missed="8" covered="0"/>
        <counter type="COMPLEXITY" missed="4" covered="0"/>
        <counter type="METHOD" missed="1" covered="0"/>
      </method>
      <counter type="INSTRUCTION" missed="243" covered="0"/>
      <counter type="BRANCH" missed="36" covered="0"/>
      <counter type="LINE" missed="56" covered="0"/>
      <counter type="COMPLEXITY" missed="25" covered="0"/>
      <counter type="METHOD" missed="7" covered="0"/>
      <counter type="CLASS" missed="1" covered="0"/>
    </class>
    <class name="com/alibaba/nacos/client/config/common/ConfigConstants" sourcefilename="ConfigConstants.java">
      <method name="&lt;init&gt;" desc="()V" line="24">
        <counter type="INSTRUCTION" missed="3" covered="0"/>
        <counter type="LINE" missed="1" covered="0"/>
        <counter type="COMPLEXITY" missed="1" covered="0"/>
        <counter type="METHOD" missed="1" covered="0"/>
      </method>
      <counter type="INSTRUCTION" missed="3" covered="0"/>
      <counter type="LINE" missed="1" covered="0"/>
      <counter type="COMPLEXITY" missed="1" covered="0"/>
      <counter type="METHOD" missed="1" covered="0"/>
      <counter type="CLASS" missed="1" covered="0"/>
    </class>
    <sourcefile name="GroupKey.java">
      <line nr="26" mi="3" ci="0" mb="0" cb="0"/>
      <line nr="39" mi="5" ci="0" mb="0" cb="0"/>
      <line nr="43" mi="5" ci="0" mb="0" cb="0"/>
      <line nr="47" mi="5" ci="0" mb="0" cb="0"/>
      <line nr="51" mi="3" ci="0" mb="2" cb="0"/>
      <line nr="52" mi="5" ci="0" mb="0" cb="0"/>
      <line nr="54" mi="3" ci="0" mb="2" cb="0"/>
      <line nr="55" mi="5" ci="0" mb="0" cb="0"/>
      <line nr="57" mi="4" ci="0" mb="0" cb="0"/>
      <line nr="58" mi="3" ci="0" mb="0" cb="0"/>
      <line nr="59" mi="4" ci="0" mb="0" cb="0"/>
      <line nr="60" mi="3" ci="0" mb="0" cb="0"/>
      <line nr="61" mi="3" ci="0" mb="2" cb="0"/>
      <line nr="62" mi="4" ci="0" mb="0" cb="0"/>
      <line nr="63" mi="3" ci="0" mb="0" cb="0"/>
      <line nr="66" mi="3" ci="0" mb="0" cb="0"/>
      <line nr="76" mi="4" ci="0" mb="0" cb="0"/>
      <line nr="77" mi="2" ci="0" mb="0" cb="0"/>
      <line nr="78" mi="2" ci="0" mb="0" cb="0"/>
      <line nr="79" mi="2" ci="0" mb="0" cb="0"/>
      <line nr="81" mi="8" ci="0" mb="2" cb="0"/>
      <line nr="82" mi="4" ci="0" mb="0" cb="0"/>
      <line nr="83" mi="3" ci="0" mb="2" cb="0"/>
      <line nr="84" mi="3" ci="0" mb="2" cb="0"/>
      <line nr="85" mi="3" ci="0" mb="0" cb="0"/>
      <line nr="86" mi="4" ci="0" mb="0" cb="0"/>
      <line nr="87" mi="3" ci="0" mb="2" cb="0"/>
      <line nr="88" mi="3" ci="0" mb="0" cb="0"/>
      <line nr="89" mi="4" ci="0" mb="0" cb="0"/>
      <line nr="91" mi="12" ci="0" mb="0" cb="0"/>
      <line nr="93" mi="3" ci="0" mb="2" cb="0"/>
      <line nr="94" mi="5" ci="0" mb="0" cb="0"/>
      <line nr="95" mi="5" ci="0" mb="0" cb="0"/>
      <line nr="96" mi="6" ci="0" mb="4" cb="0"/>
      <line nr="97" mi="5" ci="0" mb="0" cb="0"/>
      <line nr="98" mi="6" ci="0" mb="4" cb="0"/>
      <line nr="99" mi="5" ci="0" mb="0" cb="0"/>
      <line nr="101" mi="12" ci="0" mb="0" cb="0"/>
      <line nr="103" mi="1" ci="0" mb="0" cb="0"/>
      <line nr="104" mi="4" ci="0" mb="0" cb="0"/>
      <line nr="108" mi="2" ci="0" mb="2" cb="0"/>
      <line nr="109" mi="4" ci="0" mb="0" cb="0"/>
      <line nr="111" mi="3" ci="0" mb="0" cb="0"/>
      <line nr="114" mi="3" ci="0" mb="2" cb="0"/>
      <line nr="115" mi="5" ci="0" mb="0" cb="0"/>
      <line nr="117" mi="3" ci="0" mb="2" cb="0"/>
      <line nr="118" mi="5" ci="0" mb="0" cb="0"/>
      <line nr="120" mi="15" ci="0" mb="0" cb="0"/>
      <line nr="127" mi="8" ci="0" mb="2" cb="0"/>
      <line nr="128" mi="4" ci="0" mb="0" cb="0"/>
      <line nr="129" mi="3" ci="0" mb="2" cb="0"/>
      <line nr="130" mi="5" ci="0" mb="0" cb="0"/>
      <line nr="131" mi="3" ci="0" mb="2" cb="0"/>
      <line nr="132" mi="5" ci="0" mb="0" cb="0"/>
      <line nr="134" mi="4" ci="0" mb="0" cb="0"/>
      <line nr="137" mi="1" ci="0" mb="0" cb="0"/>
      <counter type="INSTRUCTION" missed="243" covered="0"/>
      <counter type="BRANCH" missed="36" covered="0"/>
      <counter type="LINE" missed="56" covered="0"/>
      <counter type="COMPLEXITY" missed="25" covered="0"/>
      <counter type="METHOD" missed="7" covered="0"/>
      <counter type="CLASS" missed="1" covered="0"/>
    </sourcefile>
    <sourcefile name="ConfigConstants.java">
      <line nr="24" mi="3" ci="0" mb="0" cb="0"/>
      <counter type="INSTRUCTION" missed="3" covered="0"/>
      <counter type="LINE" missed="1" covered="0"/>
      <counter type="COMPLEXITY" missed="1" covered="0"/>
      <counter type="METHOD" missed="1" covered="0"/>
      <counter type="CLASS" missed="1" covered="0"/>
    </sourcefile>
    <counter type="INSTRUCTION" missed="246" covered="0"/>
    <counter type="BRANCH" missed="36" covered="0"/>
    <counter type="LINE" missed="57" covered="0"/>
    <counter type="COMPLEXITY" missed="26" covered="0"/>
    <counter type="METHOD" missed="8" covered="0"/>
    <counter type="CLASS" missed="2" covered="0"/>
  </package>
  <package name="com/alibaba/nacos/client/config/http">
    <class name="com/alibaba/nacos/client/config/http/HttpAgent" sourcefilename="HttpAgent.java"/>
    <class name="com/alibaba/nacos/client/config/http/ServerHttpAgent" sourcefilename="ServerHttpAgent.java">
      <method name="httpGet" desc="(Ljava/lang/String;Ljava/util/Map;Ljava/util/Map;Ljava/lang/String;J)Lcom/alibaba/nacos/common/http/HttpRestResult;" line="61">
        <counter type="INSTRUCTION" missed="136" covered="0"/>
        <counter type="BRANCH" missed="10" covered="0"/>
        <counter type="LINE" missed="36" covered="0"/>
        <counter type="COMPLEXITY" missed="6" covered="0"/>
        <counter type="METHOD" missed="1" covered="0"/>
      </method>
      <method name="httpPost" desc="(Ljava/lang/String;Ljava/util/Map;Ljava/util/Map;Ljava/lang/String;J)Lcom/alibaba/nacos/common/http/HttpRestResult;" line="116">
        <counter type="INSTRUCTION" missed="132" covered="0"/>
        <counter type="BRANCH" missed="10" covered="0"/>
        <counter type="LINE" missed="35" covered="0"/>
        <counter type="COMPLEXITY" missed="6" covered="0"/>
        <counter type="METHOD" missed="1" covered="0"/>
      </method>
      <method name="httpDelete" desc="(Ljava/lang/String;Ljava/util/Map;Ljava/util/Map;Ljava/lang/String;J)Lcom/alibaba/nacos/common/http/HttpRestResult;" line="170">
        <counter type="INSTRUCTION" missed="136" covered="0"/>
        <counter type="BRANCH" missed="10" covered="0"/>
        <counter type="LINE" missed="36" covered="0"/>
        <counter type="COMPLEXITY" missed="6" covered="0"/>
        <counter type="METHOD" missed="1" covered="0"/>
      </method>
      <method name="getUrl" desc="(Ljava/lang/String;Ljava/lang/String;)Ljava/lang/String;" line="223">
        <counter type="INSTRUCTION" missed="14" covered="0"/>
        <counter type="LINE" missed="1" covered="0"/>
        <counter type="COMPLEXITY" missed="1" covered="0"/>
        <counter type="METHOD" missed="1" covered="0"/>
      </method>
      <method name="isFail" desc="(Lcom/alibaba/nacos/common/http/HttpRestResult;)Z" line="227">
        <counter type="INSTRUCTION" missed="20" covered="0"/>
        <counter type="BRANCH" missed="8" covered="0"/>
        <counter type="LINE" missed="4" covered="0"/>
        <counter type="COMPLEXITY" missed="5" covered="0"/>
        <counter type="METHOD" missed="1" covered="0"/>
      </method>
      <method name="getAppname" desc="()Ljava/lang/String;" line="234">
        <counter type="INSTRUCTION" missed="2" covered="0"/>
        <counter type="LINE" missed="1" covered="0"/>
        <counter type="COMPLEXITY" missed="1" covered="0"/>
        <counter type="METHOD" missed="1" covered="0"/>
      </method>
      <method name="&lt;init&gt;" desc="(Lcom/alibaba/nacos/client/config/impl/ServerListManager;)V" line="54">
        <counter type="INSTRUCTION" missed="9" covered="0"/>
        <counter type="LINE" missed="4" covered="0"/>
        <counter type="COMPLEXITY" missed="1" covered="0"/>
        <counter type="METHOD" missed="1" covered="0"/>
      </method>
[...]
      <line nr="293" mi="8" ci="0" mb="0" cb="0"/>
      <line nr="299" mi="8" ci="0" mb="0" cb="0"/>
      <line nr="307" mi="4" ci="0" mb="0" cb="0"/>
      <line nr="308" mi="2" ci="0" mb="2" cb="0"/>
      <line nr="309" mi="7" ci="0" mb="0" cb="0"/>
      <line nr="310" mi="3" ci="0" mb="2" cb="0"/>
      <line nr="311" mi="8" ci="0" mb="0" cb="0"/>
      <line nr="314" mi="9" ci="0" mb="0" cb="0"/>
      <line nr="316" mi="5" ci="0" mb="0" cb="0"/>
      <line nr="321" mi="8" ci="0" mb="4" cb="0"/>
      <line nr="322" mi="4" ci="0" mb="0" cb="0"/>
      <line nr="325" mi="3" ci="0" mb="0" cb="0"/>
      <line nr="326" mi="3" ci="0" mb="2" cb="0"/>
      <line nr="327" mi="4" ci="0" mb="0" cb="0"/>
      <line nr="328" mi="12" ci="0" mb="6" cb="0"/>
      <line nr="329" mi="2" ci="0" mb="0" cb="0"/>
      <line nr="331" mi="1" ci="0" mb="0" cb="0"/>
      <line nr="333" mi="2" ci="0" mb="0" cb="0"/>
      <line nr="338" mi="7" ci="0" mb="0" cb="0"/>
      <line nr="343" mi="6" ci="0" mb="0" cb="0"/>
      <line nr="348" mi="8" ci="0" mb="0" cb="0"/>
      <line nr="354" mi="9" ci="0" mb="0" cb="0"/>
      <line nr="359" mi="6" ci="0" mb="0" cb="0"/>
      <line nr="365" mi="7" ci="0" mb="0" cb="0"/>
      <line nr="371" mi="7" ci="0" mb="0" cb="0"/>
      <line nr="377" mi="4" ci="0" mb="0" cb="0"/>
      <line nr="378" mi="2" ci="0" mb="2" cb="0"/>
      <line nr="379" mi="7" ci="0" mb="0" cb="0"/>
      <line nr="380" mi="3" ci="0" mb="2" cb="0"/>
      <line nr="381" mi="7" ci="0" mb="0" cb="0"/>
      <line nr="383" mi="3" ci="0" mb="0" cb="0"/>
      <line nr="385" mi="7" ci="0" mb="0" cb="0"/>
      <line nr="386" mi="2" ci="0" mb="0" cb="0"/>
      <line nr="387" mi="3" ci="0" mb="0" cb="0"/>
      <line nr="393" mi="7" ci="0" mb="0" cb="0"/>
      <line nr="394" mi="1" ci="0" mb="0" cb="0"/>
      <line nr="398" mi="8" ci="0" mb="0" cb="0"/>
      <line nr="399" mi="1" ci="0" mb="0" cb="0"/>
      <line nr="403" mi="6" ci="0" mb="0" cb="0"/>
      <line nr="404" mi="1" ci="0" mb="0" cb="0"/>
      <line nr="409" mi="3" ci="0" mb="2" cb="0"/>
      <line nr="410" mi="1" ci="0" mb="0" cb="0"/>
      <line nr="412" mi="4" ci="0" mb="0" cb="0"/>
      <line nr="413" mi="7" ci="0" mb="0" cb="0"/>
      <line nr="414" mi="7" ci="0" mb="0" cb="0"/>
      <line nr="415" mi="1" ci="0" mb="0" cb="0"/>
      <line nr="419" mi="7" ci="0" mb="0" cb="0"/>
      <line nr="420" mi="1" ci="0" mb="0" cb="0"/>
      <line nr="424" mi="8" ci="0" mb="0" cb="0"/>
      <line nr="425" mi="1" ci="0" mb="0" cb="0"/>
      <line nr="429" mi="6" ci="0" mb="0" cb="0"/>
      <line nr="430" mi="1" ci="0" mb="0" cb="0"/>
      <line nr="435" mi="4" ci="0" mb="0" cb="0"/>
      <line nr="436" mi="7" ci="0" mb="0" cb="0"/>
      <line nr="437" mi="7" ci="0" mb="2" cb="0"/>
      <line nr="438" mi="6" ci="0" mb="0" cb="0"/>
      <line nr="440" mi="1" ci="0" mb="0" cb="0"/>
      <line nr="444" mi="6" ci="0" mb="0" cb="0"/>
      <line nr="449" mi="7" ci="0" mb="0" cb="0"/>
      <line nr="455" mi="7" ci="0" mb="0" cb="0"/>
      <line nr="461" mi="8" ci="0" mb="0" cb="0"/>
      <line nr="466" mi="4" ci="0" mb="0" cb="0"/>
      <line nr="471" mi="8" ci="0" mb="2" cb="0"/>
      <line nr="476" mi="3" ci="0" mb="0" cb="0"/>
      <line nr="477" mi="3" ci="0" mb="0" cb="0"/>
      <line nr="478" mi="1" ci="0" mb="0" cb="0"/>
      <counter type="INSTRUCTION" missed="706" covered="0"/>
      <counter type="BRANCH" missed="40" covered="0"/>
      <counter type="LINE" missed="155" covered="0"/>
      <counter type="COMPLEXITY" missed="78" covered="0"/>
      <counter type="METHOD" missed="58" covered="0"/>
      <counter type="CLASS" missed="1" covered="0"/>
    </sourcefile>
    <counter type="INSTRUCTION" missed="983" covered="0"/>
    <counter type="BRANCH" missed="40" covered="0"/>
    <counter type="LINE" missed="233" covered="0"/>
    <counter type="COMPLEXITY" missed="99" covered="0"/>
    <counter type="METHOD" missed="79" covered="0"/>
    <counter type="CLASS" missed="2" covered="0"/>
  </package>
  <package name="com/alibaba/nacos/client/naming/remote">
    <class name="com/alibaba/nacos/client/naming/remote/NamingClientProxy" sourcefilename="NamingClientProxy.java"/>
    <class name="com/alibaba/nacos/client/naming/remote/NamingClientProxyDelegate" sourcefilename="NamingClientProxyDelegate.java">
      <method name="&lt;init&gt;" desc="(Ljava/lang/String;Lcom/alibaba/nacos/client/naming/cache/ServiceInfoHolder;Lcom/alibaba/nacos/client/env/NacosClientProperties;Lcom/alibaba/nacos/client/naming/event/InstancesChangeNotifier;)V" line="69">
        <counter type="INSTRUCTION" missed="58" covered="0"/>
        <counter type="LINE" missed="10" covered="0"/>
        <counter type="COMPLEXITY" missed="1" covered="0"/>
        <counter type="METHOD" missed="1" covered="0"/>
      </method>
      <method name="initSecurityProxy" desc="(Lcom/alibaba/nacos/client/env/NacosClientProperties;)V" line="83">
        <counter type="INSTRUCTION" missed="25" covered="0"/>
        <counter type="LINE" missed="6" covered="0"/>
        <counter type="COMPLEXITY" missed="1" covered="0"/>
        <counter type="METHOD" missed="1" covered="0"/>
      </method>
      <method name="registerService" desc="(Ljava/lang/String;Ljava/lang/String;Lcom/alibaba/nacos/api/naming/pojo/Instance;)V" line="98">
        <counter type="INSTRUCTION" missed="8" covered="0"/>
        <counter type="LINE" missed="2" covered="0"/>
        <counter type="COMPLEXITY" missed="1" covered="0"/>
        <counter type="METHOD" missed="1" covered="0"/>
      </method>
      <method name="batchRegisterService" desc="(Ljava/lang/String;Ljava/lang/String;Ljava/util/List;)V" line="104">
        <counter type="INSTRUCTION" missed="24" covered="0"/>
        <counter type="BRANCH" missed="2" covered="0"/>
        <counter type="LINE" missed="6" covered="0"/>
        <counter type="COMPLEXITY" missed="2" covered="0"/>
        <counter type="METHOD" missed="1" covered="0"/>
      </method>
      <method name="batchDeregisterService" desc="(Ljava/lang/String;Ljava/lang/String;Ljava/util/List;)V" line="115">
        <counter type="INSTRUCTION" missed="24" covered="0"/>
        <counter type="BRANCH" missed="2" covered="0"/>
        <counter type="LINE" missed="6" covered="0"/>
        <counter type="COMPLEXITY" missed="2" covered="0"/>
        <counter type="METHOD" missed="1" covered="0"/>
      </method>
      <method name="deregisterService" desc="(Ljava/lang/String;Ljava/lang/String;Lcom/alibaba/nacos/api/naming/pojo/Instance;)V" line="125">
        <counter type="INSTRUCTION" missed="8" covered="0"/>
        <counter type="LINE" missed="2" covered="0"/>
        <counter type="COMPLEXITY" missed="1" covered="0"/>
        <counter type="METHOD" missed="1" covered="0"/>
      </method>
      <method name="updateInstance" desc="(Ljava/lang/String;Ljava/lang/String;Lcom/alibaba/nacos/api/naming/pojo/Instance;)V" line="131">
        <counter type="INSTRUCTION" missed="1" covered="0"/>
        <counter type="LINE" missed="1" covered="0"/>
        <counter type="COMPLEXITY" missed="1" covered="0"/>
        <counter type="METHOD" missed="1" covered="0"/>
      </method>
      <method name="queryInstancesOfService" desc="(Ljava/lang/String;Ljava/lang/String;Ljava/lang/String;IZ)Lcom/alibaba/nacos/api/naming/pojo/ServiceInfo;" line="136">
        <counter type="INSTRUCTION" missed="9" covered="0"/>
        <counter type="LINE" missed="1" covered="0"/>
        <counter type="COMPLEXITY" missed="1" covered="0"/>
        <counter type="METHOD" missed="1" covered="0"/>
      </method>
      <method name="queryService" desc="(Ljava/lang/String;Ljava/lang/String;)Lcom/alibaba/nacos/api/naming/pojo/Service;" line="141">
        <counter type="INSTRUCTION" missed="2" covered="0"/>
        <counter type="LINE" missed="1" covered="0"/>
        <counter type="COMPLEXITY" missed="1" covered="0"/>
        <counter type="METHOD" missed="1" covered="0"/>
      </method>
      <method name="createService" desc="(Lcom/alibaba/nacos/api/naming/pojo/Service;Lcom/alibaba/nacos/api/selector/AbstractSelector;)V" line="147">
        <counter type="INSTRUCTION" missed="1" covered="0"/>
        <counter type="LINE" missed="1" covered="0"/>
        <counter type="COMPLEXITY" missed="1" covered="0"/>
        <counter type="METHOD" missed="1" covered="0"/>
      </method>
      <method name="deleteService" desc="(Ljava/lang/String;Ljava/lang/String;)Z" line="151">
        <counter type="INSTRUCTION" missed="2" covered="0"/>
        <counter type="LINE" missed="1" covered="0"/>
        <counter type="COMPLEXITY" missed="1" covered="0"/>
        <counter type="METHOD" missed="1" covered="0"/>
      </method>
      <method name="updateService" desc="(Lcom/alibaba/nacos/api/naming/pojo/Service;Lcom/alibaba/nacos/api/selector/AbstractSelector;)V" line="157">
        <counter type="INSTRUCTION" missed="1" covered="0"/>
        <counter type="LINE" missed="1" covered="0"/>
        <counter type="COMPLEXITY" missed="1" covered="0"/>
        <counter type="METHOD" missed="1" covered="0"/>
      </method>
      <method name="getServiceList" desc="(IILjava/lang/String;Lcom/alibaba/nacos/api/selector/AbstractSelector;)Lcom/alibaba/nacos/api/naming/pojo/ListView;" line="162">
        <counter type="INSTRUCTION" missed="8" covered="0"/>
        <counter type="LINE" missed="1" covered="0"/>
        <counter type="COMPLEXITY" missed="1" covered="0"/>
        <counter type="METHOD" missed="1" covered="0"/>
      </method>
      <method name="subscribe" desc="(Ljava/lang/String;Ljava/lang/String;Ljava/lang/String;)Lcom/alibaba/nacos/api/naming/pojo/ServiceInfo;" line="167">
        <counter type="INSTRUCTION" missed="61" covered="0"/>
        <counter type="BRANCH" missed="4" covered="0"/>
        <counter type="LINE" missed="9" covered="0"/>
        <counter type="COMPLEXITY" missed="3" covered="0"/>
        <counter type="METHOD" missed="1" covered="0"/>
      </method>
      <method name="unsubscribe" desc="(Ljava/lang/String;Ljava/lang/String;Ljava/lang/String;)V" line="181">
        <counter type="INSTRUCTION" missed="30" covered="0"/>
        <counter type="LINE" missed="5" covered="0"/>
        <counter type="COMPLEXITY" missed="1" covered="0"/>
        <counter type="METHOD" missed="1" covered="0"/>
      </method>
      <method name="isSubscribed" desc="(Ljava/lang/String;Ljava/lang/String;Ljava/lang/String;)Z" line="189">
        <counter type="INSTRUCTION" missed="7" covered="0"/>
        <counter type="LINE" missed="1" covered="0"/>
        <counter type="COMPLEXITY" missed="1" covered="0"/>
        <counter type="METHOD" missed="1" covered="0"/>
      </method>
      <method name="serverHealthy" desc="()Z" line="194">
        <counter type="INSTRUCTION" missed="12" covered="0"/>
        <counter type="BRANCH" missed="4" covered="0"/>
        <counter type="LINE" missed="1" covered="0"/>
        <counter type="COMPLEXITY" missed="3" covered="0"/>
        <counter type="METHOD" missed="1" covered="0"/>
      </method>
      <method name="getExecuteClientProxy" desc="(Lcom/alibaba/nacos/api/naming/pojo/Instance;)Lcom/alibaba/nacos/client/naming/remote/NamingClientProxy;" line="198">
        <counter type="INSTRUCTION" missed="9" covered="0"/>
        <counter type="BRANCH" missed="2" covered="0"/>
        <counter type="LINE" missed="1" covered="0"/>
        <counter type="COMPLEXITY" missed="2" covered="0"/>
        <counter type="METHOD" missed="1" covered="0"/>
      </method>
      <method name="shutdown" desc="()V" line="203">
        <counter type="INSTRUCTION" missed="32" covered="0"/>
        <counter type="LINE" missed="10" covered="0"/>
        <counter type="COMPLEXITY" missed="1" covered="0"/>
        <counter type="METHOD" missed="1" covered="0"/>
      </method>
      <method name="lambda$initSecurityProxy$1" desc="(Ljava/util/Properties;)V" line="92">
        <counter type="INSTRUCTION" missed="5" covered="0"/>
        <counter type="LINE" missed="1" covered="0"/>
        <counter type="COMPLEXITY" missed="1" covered="0"/>
        <counter type="METHOD" missed="1" covered="0"/>
      </method>
      <method name="lambda$initSecurityProxy$0" desc="(Ljava/lang/Runnable;)Ljava/lang/Thread;" line="84">
        <counter type="INSTRUCTION" missed="13" covered="0"/>
        <counter type="LINE" missed="4" covered="0"/>
        <counter type="COMPLEXITY" missed="1" covered="0"/>
        <counter type="METHOD" missed="1" covered="0"/>
      </method>
      <counter type="INSTRUCTION" missed="340" covered="0"/>
      <counter type="BRANCH" missed="14" covered="0"/>
      <counter type="LINE" missed="70" covered="0"/>
      <counter type="COMPLEXITY" missed="28" covered="0"/>
      <counter type="METHOD" missed="21" covered="0"/>
      <counter type="CLASS" missed="1" covered="0"/>
    </class>
    <class name="com/alibaba/nacos/client/naming/remote/AbstractNamingClientProxy" sourcefilename="AbstractNamingClientProxy.java">
      <method name="&lt;init&gt;" desc="(Lcom/alibaba/nacos/client/security/SecurityProxy;)V" line="40">
        <counter type="INSTRUCTION" missed="6" covered="0"/>
        <counter type="LINE" missed="3" covered="0"/>
        <counter type="COMPLEXITY" missed="1" covered="0"/>
        <counter type="METHOD" missed="1" covered="0"/>
      </method>
      <method name="getSecurityHeaders" desc="(Ljava/lang/String;Ljava/lang/String;Ljava/lang/String;)Ljava/util/Map;" line="45">
        <counter type="INSTRUCTION" missed="20" covered="0"/>
        <counter type="LINE" missed="5" covered="0"/>
        <counter type="COMPLEXITY" missed="1" covered="0"/>
        <counter type="METHOD" missed="1" covered="0"/>
      </method>
      <method name="getAppHeaders" desc="()Ljava/util/Map;" line="53">
        <counter type="INSTRUCTION" missed="12" covered="0"/>
        <counter type="LINE" missed="3" covered="0"/>
        <counter type="COMPLEXITY" missed="1" covered="0"/>
        <counter type="METHOD" missed="1" covered="0"/>
      </method>
      <counter type="INSTRUCTION" missed="38" covered="0"/>
      <counter type="LINE" missed="11" covered="0"/>
      <counter type="COMPLEXITY" missed="3" covered="0"/>
      <counter type="METHOD" missed="3" covered="0"/>
      <counter type="CLASS" missed="1" covered="0"/>
    </class>
    <sourcefile name="NamingClientProxyDelegate.java">
      <line nr="69" mi="2" ci="0" mb="0" cb="0"/>
      <line nr="70" mi="9" ci="0" mb="0" cb="0"/>
      <line nr="72" mi="7" ci="0" mb="0" cb="0"/>
      <line nr="73" mi="3" ci="0" mb="0" cb="0"/>
      <line nr="74" mi="6" ci="0" mb="0" cb="0"/>
      <line nr="75" mi="4" ci="0" mb="0" cb="0"/>
      <line nr="76" mi="3" ci="0" mb="0" cb="0"/>
      <line nr="77" mi="11" ci="0" mb="0" cb="0"/>
      <line nr="78" mi="12" ci="0" mb="0" cb="0"/>
      <line nr="80" mi="1" ci="0" mb="0" cb="0"/>
      <line nr="83" mi="7" ci="0" mb="0" cb="0"/>
      <line nr="84" mi="5" ci="0" mb="0" cb="0"/>
      <line nr="85" mi="3" ci="0" mb="0" cb="0"/>
      <line nr="86" mi="3" ci="0" mb="0" cb="0"/>
      <line nr="87" mi="2" ci="0" mb="0" cb="0"/>
      <line nr="89" mi="3" ci="0" mb="0" cb="0"/>
      <line nr="90" mi="4" ci="0" mb="0" cb="0"/>
      <line nr="91" mi="8" ci="0" mb="0" cb="0"/>
      <line nr="92" mi="7" ci="0" mb="0" cb="0"/>
      <line nr="94" mi="1" ci="0" mb="0" cb="0"/>
      <line nr="98" mi="7" ci="0" mb="0" cb="0"/>
      <line nr="99" mi="1" ci="0" mb="0" cb="0"/>
      <line nr="104" mi="5" ci="0" mb="0" cb="0"/>
      <line nr="105" mi="3" ci="0" mb="2" cb="0"/>
      <line nr="106" mi="4" ci="0" mb="0" cb="0"/>
      <line nr="108" mi="6" ci="0" mb="0" cb="0"/>
      <line nr="109" mi="5" ci="0" mb="0" cb="0"/>
      <line nr="110" mi="1" ci="0" mb="0" cb="0"/>
      <line nr="115" mi="5" ci="0" mb="0" cb="0"/>
      <line nr="116" mi="3" ci="0" mb="2" cb="0"/>
      <line nr="117" mi="4" ci="0" mb="0" cb="0"/>
      <line nr="119" mi="6" ci="0" mb="0" cb="0"/>
      <line nr="120" mi="5" ci="0" mb="0" cb="0"/>
      <line nr="121" mi="1" ci="0" mb="0" cb="0"/>
      <line nr="125" mi="7" ci="0" mb="0" cb="0"/>
      <line nr="126" mi="1" ci="0" mb="0" cb="0"/>
      <line nr="131" mi="1" ci="0" mb="0" cb="0"/>
      <line nr="136" mi="9" ci="0" mb="0" cb="0"/>
      <line nr="141" mi="2" ci="0" mb="0" cb="0"/>
      <line nr="147" mi="1" ci="0" mb="0" cb="0"/>
      <line nr="151" mi="2" ci="0" mb="0" cb="0"/>
      <line nr="157" mi="1" ci="0" mb="0" cb="0"/>
      <line nr="162" mi="8" ci="0" mb="0" cb="0"/>
      <line nr="167" mi="17" ci="0" mb="0" cb="0"/>
      <line nr="168" mi="4" ci="0" mb="0" cb="0"/>
      <line nr="169" mi="4" ci="0" mb="0" cb="0"/>
      <line nr="170" mi="6" ci="0" mb="0" cb="0"/>
      <line nr="171" mi="7" ci="0" mb="0" cb="0"/>
      <line nr="172" mi="9" ci="0" mb="4" cb="0"/>
      <line nr="173" mi="7" ci="0" mb="0" cb="0"/>
      <line nr="175" mi="5" ci="0" mb="0" cb="0"/>
      <line nr="176" mi="2" ci="0" mb="0" cb="0"/>
      <line nr="181" mi="16" ci="0" mb="0" cb="0"/>
      <line nr="182" mi="1" ci="0" mb="0" cb="0"/>
      <line nr="183" mi="6" ci="0" mb="0" cb="0"/>
      <line nr="184" mi="6" ci="0" mb="0" cb="0"/>
      <line nr="185" mi="1" ci="0" mb="0" cb="0"/>
      <line nr="189" mi="7" ci="0" mb="0" cb="0"/>
      <line nr="194" mi="12" ci="0" mb="4" cb="0"/>
      <line nr="198" mi="9" ci="0" mb="2" cb="0"/>
      <line nr="203" mi="4" ci="0" mb="0" cb="0"/>
      <line nr="204" mi="4" ci="0" mb="0" cb="0"/>
      <line nr="205" mi="3" ci="0" mb="0" cb="0"/>
      <line nr="206" mi="3" ci="0" mb="0" cb="0"/>
      <line nr="207" mi="3" ci="0" mb="0" cb="0"/>
      <line nr="208" mi="3" ci="0" mb="0" cb="0"/>
      <line nr="209" mi="3" ci="0" mb="0" cb="0"/>
      <line nr="210" mi="4" ci="0" mb="0" cb="0"/>
      <line nr="211" mi="4" ci="0" mb="0" cb="0"/>
      <line nr="212" mi="1" ci="0" mb="0" cb="0"/>
      <counter type="INSTRUCTION" missed="340" covered="0"/>
      <counter type="BRANCH" missed="14" covered="0"/>
      <counter type="LINE" missed="70" covered="0"/>
      <counter type="COMPLEXITY" missed="28" covered="0"/>
      <counter type="METHOD" missed="21" covered="0"/>
      <counter type="CLASS" missed="1" covered="0"/>
    </sourcefile>
    <sourcefile name="NamingClientProxy.java"/>
    <sourcefile name="AbstractNamingClientProxy.java">
      <line nr="40" mi="2" ci="0" mb="0" cb="0"/>
      <line nr="41" mi="3" ci="0" mb="0" cb="0"/>
      <line nr="42" mi="1" ci="0" mb="0" cb="0"/>
      <line nr="45" mi="6" ci="0" mb="0" cb="0"/>
      <line nr="46" mi="3" ci="0" mb="0" cb="0"/>
      <line nr="47" mi="5" ci="0" mb="0" cb="0"/>
      <line nr="48" mi="4" ci="0" mb="0" cb="0"/>
      <line nr="49" mi="2" ci="0" mb="0" cb="0"/>
      <line nr="53" mi="5" ci="0" mb="0" cb="0"/>
      <line nr="54" mi="5" ci="0" mb="0" cb="0"/>
      <line nr="55" mi="2" ci="0" mb="0" cb="0"/>
      <counter type="INSTRUCTION" missed="38" covered="0"/>
      <counter type="LINE" missed="11" covered="0"/>
      <counter type="COMPLEXITY" missed="3" covered="0"/>
      <counter type="METHOD" missed="3" covered="0"/>
      <counter type="CLASS" missed="1" covered="0"/>
    </sourcefile>
    <counter type="INSTRUCTION" missed="378" covered="0"/>
    <counter type="BRANCH" missed="14" covered="0"/>
    <counter type="LINE" missed="81" covered="0"/>
    <counter type="COMPLEXITY" missed="31" covered="0"/>
    <counter type="METHOD" missed="24" covered="0"/>
    <counter type="CLASS" missed="2" covered="0"/>
  </package>
  <counter type="INSTRUCTION" missed="20233" covered="772"/>
  <counter type="BRANCH" missed="1676" covered="27"/>
  <counter type="LINE" missed="4583" covered="197"/>
  <counter type="COMPLEXITY" missed="1765" covered="64"/>
  <counter type="METHOD" missed="914" covered="61"/>
  <counter type="CLASS" missed="121" covered="22"/>
</report>
