{
  "issue_id": 13839,
  "issue_url": "https://github.com/checkstyle/checkstyle/issues/13839",
  "title": "migrate SuppressWarningsHolder to use property macro",
  "description": "<p dir=\"auto\">there is problem to migrate SuppressWarningsHolder to property macro for <code class=\"notranslate\">aliasList</code> for <code class=\"notranslate\">public void setAliasList(String... aliasList) {</code></p>\n<p dir=\"auto\">migration:</p>\n<div class=\"snippet-clipboard-content notranslate position-relative overflow-auto\" data-snippet-clipboard-copy-content=\"diff --git a/config/checkstyle-non-main-files-suppressions.xml b/config/checkstyle-non-main-files-suppressions.xml\nindex c3743fb..c5e0cd8 100644\n--- a/config/checkstyle-non-main-files-suppressions.xml\n+++ b/config/checkstyle-non-main-files-suppressions.xml\n@@ -220,8 +220,6 @@\n             files=\"src[\\\\/]xdocs[\\\\/]checks[\\\\/]annotation[\\\\/]packageannotation.xml.template\"/>\n   <!-- Properties macro suppressions until https://github.com/checkstyle/checkstyle/issues/13693 -->\n   <suppress id=\"propertiesMacroMustExist\"\n-         files=\"src[\\\\/]xdocs[\\\\/]checks[\\\\/]annotation[\\\\/]suppresswarningsholder.xml.template\"/>\n-  <suppress id=\"propertiesMacroMustExist\"\n          files=\"src[\\\\/]xdocs[\\\\/]checks[\\\\/]blocks[\\\\/]avoidnestedblocks.xml.template\"/>\n   <suppress id=\"propertiesMacroMustExist\"\n          files=\"src[\\\\/]xdocs[\\\\/]checks[\\\\/]blocks[\\\\/]emptyblock.xml.template\"/>\ndiff --git a/src/xdocs/checks/annotation/suppresswarningsholder.xml.template b/src/xdocs/checks/annotation/suppresswarningsholder.xml.template\nindex 8abced6..532bafa 100644\n--- a/src/xdocs/checks/annotation/suppresswarningsholder.xml.template\n+++ b/src/xdocs/checks/annotation/suppresswarningsholder.xml.template\n@@ -26,29 +26,10 @@\n \n       <subsection name=\"Properties\" id=\"Properties\">\n         <div class=\"wrapper\">\n-          <table>\n-            <tr>\n-              <th>name</th>\n-              <th>description</th>\n-              <th>type</th>\n-              <th>default value</th>\n-              <th>since</th>\n-            </tr>\n-            <tr>\n-              <td>aliasList</td>\n-              <td>\n-                Specify aliases for check names that can be used in code within\n-                <code>SuppressWarnings</code>.\n-              </td>\n-              <td>\n-                <a href=\"../../property_types.html#String.5B.5D\">String[]</a>\n-                in a format of comma separated attribute=value entries.\n-                The attribute is the fully qualified name of the Check and value is its alias.\n-              </td>\n-              <td><code>null</code></td>\n-              <td>5.7</td>\n-            </tr>\n-          </table>\n+          <macro name=\"properties\">\n+            <param name=\"modulePath\"\n+                   value=\"src/main/java/com/puppycrawl/tools/checkstyle/checks/SuppressWarningsHolder.java\"/>\n+          </macro>\n         </div>\n       </subsection>\n \n\"><pre class=\"notranslate\"><code class=\"notranslate\">diff --git a/config/checkstyle-non-main-files-suppressions.xml b/config/checkstyle-non-main-files-suppressions.xml\nindex c3743fb..c5e0cd8 100644\n--- a/config/checkstyle-non-main-files-suppressions.xml\n+++ b/config/checkstyle-non-main-files-suppressions.xml\n@@ -220,8 +220,6 @@\n             files=\"src[\\\\/]xdocs[\\\\/]checks[\\\\/]annotation[\\\\/]packageannotation.xml.template\"/>\n   <!-- Properties macro suppressions until https://github.com/checkstyle/checkstyle/issues/13693 -->\n   <suppress id=\"propertiesMacroMustExist\"\n-         files=\"src[\\\\/]xdocs[\\\\/]checks[\\\\/]annotation[\\\\/]suppresswarningsholder.xml.template\"/>\n-  <suppress id=\"propertiesMacroMustExist\"\n          files=\"src[\\\\/]xdocs[\\\\/]checks[\\\\/]blocks[\\\\/]avoidnestedblocks.xml.template\"/>\n   <suppress id=\"propertiesMacroMustExist\"\n          files=\"src[\\\\/]xdocs[\\\\/]checks[\\\\/]blocks[\\\\/]emptyblock.xml.template\"/>\ndiff --git a/src/xdocs/checks/annotation/suppresswarningsholder.xml.template b/src/xdocs/checks/annotation/suppresswarningsholder.xml.template\nindex 8abced6..532bafa 100644\n--- a/src/xdocs/checks/annotation/suppresswarningsholder.xml.template\n+++ b/src/xdocs/checks/annotation/suppresswarningsholder.xml.template\n@@ -26,29 +26,10 @@\n \n       <subsection name=\"Properties\" id=\"Properties\">\n         <div class=\"wrapper\">\n-          <table>\n-            <tr>\n-              <th>name</th>\n-              <th>description</th>\n-              <th>type</th>\n-              <th>default value</th>\n-              <th>since</th>\n-            </tr>\n-            <tr>\n-              <td>aliasList</td>\n-              <td>\n-                Specify aliases for check names that can be used in code within\n-                <code>SuppressWarnings</code>.\n-              </td>\n-              <td>\n-                <a href=\"../../property_types.html#String.5B.5D\">String[]</a>\n-                in a format of comma separated attribute=value entries.\n-                The attribute is the fully qualified name of the Check and value is its alias.\n-              </td>\n-              <td><code>null</code></td>\n-              <td>5.7</td>\n-            </tr>\n-          </table>\n+          <macro name=\"properties\">\n+            <param name=\"modulePath\"\n+                   value=\"src/main/java/com/puppycrawl/tools/checkstyle/checks/SuppressWarningsHolder.java\"/>\n+          </macro>\n         </div>\n       </subsection>\n \n\n</code></pre></div>\n<p dir=\"auto\">failure:</p>\n<div class=\"snippet-clipboard-content notranslate position-relative overflow-auto\" data-snippet-clipboard-copy-content=\"[ERROR] com.puppycrawl.tools.checkstyle.internal.XdocsPagesTest -- Time elapsed: 0.674 s <<< ERROR!\norg.apache.maven.doxia.parser.ParseException: Macro execution failed: Could not find field aliasList in class SuppressWarningsHolder\n\tat org.apache.maven.doxia.parser.AbstractXmlParser.parse(AbstractXmlParser.java:165)\n\tat org.apache.maven.doxia.parser.XhtmlBaseParser.parse(XhtmlBaseParser.java:92)\n\tat org.apache.maven.doxia.module.xdoc.XdocParser.parse(XdocParser.java:113)\n\tat com.puppycrawl.tools.checkstyle.site.XdocsTemplateParser.parse(XdocsTemplateParser.java:76)\n\tat org.apache.maven.doxia.parser.AbstractParser.parse(AbstractParser.java:207)\n\tat com.puppycrawl.tools.checkstyle.internal.utils.XdocGenerator.generateXdocContent(XdocGenerator.java:66)\n\tat com.puppycrawl.tools.checkstyle.internal.XdocsPagesTest.generateXdocContent(XdocsPagesTest.java:238)\n\tat java.base/jdk.internal.reflect.NativeMethodAccessorImpl.invoke0(Native Method)\n\tat java.base/jdk.internal.reflect.NativeMethodAccessorImpl.invoke(NativeMethodAccessorImpl.java:62)\n\tat java.base/jdk.internal.reflect.DelegatingMethodAccessorImpl.invoke(DelegatingMethodAccessorImpl.java:43)\n\tat java.base/java.lang.reflect.Method.invoke(Method.java:566)\n\tat org.junit.platform.commons.util.ReflectionUtils.invokeMethod(ReflectionUtils.java:727)\n\tat org.junit.jupiter.engine.execution.MethodInvocation.proceed(MethodInvocation.java:60)\n\tat org.junit.jupiter.engine.execution.InvocationInterceptorChain$ValidatingInvocation.proceed(InvocationInterceptorChain.java:131)\n\tat org.junit.jupiter.engine.extension.TimeoutExtension.intercept(TimeoutExtension.java:156)\n\tat org.junit.jupiter.engine.extension.TimeoutExtension.interceptLifecycleMethod(TimeoutExtension.java:128)\n\tat org.junit.jupiter.engine.extension.TimeoutExtension.interceptBeforeAllMethod(TimeoutExtension.java:70)\n\tat org.junit.jupiter.engine.execution.InterceptingExecutableInvoker$ReflectiveInterceptorCall.lambda$ofVoidMethod$0(InterceptingExecutableInvoker.java:103)\n\tat org.junit.jupiter.engine.execution.InterceptingExecutableInvoker.lambda$invoke$0(InterceptingExecutableInvoker.java:93)\n\tat org.junit.jupiter.engine.execution.InvocationInterceptorChain$InterceptedInvocation.proceed(InvocationInterceptorChain.java:106)\n\tat org.junit.jupiter.engine.execution.InvocationInterceptorChain.proceed(InvocationInterceptorChain.java:64)\n\tat org.junit.jupiter.engine.execution.InvocationInterceptorChain.chainAndInvoke(InvocationInterceptorChain.java:45)\n\tat org.junit.jupiter.engine.execution.InvocationInterceptorChain.invoke(InvocationInterceptorChain.java:37)\n\tat org.junit.jupiter.engine.execution.InterceptingExecutableInvoker.invoke(InterceptingExecutableInvoker.java:92)\n\tat org.junit.jupiter.engine.execution.InterceptingExecutableInvoker.invoke(InterceptingExecutableInvoker.java:86)\n\tat org.junit.jupiter.engine.descriptor.ClassBasedTestDescriptor.lambda$invokeBeforeAllMethods$13(ClassBasedTestDescriptor.java:411)\n\tat org.junit.platform.engine.support.hierarchical.ThrowableCollector.execute(ThrowableCollector.java:73)\n\tat org.junit.jupiter.engine.descriptor.ClassBasedTestDescriptor.invokeBeforeAllMethods(ClassBasedTestDescriptor.java:409)\n\tat org.junit.jupiter.engine.descriptor.ClassBasedTestDescriptor.before(ClassBasedTestDescriptor.java:215)\n\tat org.junit.jupiter.engine.descriptor.ClassBasedTestDescriptor.before(ClassBasedTestDescriptor.java:84)\n\tat org.junit.platform.engine.support.hierarchical.NodeTestTask.lambda$executeRecursively$6(NodeTestTask.java:148)\n\tat org.junit.platform.engine.support.hierarchical.ThrowableCollector.execute(ThrowableCollector.java:73)\n\tat org.junit.platform.engine.support.hierarchical.NodeTestTask.lambda$executeRecursively$8(NodeTestTask.java:141)\n\tat org.junit.platform.engine.support.hierarchical.Node.around(Node.java:137)\n\tat org.junit.platform.engine.support.hierarchical.NodeTestTask.lambda$executeRecursively$9(NodeTestTask.java:139)\n\tat org.junit.platform.engine.support.hierarchical.ThrowableCollector.execute(ThrowableCollector.java:73)\n\tat org.junit.platform.engine.support.hierarchical.NodeTestTask.executeRecursively(NodeTestTask.java:138)\n\tat org.junit.platform.engine.support.hierarchical.NodeTestTask.execute(NodeTestTask.java:95)\n\tat java.base/java.util.ArrayList.forEach(ArrayList.java:1541)\n\tat org.junit.platform.engine.support.hierarchical.SameThreadHierarchicalTestExecutorService.invokeAll(SameThreadHierarchicalTestExecutorService.java:41)\n\tat org.junit.platform.engine.support.hierarchical.NodeTestTask.lambda$executeRecursively$6(NodeTestTask.java:155)\n\tat org.junit.platform.engine.support.hierarchical.ThrowableCollector.execute(ThrowableCollector.java:73)\n\tat org.junit.platform.engine.support.hierarchical.NodeTestTask.lambda$executeRecursively$8(NodeTestTask.java:141)\n\tat org.junit.platform.engine.support.hierarchical.Node.around(Node.java:137)\n\tat org.junit.platform.engine.support.hierarchical.NodeTestTask.lambda$executeRecursively$9(NodeTestTask.java:139)\n\tat org.junit.platform.engine.support.hierarchical.ThrowableCollector.execute(ThrowableCollector.java:73)\n\tat org.junit.platform.engine.support.hierarchical.NodeTestTask.executeRecursively(NodeTestTask.java:138)\n\tat org.junit.platform.engine.support.hierarchical.NodeTestTask.execute(NodeTestTask.java:95)\n\tat org.junit.platform.engine.support.hierarchical.SameThreadHierarchicalTestExecutorService.submit(SameThreadHierarchicalTestExecutorService.java:35)\n\tat org.junit.platform.engine.support.hierarchical.HierarchicalTestExecutor.execute(HierarchicalTestExecutor.java:57)\n\tat org.junit.platform.engine.support.hierarchical.HierarchicalTestEngine.execute(HierarchicalTestEngine.java:54)\n\tat org.junit.platform.launcher.core.EngineExecutionOrchestrator.execute(EngineExecutionOrchestrator.java:147)\n\tat org.junit.platform.launcher.core.EngineExecutionOrchestrator.execute(EngineExecutionOrchestrator.java:127)\n\tat org.junit.platform.launcher.core.EngineExecutionOrchestrator.execute(EngineExecutionOrchestrator.java:90)\n\tat org.junit.platform.launcher.core.EngineExecutionOrchestrator.lambda$execute$0(EngineExecutionOrchestrator.java:55)\n\tat org.junit.platform.launcher.core.EngineExecutionOrchestrator.withInterceptedStreams(EngineExecutionOrchestrator.java:102)\n\tat org.junit.platform.launcher.core.EngineExecutionOrchestrator.execute(EngineExecutionOrchestrator.java:54)\n\tat org.junit.platform.launcher.core.DefaultLauncher.execute(DefaultLauncher.java:114)\n\tat org.junit.platform.launcher.core.DefaultLauncher.execute(DefaultLauncher.java:86)\n\tat org.junit.platform.launcher.core.DefaultLauncherSession$DelegatingLauncher.execute(DefaultLauncherSession.java:86)\n\tat org.apache.maven.surefire.junitplatform.LazyLauncher.execute(LazyLauncher.java:56)\n\tat org.apache.maven.surefire.junitplatform.JUnitPlatformProvider.execute(JUnitPlatformProvider.java:184)\n\tat org.apache.maven.surefire.junitplatform.JUnitPlatformProvider.invokeAllTests(JUnitPlatformProvider.java:148)\n\tat org.apache.maven.surefire.junitplatform.JUnitPlatformProvider.invoke(JUnitPlatformProvider.java:122)\n\tat org.apache.maven.surefire.booter.ForkedBooter.runSuitesInProcess(ForkedBooter.java:385)\n\tat org.apache.maven.surefire.booter.ForkedBooter.execute(ForkedBooter.java:162)\n\tat org.apache.maven.surefire.booter.ForkedBooter.run(ForkedBooter.java:507)\n\tat org.apache.maven.surefire.booter.ForkedBooter.main(ForkedBooter.java:495)\nCaused by: org.apache.maven.doxia.macro.MacroExecutionException: Could not find field aliasList in class SuppressWarningsHolder\n\tat com.puppycrawl.tools.checkstyle.site.SiteUtil.getFieldClass(SiteUtil.java:1005)\n\tat com.puppycrawl.tools.checkstyle.site.SiteUtil.getType(SiteUtil.java:763)\n\tat com.puppycrawl.tools.checkstyle.site.PropertiesMacro.writePropertyTypeCell(PropertiesMacro.java:276)\n\tat com.puppycrawl.tools.checkstyle.site.PropertiesMacro.writePropertyRow(PropertiesMacro.java:190)\n\tat com.puppycrawl.tools.checkstyle.site.PropertiesMacro.writeTablePropertiesRows(PropertiesMacro.java:164)\n\tat com.puppycrawl.tools.checkstyle.site.PropertiesMacro.writePropertiesTable(PropertiesMacro.java:109)\n\tat com.puppycrawl.tools.checkstyle.site.PropertiesMacro.execute(PropertiesMacro.java:81)\n\tat org.apache.maven.doxia.parser.AbstractParser.executeMacro(AbstractParser.java:145)\n\tat com.puppycrawl.tools.checkstyle.site.XdocsTemplateParser.processMacroEnd(XdocsTemplateParser.java:187)\n\tat com.puppycrawl.tools.checkstyle.site.XdocsTemplateParser.handleEndTag(XdocsTemplateParser.java:116)\n\tat org.apache.maven.doxia.parser.AbstractXmlParser.parseXml(AbstractXmlParser.java:238)\n\tat org.apache.maven.doxia.parser.AbstractXmlParser.parse(AbstractXmlParser.java:156)\n\t... 67 more\n\"><pre class=\"notranslate\"><code class=\"notranslate\">[ERROR] com.puppycrawl.tools.checkstyle.internal.XdocsPagesTest -- Time elapsed: 0.674 s <<< ERROR!\norg.apache.maven.doxia.parser.ParseException: Macro execution failed: Could not find field aliasList in class SuppressWarningsHolder\n\tat org.apache.maven.doxia.parser.AbstractXmlParser.parse(AbstractXmlParser.java:165)\n\tat org.apache.maven.doxia.parser.XhtmlBaseParser.parse(XhtmlBaseParser.java:92)\n\tat org.apache.maven.doxia.module.xdoc.XdocParser.parse(XdocParser.java:113)\n\tat com.puppycrawl.tools.checkstyle.site.XdocsTemplateParser.parse(XdocsTemplateParser.java:76)\n\tat org.apache.maven.doxia.parser.AbstractParser.parse(AbstractParser.java:207)\n\tat com.puppycrawl.tools.checkstyle.internal.utils.XdocGenerator.generateXdocContent(XdocGenerator.java:66)\n\tat com.puppycrawl.tools.checkstyle.internal.XdocsPagesTest.generateXdocContent(XdocsPagesTest.java:238)\n\tat java.base/jdk.internal.reflect.NativeMethodAccessorImpl.invoke0(Native Method)\n\tat java.base/jdk.internal.reflect.NativeMethodAccessorImpl.invoke(NativeMethodAccessorImpl.java:62)\n\tat java.base/jdk.internal.reflect.DelegatingMethodAccessorImpl.invoke(DelegatingMethodAccessorImpl.java:43)\n\tat java.base/java.lang.reflect.Method.invoke(Method.java:566)\n\tat org.junit.platform.commons.util.ReflectionUtils.invokeMethod(ReflectionUtils.java:727)\n\tat org.junit.jupiter.engine.execution.MethodInvocation.proceed(MethodInvocation.java:60)\n\tat org.junit.jupiter.engine.execution.InvocationInterceptorChain$ValidatingInvocation.proceed(InvocationInterceptorChain.java:131)\n\tat org.junit.jupiter.engine.extension.TimeoutExtension.intercept(TimeoutExtension.java:156)\n\tat org.junit.jupiter.engine.extension.TimeoutExtension.interceptLifecycleMethod(TimeoutExtension.java:128)\n\tat org.junit.jupiter.engine.extension.TimeoutExtension.interceptBeforeAllMethod(TimeoutExtension.java:70)\n\tat org.junit.jupiter.engine.execution.InterceptingExecutableInvoker$ReflectiveInterceptorCall.lambda$ofVoidMethod$0(InterceptingExecutableInvoker.java:103)\n\tat org.junit.jupiter.engine.execution.InterceptingExecutableInvoker.lambda$invoke$0(InterceptingExecutableInvoker.java:93)\n\tat org.junit.jupiter.engine.execution.InvocationInterceptorChain$InterceptedInvocation.proceed(InvocationInterceptorChain.java:106)\n\tat org.junit.jupiter.engine.execution.InvocationInterceptorChain.proceed(InvocationInterceptorChain.java:64)\n\tat org.junit.jupiter.engine.execution.InvocationInterceptorChain.chainAndInvoke(InvocationInterceptorChain.java:45)\n\tat org.junit.jupiter.engine.execution.InvocationInterceptorChain.invoke(InvocationInterceptorChain.java:37)\n\tat org.junit.jupiter.engine.execution.InterceptingExecutableInvoker.invoke(InterceptingExecutableInvoker.java:92)\n\tat org.junit.jupiter.engine.execution.InterceptingExecutableInvoker.invoke(InterceptingExecutableInvoker.java:86)\n\tat org.junit.jupiter.engine.descriptor.ClassBasedTestDescriptor.lambda$invokeBeforeAllMethods$13(ClassBasedTestDescriptor.java:411)\n\tat org.junit.platform.engine.support.hierarchical.ThrowableCollector.execute(ThrowableCollector.java:73)\n\tat org.junit.jupiter.engine.descriptor.ClassBasedTestDescriptor.invokeBeforeAllMethods(ClassBasedTestDescriptor.java:409)\n\tat org.junit.jupiter.engine.descriptor.ClassBasedTestDescriptor.before(ClassBasedTestDescriptor.java:215)\n\tat org.junit.jupiter.engine.descriptor.ClassBasedTestDescriptor.before(ClassBasedTestDescriptor.java:84)\n\tat org.junit.platform.engine.support.hierarchical.NodeTestTask.lambda$executeRecursively$6(NodeTestTask.java:148)\n\tat org.junit.platform.engine.support.hierarchical.ThrowableCollector.execute(ThrowableCollector.java:73)\n\tat org.junit.platform.engine.support.hierarchical.NodeTestTask.lambda$executeRecursively$8(NodeTestTask.java:141)\n\tat org.junit.platform.engine.support.hierarchical.Node.around(Node.java:137)\n\tat org.junit.platform.engine.support.hierarchical.NodeTestTask.lambda$executeRecursively$9(NodeTestTask.java:139)\n\tat org.junit.platform.engine.support.hierarchical.ThrowableCollector.execute(ThrowableCollector.java:73)\n\tat org.junit.platform.engine.support.hierarchical.NodeTestTask.executeRecursively(NodeTestTask.java:138)\n\tat org.junit.platform.engine.support.hierarchical.NodeTestTask.execute(NodeTestTask.java:95)\n\tat java.base/java.util.ArrayList.forEach(ArrayList.java:1541)\n\tat org.junit.platform.engine.support.hierarchical.SameThreadHierarchicalTestExecutorService.invokeAll(SameThreadHierarchicalTestExecutorService.java:41)\n\tat org.junit.platform.engine.support.hierarchical.NodeTestTask.lambda$executeRecursively$6(NodeTestTask.java:155)\n\tat org.junit.platform.engine.support.hierarchical.ThrowableCollector.execute(ThrowableCollector.java:73)\n\tat org.junit.platform.engine.support.hierarchical.NodeTestTask.lambda$executeRecursively$8(NodeTestTask.java:141)\n\tat org.junit.platform.engine.support.hierarchical.Node.around(Node.java:137)\n\tat org.junit.platform.engine.support.hierarchical.NodeTestTask.lambda$executeRecursively$9(NodeTestTask.java:139)\n\tat org.junit.platform.engine.support.hierarchical.ThrowableCollector.execute(ThrowableCollector.java:73)\n\tat org.junit.platform.engine.support.hierarchical.NodeTestTask.executeRecursively(NodeTestTask.java:138)\n\tat org.junit.platform.engine.support.hierarchical.NodeTestTask.execute(NodeTestTask.java:95)\n\tat org.junit.platform.engine.support.hierarchical.SameThreadHierarchicalTestExecutorService.submit(SameThreadHierarchicalTestExecutorService.java:35)\n\tat org.junit.platform.engine.support.hierarchical.HierarchicalTestExecutor.execute(HierarchicalTestExecutor.java:57)\n\tat org.junit.platform.engine.support.hierarchical.HierarchicalTestEngine.execute(HierarchicalTestEngine.java:54)\n\tat org.junit.platform.launcher.core.EngineExecutionOrchestrator.execute(EngineExecutionOrchestrator.java:147)\n\tat org.junit.platform.launcher.core.EngineExecutionOrchestrator.execute(EngineExecutionOrchestrator.java:127)\n\tat org.junit.platform.launcher.core.EngineExecutionOrchestrator.execute(EngineExecutionOrchestrator.java:90)\n\tat org.junit.platform.launcher.core.EngineExecutionOrchestrator.lambda$execute$0(EngineExecutionOrchestrator.java:55)\n\tat org.junit.platform.launcher.core.EngineExecutionOrchestrator.withInterceptedStreams(EngineExecutionOrchestrator.java:102)\n\tat org.junit.platform.launcher.core.EngineExecutionOrchestrator.execute(EngineExecutionOrchestrator.java:54)\n\tat org.junit.platform.launcher.core.DefaultLauncher.execute(DefaultLauncher.java:114)\n\tat org.junit.platform.launcher.core.DefaultLauncher.execute(DefaultLauncher.java:86)\n\tat org.junit.platform.launcher.core.DefaultLauncherSession$DelegatingLauncher.execute(DefaultLauncherSession.java:86)\n\tat org.apache.maven.surefire.junitplatform.LazyLauncher.execute(LazyLauncher.java:56)\n\tat org.apache.maven.surefire.junitplatform.JUnitPlatformProvider.execute(JUnitPlatformProvider.java:184)\n\tat org.apache.maven.surefire.junitplatform.JUnitPlatformProvider.invokeAllTests(JUnitPlatformProvider.java:148)\n\tat org.apache.maven.surefire.junitplatform.JUnitPlatformProvider.invoke(JUnitPlatformProvider.java:122)\n\tat org.apache.maven.surefire.booter.ForkedBooter.runSuitesInProcess(ForkedBooter.java:385)\n\tat org.apache.maven.surefire.booter.ForkedBooter.execute(ForkedBooter.java:162)\n\tat org.apache.maven.surefire.booter.ForkedBooter.run(ForkedBooter.java:507)\n\tat org.apache.maven.surefire.booter.ForkedBooter.main(ForkedBooter.java:495)\nCaused by: org.apache.maven.doxia.macro.MacroExecutionException: Could not find field aliasList in class SuppressWarningsHolder\n\tat com.puppycrawl.tools.checkstyle.site.SiteUtil.getFieldClass(SiteUtil.java:1005)\n\tat com.puppycrawl.tools.checkstyle.site.SiteUtil.getType(SiteUtil.java:763)\n\tat com.puppycrawl.tools.checkstyle.site.PropertiesMacro.writePropertyTypeCell(PropertiesMacro.java:276)\n\tat com.puppycrawl.tools.checkstyle.site.PropertiesMacro.writePropertyRow(PropertiesMacro.java:190)\n\tat com.puppycrawl.tools.checkstyle.site.PropertiesMacro.writeTablePropertiesRows(PropertiesMacro.java:164)\n\tat com.puppycrawl.tools.checkstyle.site.PropertiesMacro.writePropertiesTable(PropertiesMacro.java:109)\n\tat com.puppycrawl.tools.checkstyle.site.PropertiesMacro.execute(PropertiesMacro.java:81)\n\tat org.apache.maven.doxia.parser.AbstractParser.executeMacro(AbstractParser.java:145)\n\tat com.puppycrawl.tools.checkstyle.site.XdocsTemplateParser.processMacroEnd(XdocsTemplateParser.java:187)\n\tat com.puppycrawl.tools.checkstyle.site.XdocsTemplateParser.handleEndTag(XdocsTemplateParser.java:116)\n\tat org.apache.maven.doxia.parser.AbstractXmlParser.parseXml(AbstractXmlParser.java:238)\n\tat org.apache.maven.doxia.parser.AbstractXmlParser.parse(AbstractXmlParser.java:156)\n\t... 67 more\n\n</code></pre></div>",
  "description_text": "there is problem to migrate SuppressWarningsHolder to property macro for aliasList for public void setAliasList(String... aliasList) {\nmigration:\n\n\n\n-  \n\ndiff --git a/src/xdocs/checks/annotation/suppresswarningsholder.xml.template b/src/xdocs/checks/annotation/suppresswarningsholder.xml.template\nindex 8abced6..532bafa 100644\n--- a/src/xdocs/checks/annotation/suppresswarningsholder.xml.template\n+++ b/src/xdocs/checks/annotation/suppresswarningsholder.xml.template\n@@ -26,29 +26,10 @@\n \n       \n\n-          \n-            \n-              name\n-              description\n-              type\n-              default value\n-              since\n-            \n-            \n-              aliasList\n-              \n-                Specify aliases for check names that can be used in code within\n-                SuppressWarnings.\n-              \n-              \n-                String[]\n-                in a format of comma separated attribute=value entries.\n-                The attribute is the fully qualified name of the Check and value is its alias.\n-              \n-              null\n-              5.7\n-            \n-          \n+          \n+            \n+          \n\n\n \n\">diff --git a/config/checkstyle-non-main-files-suppressions.xml b/config/checkstyle-non-main-files-suppressions.xml\nindex c3743fb..c5e0cd8 100644\n--- a/config/checkstyle-non-main-files-suppressions.xml\n+++ b/config/checkstyle-non-main-files-suppressions.xml\n@@ -220,8 +220,6 @@\n             files=\"src[\\\\/]xdocs[\\\\/]checks[\\\\/]annotation[\\\\/]packageannotation.xml.template\"/>\n   \n   \n-  \n   \ndiff --git a/src/xdocs/checks/annotation/suppresswarningsholder.xml.template b/src/xdocs/checks/annotation/suppresswarningsholder.xml.template\nindex 8abced6..532bafa 100644\n--- a/src/xdocs/checks/annotation/suppresswarningsholder.xml.template\n+++ b/src/xdocs/checks/annotation/suppresswarningsholder.xml.template\n@@ -26,29 +26,10 @@\n \n       \n         \n-          \n-            \n-              name\n-              description\n-              type\n-              default value\n-              since\n-            \n-            \n-              aliasList\n-              \n-                Specify aliases for check names that can be used in code within\n-                SuppressWarnings.\n-              \n-              \n-                String[]\n-                in a format of comma separated attribute=value entries.\n-                The attribute is the fully qualified name of the Check and value is its alias.\n-              \n-              null\n-              5.7\n-            \n-          \n+          \n+            \n+          \n         \n       \n \n\n\nfailure:\n[ERROR] com.puppycrawl.tools.checkstyle.internal.XdocsPagesTest -- Time elapsed: 0.674 s <<< ERROR!\norg.apache.maven.doxia.parser.ParseException: Macro execution failed: Could not find field aliasList in class SuppressWarningsHolder\n\tat org.apache.maven.doxia.parser.AbstractXmlParser.parse(AbstractXmlParser.java:165)\n\tat org.apache.maven.doxia.parser.XhtmlBaseParser.parse(XhtmlBaseParser.java:92)\n\tat org.apache.maven.doxia.module.xdoc.XdocParser.parse(XdocParser.java:113)\n\tat com.puppycrawl.tools.checkstyle.site.XdocsTemplateParser.parse(XdocsTemplateParser.java:76)\n\tat org.apache.maven.doxia.parser.AbstractParser.parse(AbstractParser.java:207)\n\tat com.puppycrawl.tools.checkstyle.internal.utils.XdocGenerator.generateXdocContent(XdocGenerator.java:66)\n\tat com.puppycrawl.tools.checkstyle.internal.XdocsPagesTest.generateXdocContent(XdocsPagesTest.java:238)\n\tat java.base/jdk.internal.reflect.NativeMethodAccessorImpl.invoke0(Native Method)\n\tat java.base/jdk.internal.reflect.NativeMethodAccessorImpl.invoke(NativeMethodAccessorImpl.java:62)\n\tat java.base/jdk.internal.reflect.DelegatingMethodAccessorImpl.invoke(DelegatingMethodAccessorImpl.java:43)\n\tat java.base/java.lang.reflect.Method.invoke(Method.java:566)\n\tat org.junit.platform.commons.util.ReflectionUtils.invokeMethod(ReflectionUtils.java:727)\n\tat org.junit.jupiter.engine.execution.MethodInvocation.proceed(MethodInvocation.java:60)\n\tat org.junit.jupiter.engine.execution.InvocationInterceptorChain$ValidatingInvocation.proceed(InvocationInterceptorChain.java:131)\n\tat org.junit.jupiter.engine.extension.TimeoutExtension.intercept(TimeoutExtension.java:156)\n\tat org.junit.jupiter.engine.extension.TimeoutExtension.interceptLifecycleMethod(TimeoutExtension.java:128)\n\tat org.junit.jupiter.engine.extension.TimeoutExtension.interceptBeforeAllMethod(TimeoutExtension.java:70)\n\tat org.junit.jupiter.engine.execution.InterceptingExecutableInvoker$ReflectiveInterceptorCall.lambda$ofVoidMethod$0(InterceptingExecutableInvoker.java:103)\n\tat org.junit.jupiter.engine.execution.InterceptingExecutableInvoker.lambda$invoke$0(InterceptingExecutableInvoker.java:93)\n\tat org.junit.jupiter.engine.execution.InvocationInterceptorChain$InterceptedInvocation.proceed(InvocationInterceptorChain.java:106)\n\tat org.junit.jupiter.engine.execution.InvocationInterceptorChain.proceed(InvocationInterceptorChain.java:64)\n\tat org.junit.jupiter.engine.execution.InvocationInterceptorChain.chainAndInvoke(InvocationInterceptorChain.java:45)\n\tat org.junit.jupiter.engine.execution.InvocationInterceptorChain.invoke(InvocationInterceptorChain.java:37)\n\tat org.junit.jupiter.engine.execution.InterceptingExecutableInvoker.invoke(InterceptingExecutableInvoker.java:92)\n\tat org.junit.jupiter.engine.execution.InterceptingExecutableInvoker.invoke(InterceptingExecutableInvoker.java:86)\n\tat org.junit.jupiter.engine.descriptor.ClassBasedTestDescriptor.lambda$invokeBeforeAllMethods$13(ClassBasedTestDescriptor.java:411)\n\tat org.junit.platform.engine.support.hierarchical.ThrowableCollector.execute(ThrowableCollector.java:73)\n\tat org.junit.jupiter.engine.descriptor.ClassBasedTestDescriptor.invokeBeforeAllMethods(ClassBasedTestDescriptor.java:409)\n\tat org.junit.jupiter.engine.descriptor.ClassBasedTestDescriptor.before(ClassBasedTestDescriptor.java:215)\n\tat org.junit.jupiter.engine.descriptor.ClassBasedTestDescriptor.before(ClassBasedTestDescriptor.java:84)\n\tat org.junit.platform.engine.support.hierarchical.NodeTestTask.lambda$executeRecursively$6(NodeTestTask.java:148)\n\tat org.junit.platform.engine.support.hierarchical.ThrowableCollector.execute(ThrowableCollector.java:73)\n\tat org.junit.platform.engine.support.hierarchical.NodeTestTask.lambda$executeRecursively$8(NodeTestTask.java:141)\n\tat org.junit.platform.engine.support.hierarchical.Node.around(Node.java:137)\n\tat org.junit.platform.engine.support.hierarchical.NodeTestTask.lambda$executeRecursively$9(NodeTestTask.java:139)\n\tat org.junit.platform.engine.support.hierarchical.ThrowableCollector.execute(ThrowableCollector.java:73)\n\tat org.junit.platform.engine.support.hierarchical.NodeTestTask.executeRecursively(NodeTestTask.java:138)\n\tat org.junit.platform.engine.support.hierarchical.NodeTestTask.execute(NodeTestTask.java:95)\n\tat java.base/java.util.ArrayList.forEach(ArrayList.java:1541)\n\tat org.junit.platform.engine.support.hierarchical.SameThreadHierarchicalTestExecutorService.invokeAll(SameThreadHierarchicalTestExecutorService.java:41)\n\tat org.junit.platform.engine.support.hierarchical.NodeTestTask.lambda$executeRecursively$6(NodeTestTask.java:155)\n\tat org.junit.platform.engine.support.hierarchical.ThrowableCollector.execute(ThrowableCollector.java:73)\n\tat org.junit.platform.engine.support.hierarchical.NodeTestTask.lambda$executeRecursively$8(NodeTestTask.java:141)\n\tat org.junit.platform.engine.support.hierarchical.Node.around(Node.java:137)\n\tat org.junit.platform.engine.support.hierarchical.NodeTestTask.lambda$executeRecursively$9(NodeTestTask.java:139)\n\tat org.junit.platform.engine.support.hierarchical.ThrowableCollector.execute(ThrowableCollector.java:73)\n\tat org.junit.platform.engine.support.hierarchical.NodeTestTask.executeRecursively(NodeTestTask.java:138)\n\tat org.junit.platform.engine.support.hierarchical.NodeTestTask.execute(NodeTestTask.java:95)\n\tat org.junit.platform.engine.support.hierarchical.SameThreadHierarchicalTestExecutorService.submit(SameThreadHierarchicalTestExecutorService.java:35)\n\tat org.junit.platform.engine.support.hierarchical.HierarchicalTestExecutor.execute(HierarchicalTestExecutor.java:57)\n\tat org.junit.platform.engine.support.hierarchical.HierarchicalTestEngine.execute(HierarchicalTestEngine.java:54)\n\tat org.junit.platform.launcher.core.EngineExecutionOrchestrator.execute(EngineExecutionOrchestrator.java:147)\n\tat org.junit.platform.launcher.core.EngineExecutionOrchestrator.execute(EngineExecutionOrchestrator.java:127)\n\tat org.junit.platform.launcher.core.EngineExecutionOrchestrator.execute(EngineExecutionOrchestrator.java:90)\n\tat org.junit.platform.launcher.core.EngineExecutionOrchestrator.lambda$execute$0(EngineExecutionOrchestrator.java:55)\n\tat org.junit.platform.launcher.core.EngineExecutionOrchestrator.withInterceptedStreams(EngineExecutionOrchestrator.java:102)\n\tat org.junit.platform.launcher.core.EngineExecutionOrchestrator.execute(EngineExecutionOrchestrator.java:54)\n\tat org.junit.platform.launcher.core.DefaultLauncher.execute(DefaultLauncher.java:114)\n\tat org.junit.platform.launcher.core.DefaultLauncher.execute(DefaultLauncher.java:86)\n\tat org.junit.platform.launcher.core.DefaultLauncherSession$DelegatingLauncher.execute(DefaultLauncherSession.java:86)\n\tat org.apache.maven.surefire.junitplatform.LazyLauncher.execute(LazyLauncher.java:56)\n\tat org.apache.maven.surefire.junitplatform.JUnitPlatformProvider.execute(JUnitPlatformProvider.java:184)\n\tat org.apache.maven.surefire.junitplatform.JUnitPlatformProvider.invokeAllTests(JUnitPlatformProvider.java:148)\n\tat org.apache.maven.surefire.junitplatform.JUnitPlatformProvider.invoke(JUnitPlatformProvider.java:122)\n\tat org.apache.maven.surefire.booter.ForkedBooter.runSuitesInProcess(ForkedBooter.java:385)\n\tat org.apache.maven.surefire.booter.ForkedBooter.execute(ForkedBooter.java:162)\n\tat org.apache.maven.surefire.booter.ForkedBooter.run(ForkedBooter.java:507)\n\tat org.apache.maven.surefire.booter.ForkedBooter.main(ForkedBooter.java:495)\nCaused by: org.apache.maven.doxia.macro.MacroExecutionException: Could not find field aliasList in class SuppressWarningsHolder\n\tat com.puppycrawl.tools.checkstyle.site.SiteUtil.getFieldClass(SiteUtil.java:1005)\n\tat com.puppycrawl.tools.checkstyle.site.SiteUtil.getType(SiteUtil.java:763)\n\tat com.puppycrawl.tools.checkstyle.site.PropertiesMacro.writePropertyTypeCell(PropertiesMacro.java:276)\n\tat com.puppycrawl.tools.checkstyle.site.PropertiesMacro.writePropertyRow(PropertiesMacro.java:190)\n\tat com.puppycrawl.tools.checkstyle.site.PropertiesMacro.writeTablePropertiesRows(PropertiesMacro.java:164)\n\tat com.puppycrawl.tools.checkstyle.site.PropertiesMacro.writePropertiesTable(PropertiesMacro.java:109)\n\tat com.puppycrawl.tools.checkstyle.site.PropertiesMacro.execute(PropertiesMacro.java:81)\n\tat org.apache.maven.doxia.parser.AbstractParser.executeMacro(AbstractParser.java:145)\n\tat com.puppycrawl.tools.checkstyle.site.XdocsTemplateParser.processMacroEnd(XdocsTemplateParser.java:187)\n\tat com.puppycrawl.tools.checkstyle.site.XdocsTemplateParser.handleEndTag(XdocsTemplateParser.java:116)\n\tat org.apache.maven.doxia.parser.AbstractXmlParser.parseXml(AbstractXmlParser.java:238)\n\tat org.apache.maven.doxia.parser.AbstractXmlParser.parse(AbstractXmlParser.java:156)\n\t... 67 more\n\n"
}