{
  "issue_id": 2703,
  "issue_url": "https://github.com/mockito/mockito/issues/2703",
  "title": "Calling `thenCallRealMethod` of mocked static method throws `ClassCastException` on Java 9+",
  "description": "<p dir=\"auto\">Hello,</p>\n<p dir=\"auto\">I encountered <code class=\"notranslate\">ClassCastException</code> when I tried to mock a static method whose params are both primitive and object types and call <code class=\"notranslate\">thenCallRealMethod</code>.<br>\nI tried some Java versions and finally was able to avoid the exception when I switched my env to Java 8.</p>\n<p dir=\"auto\">Error message:</p>\n<div class=\"snippet-clipboard-content notranslate position-relative overflow-auto\" data-snippet-clipboard-copy-content=\"java.lang.ClassCastException: class [C cannot be cast to class java.lang.Number ([C and java.lang.Number are in module java.base of loader 'bootstrap')\n\tat java.base/sun.invoke.util.ValueConversions.primitiveConversion(ValueConversions.java:247)\n\tat java.base/sun.invoke.util.ValueConversions.unboxCharacter(ValueConversions.java:117)\n\tat java.base/java.lang.invoke.MethodHandle.invokeWithArguments(MethodHandle.java:728)\n\tat java.base/java.lang.invoke.MethodHandleImpl$AsVarargsCollector.invokeWithArguments(MethodHandleImpl.java:532)\n\tat org.apache.commons.lang3.RandomStringUtils.random(RandomStringUtils.java:471)\n\tat org.apache.commons.lang3.RandomStringUtils.random(RandomStringUtils.java:455)\n\tat java.base/java.lang.invoke.MethodHandle.invokeWithArguments(MethodHandle.java:728)\n\tat org.apache.commons.lang3.RandomStringUtils.random(RandomStringUtils.java:452)\n\tat io.github.t45k.mockstatic.AppTest.primitiveAndObjectTypeArgsStaticMethodMockingError(AppTest.java:56)\n\tat java.base/jdk.internal.reflect.NativeMethodAccessorImpl.invoke0(Native Method)\n\tat java.base/jdk.internal.reflect.NativeMethodAccessorImpl.invoke(NativeMethodAccessorImpl.java:62)\n\tat java.base/jdk.internal.reflect.DelegatingMethodAccessorImpl.invoke(DelegatingMethodAccessorImpl.java:43)\n\tat java.base/java.lang.reflect.Method.invoke(Method.java:564)\n\tat org.junit.runners.model.FrameworkMethod$1.runReflectiveCall(FrameworkMethod.java:59)\n\tat org.junit.internal.runners.model.ReflectiveCallable.run(ReflectiveCallable.java:12)\n\tat org.junit.runners.model.FrameworkMethod.invokeExplosively(FrameworkMethod.java:56)\n\tat org.junit.internal.runners.statements.InvokeMethod.evaluate(InvokeMethod.java:17)\n\tat org.junit.runners.ParentRunner$3.evaluate(ParentRunner.java:306)\n\tat org.junit.runners.BlockJUnit4ClassRunner$1.evaluate(BlockJUnit4ClassRunner.java:100)\n\tat org.junit.runners.ParentRunner.runLeaf(ParentRunner.java:366)\n\tat org.junit.runners.BlockJUnit4ClassRunner.runChild(BlockJUnit4ClassRunner.java:103)\n\tat org.junit.runners.BlockJUnit4ClassRunner.runChild(BlockJUnit4ClassRunner.java:63)\n\tat org.junit.runners.ParentRunner$4.run(ParentRunner.java:331)\n\tat org.junit.runners.ParentRunner$1.schedule(ParentRunner.java:79)\n\tat org.junit.runners.ParentRunner.runChildren(ParentRunner.java:329)\n\tat org.junit.runners.ParentRunner.access$100(ParentRunner.java:66)\n\tat org.junit.runners.ParentRunner$2.evaluate(ParentRunner.java:293)\n\tat org.junit.runners.ParentRunner$3.evaluate(ParentRunner.java:306)\n\tat org.junit.runners.ParentRunner.run(ParentRunner.java:413)\n\tat org.gradle.api.internal.tasks.testing.junit.JUnitTestClassExecutor.runTestClass(JUnitTestClassExecutor.java:110)\n\tat org.gradle.api.internal.tasks.testing.junit.JUnitTestClassExecutor.execute(JUnitTestClassExecutor.java:58)\n\tat org.gradle.api.internal.tasks.testing.junit.JUnitTestClassExecutor.execute(JUnitTestClassExecutor.java:38)\n\tat org.gradle.api.internal.tasks.testing.junit.AbstractJUnitTestClassProcessor.processTestClass(AbstractJUnitTestClassProcessor.java:62)\n\tat org.gradle.api.internal.tasks.testing.SuiteTestClassProcessor.processTestClass(SuiteTestClassProcessor.java:51)\n\tat java.base/jdk.internal.reflect.NativeMethodAccessorImpl.invoke0(Native Method)\n\tat java.base/jdk.internal.reflect.NativeMethodAccessorImpl.invoke(NativeMethodAccessorImpl.java:62)\n\tat java.base/jdk.internal.reflect.DelegatingMethodAccessorImpl.invoke(DelegatingMethodAccessorImpl.java:43)\n\tat java.base/java.lang.reflect.Method.invoke(Method.java:564)\n\tat org.gradle.internal.dispatch.ReflectionDispatch.dispatch(ReflectionDispatch.java:36)\n\tat org.gradle.internal.dispatch.ReflectionDispatch.dispatch(ReflectionDispatch.java:24)\n\tat org.gradle.internal.dispatch.ContextClassLoaderDispatch.dispatch(ContextClassLoaderDispatch.java:33)\n\tat org.gradle.internal.dispatch.ProxyDispatchAdapter$DispatchingInvocationHandler.invoke(ProxyDispatchAdapter.java:94)\n\tat com.sun.proxy.$Proxy2.processTestClass(Unknown Source)\n\tat org.gradle.api.internal.tasks.testing.worker.TestWorker$2.run(TestWorker.java:176)\n\tat org.gradle.api.internal.tasks.testing.worker.TestWorker.executeAndMaintainThreadName(TestWorker.java:129)\n\tat org.gradle.api.internal.tasks.testing.worker.TestWorker.execute(TestWorker.java:100)\n\tat org.gradle.api.internal.tasks.testing.worker.TestWorker.execute(TestWorker.java:60)\n\tat org.gradle.process.internal.worker.child.ActionExecutionWorker.execute(ActionExecutionWorker.java:56)\n\tat org.gradle.process.internal.worker.child.SystemApplicationClassLoaderWorker.call(SystemApplicationClassLoaderWorker.java:133)\n\tat org.gradle.process.internal.worker.child.SystemApplicationClassLoaderWorker.call(SystemApplicationClassLoaderWorker.java:71)\n\tat worker.org.gradle.process.internal.worker.GradleWorkerMain.run(GradleWorkerMain.java:69)\n\tat worker.org.gradle.process.internal.worker.GradleWorkerMain.main(GradleWorkerMain.java:74)\"><pre class=\"notranslate\"><code class=\"notranslate\">java.lang.ClassCastException: class [C cannot be cast to class java.lang.Number ([C and java.lang.Number are in module java.base of loader 'bootstrap')\n\tat java.base/sun.invoke.util.ValueConversions.primitiveConversion(ValueConversions.java:247)\n\tat java.base/sun.invoke.util.ValueConversions.unboxCharacter(ValueConversions.java:117)\n\tat java.base/java.lang.invoke.MethodHandle.invokeWithArguments(MethodHandle.java:728)\n\tat java.base/java.lang.invoke.MethodHandleImpl$AsVarargsCollector.invokeWithArguments(MethodHandleImpl.java:532)\n\tat org.apache.commons.lang3.RandomStringUtils.random(RandomStringUtils.java:471)\n\tat org.apache.commons.lang3.RandomStringUtils.random(RandomStringUtils.java:455)\n\tat java.base/java.lang.invoke.MethodHandle.invokeWithArguments(MethodHandle.java:728)\n\tat org.apache.commons.lang3.RandomStringUtils.random(RandomStringUtils.java:452)\n\tat io.github.t45k.mockstatic.AppTest.primitiveAndObjectTypeArgsStaticMethodMockingError(AppTest.java:56)\n\tat java.base/jdk.internal.reflect.NativeMethodAccessorImpl.invoke0(Native Method)\n\tat java.base/jdk.internal.reflect.NativeMethodAccessorImpl.invoke(NativeMethodAccessorImpl.java:62)\n\tat java.base/jdk.internal.reflect.DelegatingMethodAccessorImpl.invoke(DelegatingMethodAccessorImpl.java:43)\n\tat java.base/java.lang.reflect.Method.invoke(Method.java:564)\n\tat org.junit.runners.model.FrameworkMethod$1.runReflectiveCall(FrameworkMethod.java:59)\n\tat org.junit.internal.runners.model.ReflectiveCallable.run(ReflectiveCallable.java:12)\n\tat org.junit.runners.model.FrameworkMethod.invokeExplosively(FrameworkMethod.java:56)\n\tat org.junit.internal.runners.statements.InvokeMethod.evaluate(InvokeMethod.java:17)\n\tat org.junit.runners.ParentRunner$3.evaluate(ParentRunner.java:306)\n\tat org.junit.runners.BlockJUnit4ClassRunner$1.evaluate(BlockJUnit4ClassRunner.java:100)\n\tat org.junit.runners.ParentRunner.runLeaf(ParentRunner.java:366)\n\tat org.junit.runners.BlockJUnit4ClassRunner.runChild(BlockJUnit4ClassRunner.java:103)\n\tat org.junit.runners.BlockJUnit4ClassRunner.runChild(BlockJUnit4ClassRunner.java:63)\n\tat org.junit.runners.ParentRunner$4.run(ParentRunner.java:331)\n\tat org.junit.runners.ParentRunner$1.schedule(ParentRunner.java:79)\n\tat org.junit.runners.ParentRunner.runChildren(ParentRunner.java:329)\n\tat org.junit.runners.ParentRunner.access$100(ParentRunner.java:66)\n\tat org.junit.runners.ParentRunner$2.evaluate(ParentRunner.java:293)\n\tat org.junit.runners.ParentRunner$3.evaluate(ParentRunner.java:306)\n\tat org.junit.runners.ParentRunner.run(ParentRunner.java:413)\n\tat org.gradle.api.internal.tasks.testing.junit.JUnitTestClassExecutor.runTestClass(JUnitTestClassExecutor.java:110)\n\tat org.gradle.api.internal.tasks.testing.junit.JUnitTestClassExecutor.execute(JUnitTestClassExecutor.java:58)\n\tat org.gradle.api.internal.tasks.testing.junit.JUnitTestClassExecutor.execute(JUnitTestClassExecutor.java:38)\n\tat org.gradle.api.internal.tasks.testing.junit.AbstractJUnitTestClassProcessor.processTestClass(AbstractJUnitTestClassProcessor.java:62)\n\tat org.gradle.api.internal.tasks.testing.SuiteTestClassProcessor.processTestClass(SuiteTestClassProcessor.java:51)\n\tat java.base/jdk.internal.reflect.NativeMethodAccessorImpl.invoke0(Native Method)\n\tat java.base/jdk.internal.reflect.NativeMethodAccessorImpl.invoke(NativeMethodAccessorImpl.java:62)\n\tat java.base/jdk.internal.reflect.DelegatingMethodAccessorImpl.invoke(DelegatingMethodAccessorImpl.java:43)\n\tat java.base/java.lang.reflect.Method.invoke(Method.java:564)\n\tat org.gradle.internal.dispatch.ReflectionDispatch.dispatch(ReflectionDispatch.java:36)\n\tat org.gradle.internal.dispatch.ReflectionDispatch.dispatch(ReflectionDispatch.java:24)\n\tat org.gradle.internal.dispatch.ContextClassLoaderDispatch.dispatch(ContextClassLoaderDispatch.java:33)\n\tat org.gradle.internal.dispatch.ProxyDispatchAdapter$DispatchingInvocationHandler.invoke(ProxyDispatchAdapter.java:94)\n\tat com.sun.proxy.$Proxy2.processTestClass(Unknown Source)\n\tat org.gradle.api.internal.tasks.testing.worker.TestWorker$2.run(TestWorker.java:176)\n\tat org.gradle.api.internal.tasks.testing.worker.TestWorker.executeAndMaintainThreadName(TestWorker.java:129)\n\tat org.gradle.api.internal.tasks.testing.worker.TestWorker.execute(TestWorker.java:100)\n\tat org.gradle.api.internal.tasks.testing.worker.TestWorker.execute(TestWorker.java:60)\n\tat org.gradle.process.internal.worker.child.ActionExecutionWorker.execute(ActionExecutionWorker.java:56)\n\tat org.gradle.process.internal.worker.child.SystemApplicationClassLoaderWorker.call(SystemApplicationClassLoaderWorker.java:133)\n\tat org.gradle.process.internal.worker.child.SystemApplicationClassLoaderWorker.call(SystemApplicationClassLoaderWorker.java:71)\n\tat worker.org.gradle.process.internal.worker.GradleWorkerMain.run(GradleWorkerMain.java:69)\n\tat worker.org.gradle.process.internal.worker.GradleWorkerMain.main(GradleWorkerMain.java:74)\n</code></pre></div>\n<p dir=\"auto\">I append a toy example for this problem. I hope it will be useful to solve.<br>\n<a href=\"https://github.com/T45K/mockito-java17-mockstatic\">https://github.com/T45K/mockito-java17-mockstatic</a></p>\n<p dir=\"auto\">Environment:</p>\n<div class=\"highlight highlight-source-shell notranslate position-relative overflow-auto\" dir=\"auto\" data-snippet-clipboard-copy-content=\"$ gradle -v\n\n------------------------------------------------------------\nGradle 7.4.2\n------------------------------------------------------------\n\nBuild time:   2022-03-31 15:25:29 UTC\nRevision:     540473b8118064efcc264694cbcaa4b677f61041\n\nKotlin:       1.5.31\nGroovy:       3.0.9\nAnt:          Apache Ant(TM) version 1.10.11 compiled on July 10 2021\nJVM:          18.0.1.1 (Homebrew 18.0.1.1+0)\nOS:           Mac OS X 12.2 x86_64\"><pre class=\"notranslate\">$ gradle -v\n\n------------------------------------------------------------\nGradle 7.4.2\n------------------------------------------------------------\n\nBuild time:   2022-03-31 15:25:29 UTC\nRevision:     540473b8118064efcc264694cbcaa4b677f61041\n\nKotlin:       1.5.31\nGroovy:       3.0.9\nAnt:          Apache Ant(TM) version 1.10.11 compiled on July 10 2021\nJVM:          18.0.1.1 (Homebrew 18.0.1.1+0)\nOS:           Mac OS X 12.2 x86_64</pre></div>\n<p dir=\"auto\">Thank you.</p>",
  "description_text": "Hello,\nI encountered ClassCastException when I tried to mock a static method whose params are both primitive and object types and call thenCallRealMethod.\nI tried some Java versions and finally was able to avoid the exception when I switched my env to Java 8.\nError message:\njava.lang.ClassCastException: class [C cannot be cast to class java.lang.Number ([C and java.lang.Number are in module java.base of loader 'bootstrap')\n\tat java.base/sun.invoke.util.ValueConversions.primitiveConversion(ValueConversions.java:247)\n\tat java.base/sun.invoke.util.ValueConversions.unboxCharacter(ValueConversions.java:117)\n\tat java.base/java.lang.invoke.MethodHandle.invokeWithArguments(MethodHandle.java:728)\n\tat java.base/java.lang.invoke.MethodHandleImpl$AsVarargsCollector.invokeWithArguments(MethodHandleImpl.java:532)\n\tat org.apache.commons.lang3.RandomStringUtils.random(RandomStringUtils.java:471)\n\tat org.apache.commons.lang3.RandomStringUtils.random(RandomStringUtils.java:455)\n\tat java.base/java.lang.invoke.MethodHandle.invokeWithArguments(MethodHandle.java:728)\n\tat org.apache.commons.lang3.RandomStringUtils.random(RandomStringUtils.java:452)\n\tat io.github.t45k.mockstatic.AppTest.primitiveAndObjectTypeArgsStaticMethodMockingError(AppTest.java:56)\n\tat java.base/jdk.internal.reflect.NativeMethodAccessorImpl.invoke0(Native Method)\n\tat java.base/jdk.internal.reflect.NativeMethodAccessorImpl.invoke(NativeMethodAccessorImpl.java:62)\n\tat java.base/jdk.internal.reflect.DelegatingMethodAccessorImpl.invoke(DelegatingMethodAccessorImpl.java:43)\n\tat java.base/java.lang.reflect.Method.invoke(Method.java:564)\n\tat org.junit.runners.model.FrameworkMethod$1.runReflectiveCall(FrameworkMethod.java:59)\n\tat org.junit.internal.runners.model.ReflectiveCallable.run(ReflectiveCallable.java:12)\n\tat org.junit.runners.model.FrameworkMethod.invokeExplosively(FrameworkMethod.java:56)\n\tat org.junit.internal.runners.statements.InvokeMethod.evaluate(InvokeMethod.java:17)\n\tat org.junit.runners.ParentRunner$3.evaluate(ParentRunner.java:306)\n\tat org.junit.runners.BlockJUnit4ClassRunner$1.evaluate(BlockJUnit4ClassRunner.java:100)\n\tat org.junit.runners.ParentRunner.runLeaf(ParentRunner.java:366)\n\tat org.junit.runners.BlockJUnit4ClassRunner.runChild(BlockJUnit4ClassRunner.java:103)\n\tat org.junit.runners.BlockJUnit4ClassRunner.runChild(BlockJUnit4ClassRunner.java:63)\n\tat org.junit.runners.ParentRunner$4.run(ParentRunner.java:331)\n\tat org.junit.runners.ParentRunner$1.schedule(ParentRunner.java:79)\n\tat org.junit.runners.ParentRunner.runChildren(ParentRunner.java:329)\n\tat org.junit.runners.ParentRunner.access$100(ParentRunner.java:66)\n\tat org.junit.runners.ParentRunner$2.evaluate(ParentRunner.java:293)\n\tat org.junit.runners.ParentRunner$3.evaluate(ParentRunner.java:306)\n\tat org.junit.runners.ParentRunner.run(ParentRunner.java:413)\n\tat org.gradle.api.internal.tasks.testing.junit.JUnitTestClassExecutor.runTestClass(JUnitTestClassExecutor.java:110)\n\tat org.gradle.api.internal.tasks.testing.junit.JUnitTestClassExecutor.execute(JUnitTestClassExecutor.java:58)\n\tat org.gradle.api.internal.tasks.testing.junit.JUnitTestClassExecutor.execute(JUnitTestClassExecutor.java:38)\n\tat org.gradle.api.internal.tasks.testing.junit.AbstractJUnitTestClassProcessor.processTestClass(AbstractJUnitTestClassProcessor.java:62)\n\tat org.gradle.api.internal.tasks.testing.SuiteTestClassProcessor.processTestClass(SuiteTestClassProcessor.java:51)\n\tat java.base/jdk.internal.reflect.NativeMethodAccessorImpl.invoke0(Native Method)\n\tat java.base/jdk.internal.reflect.NativeMethodAccessorImpl.invoke(NativeMethodAccessorImpl.java:62)\n\tat java.base/jdk.internal.reflect.DelegatingMethodAccessorImpl.invoke(DelegatingMethodAccessorImpl.java:43)\n\tat java.base/java.lang.reflect.Method.invoke(Method.java:564)\n\tat org.gradle.internal.dispatch.ReflectionDispatch.dispatch(ReflectionDispatch.java:36)\n\tat org.gradle.internal.dispatch.ReflectionDispatch.dispatch(ReflectionDispatch.java:24)\n\tat org.gradle.internal.dispatch.ContextClassLoaderDispatch.dispatch(ContextClassLoaderDispatch.java:33)\n\tat org.gradle.internal.dispatch.ProxyDispatchAdapter$DispatchingInvocationHandler.invoke(ProxyDispatchAdapter.java:94)\n\tat com.sun.proxy.$Proxy2.processTestClass(Unknown Source)\n\tat org.gradle.api.internal.tasks.testing.worker.TestWorker$2.run(TestWorker.java:176)\n\tat org.gradle.api.internal.tasks.testing.worker.TestWorker.executeAndMaintainThreadName(TestWorker.java:129)\n\tat org.gradle.api.internal.tasks.testing.worker.TestWorker.execute(TestWorker.java:100)\n\tat org.gradle.api.internal.tasks.testing.worker.TestWorker.execute(TestWorker.java:60)\n\tat org.gradle.process.internal.worker.child.ActionExecutionWorker.execute(ActionExecutionWorker.java:56)\n\tat org.gradle.process.internal.worker.child.SystemApplicationClassLoaderWorker.call(SystemApplicationClassLoaderWorker.java:133)\n\tat org.gradle.process.internal.worker.child.SystemApplicationClassLoaderWorker.call(SystemApplicationClassLoaderWorker.java:71)\n\tat worker.org.gradle.process.internal.worker.GradleWorkerMain.run(GradleWorkerMain.java:69)\n\tat worker.org.gradle.process.internal.worker.GradleWorkerMain.main(GradleWorkerMain.java:74)\n\nI append a toy example for this problem. I hope it will be useful to solve.\nhttps://github.com/T45K/mockito-java17-mockstatic\nEnvironment:\n$ gradle -v\n\n------------------------------------------------------------\nGradle 7.4.2\n------------------------------------------------------------\n\nBuild time:   2022-03-31 15:25:29 UTC\nRevision:     540473b8118064efcc264694cbcaa4b677f61041\n\nKotlin:       1.5.31\nGroovy:       3.0.9\nAnt:          Apache Ant(TM) version 1.10.11 compiled on July 10 2021\nJVM:          18.0.1.1 (Homebrew 18.0.1.1+0)\nOS:           Mac OS X 12.2 x86_64\nThank you."
}